[Licensing::Module] Trying to connect to existing licensing client channel...
[Licensing::IpcConnector] Successfully connected to the License Client on channel: "LicenseClient-homul" at "2025-09-15T08:46:43.2060052Z"
[Licensing::Client] Error: Code 10 while verifying Licensing Client signature (process Id: 26648, path: "C:/Program Files/Unity Hub/UnityLicensingClient_V1/Unity.Licensing.Client.exe")
[Licensing::Module] Error: LicensingClient has failed validation; ignoring
[Licensing::Client] Handshaking with LicensingClient:
  Version:                 1.17.1+ae67fbc
  Session Id:              e845fb891f3040169969d038b3ff3feb
  Correlation Id:          27ba378d00f61906260636ceec280eb9
  External correlation Id: 3978004419713159011
  Machine Id:              6v8irZboPhn9pIeIA+kbS+sqP0M=
[Licensing::Module] Successfully connected to LicensingClient on channel: "LicenseClient-homul" (connect: 0.00s, validation: 0.03s, handshake: 0.07s)
[Licensing::IpcConnector] Successfully connected to the License Notification on channel: "LicenseClient-homul-notifications" at "2025-09-15T08:46:43.2991335Z"
[Licensing::Module] Error: Access token is unavailable; failed to update
[Licensing::Client] Successfully updated license
Built from '6000.0/staging' branch; Version is '6000.0.42f1 (feb9a7235030) revision 16693671'; Using compiler version '193933523'; Build Type 'Release'
OS: 'Windows 11  (10.0.26100) 64bit Professional' Language: 'ja' Physical Memory: 65279 MB
[Licensing::Client] Successfully resolved entitlement details
[Licensing::Module] Serial number assigned to: "4398760-UnityPersXXXX"
BatchMode: 1, IsHumanControllingUs: 0, StartBugReporterOnCrash: 0, Is64bit: 1, IsPro: 0
[Licensing::Client] Successfully resolved entitlement details

COMMAND LINE ARGUMENTS:
C:\Program Files\Unity\Hub\Editor\6000.0.42f1\Editor\Unity.exe
-projectPath
D:\UnityProjects\URP3D_Base01
-batchmode
-quit
-logFile
D:\UnityProjects\URP3D_Base01\Assets\_Project\Tests\Results\api-fixes-progress-check.txt
Successfully changed project path to: D:\UnityProjects\URP3D_Base01
D:/UnityProjects/URP3D_Base01
[UnityMemory] Configuration Parameters - Can be set up in boot.config
    "memorysetup-bucket-allocator-granularity=16"
    "memorysetup-bucket-allocator-bucket-count=8"
    "memorysetup-bucket-allocator-block-size=33554432"
    "memorysetup-bucket-allocator-block-count=8"
    "memorysetup-main-allocator-block-size=16777216"
    "memorysetup-thread-allocator-block-size=16777216"
    "memorysetup-gfx-main-allocator-block-size=16777216"
    "memorysetup-gfx-thread-allocator-block-size=16777216"
    "memorysetup-cache-allocator-block-size=4194304"
    "memorysetup-typetree-allocator-block-size=2097152"
    "memorysetup-profiler-bucket-allocator-granularity=16"
    "memorysetup-profiler-bucket-allocator-bucket-count=8"
    "memorysetup-profiler-bucket-allocator-block-size=33554432"
    "memorysetup-profiler-bucket-allocator-block-count=8"
    "memorysetup-profiler-allocator-block-size=16777216"
    "memorysetup-profiler-editor-allocator-block-size=1048576"
    "memorysetup-temp-allocator-size-main=16777216"
    "memorysetup-job-temp-allocator-block-size=2097152"
    "memorysetup-job-temp-allocator-block-size-background=1048576"
    "memorysetup-job-temp-allocator-reduction-small-platforms=262144"
    "memorysetup-allocator-temp-initial-block-size-main=262144"
    "memorysetup-allocator-temp-initial-block-size-worker=262144"
    "memorysetup-temp-allocator-size-background-worker=32768"
    "memorysetup-temp-allocator-size-job-worker=262144"
    "memorysetup-temp-allocator-size-preload-manager=33554432"
    "memorysetup-temp-allocator-size-nav-mesh-worker=65536"
    "memorysetup-temp-allocator-size-audio-worker=65536"
    "memorysetup-temp-allocator-size-cloud-worker=32768"
    "memorysetup-temp-allocator-size-gi-baking-worker=262144"
    "memorysetup-temp-allocator-size-gi-baking-worker=262144"
    "memorysetup-temp-allocator-size-gi-baking-worker=262144"
    "memorysetup-temp-allocator-size-gi-baking-worker=262144"
    "memorysetup-temp-allocator-size-gi-baking-worker=262144"
    "memorysetup-temp-allocator-size-gfx=262144"
Player connection [35216]  Target information:

Player connection [35216]  * "[IP] 172.28.160.1 [Port] 55504 [Flags] 2 [Guid] 2934301916 [EditorId] 2934301916 [Version] 1048832 [Id] WindowsEditor(7,Gtune) [Debug] 1 [PackageName] WindowsEditor [ProjectName] Editor" 

Player connection [35216]  * "[IP] 172.17.80.1 [Port] 55504 [Flags] 2 [Guid] 2934301916 [EditorId] 2934301916 [Version] 1048832 [Id] WindowsEditor(7,Gtune) [Debug] 1 [PackageName] WindowsEditor [ProjectName] Editor" 

Player connection [35216]  * "[IP] 172.21.112.1 [Port] 55504 [Flags] 2 [Guid] 2934301916 [EditorId] 2934301916 [Version] 1048832 [Id] WindowsEditor(7,Gtune) [Debug] 1 [PackageName] WindowsEditor [ProjectName] Editor" 

Player connection [35216]  * "[IP] 192.168.11.4 [Port] 55504 [Flags] 2 [Guid] 2934301916 [EditorId] 2934301916 [Version] 1048832 [Id] WindowsEditor(7,Gtune) [Debug] 1 [PackageName] WindowsEditor [ProjectName] Editor" 

Player connection [35216] Host joined multi-casting on [225.0.0.222:54997]...
Player connection [35216] Host joined alternative multi-casting on [225.0.0.222:34997]...
Input System module state changed to: Initialized.
[Physics::Module] Initialized fallback backend.
[Physics::Module] Id: 0xdecafbad
[Package Manager] Connected to IPC stream "Upm-3808" after 0.4 seconds.
Library Redirect Path: Library/
[Package Manager] Restoring resolved packages state from cache
[Licensing::Client] Successfully resolved entitlement details
[Package Manager] Registered 64 packages:
  Packages from [https://packages.unity.com]:
    com.unity.ai.navigation@2.0.9 (location: D:\UnityProjects\URP3D_Base01\Library\PackageCache\com.unity.ai.navigation@5218e4bf7edc)
    com.unity.animation.rigging@1.3.0 (location: D:\UnityProjects\URP3D_Base01\Library\PackageCache\com.unity.animation.rigging@68167b505d2b)
    com.unity.cinemachine@3.1.4 (location: D:\UnityProjects\URP3D_Base01\Library\PackageCache\com.unity.cinemachine@b66fdb7cd1f2)
    com.unity.collab-proxy@2.9.3 (location: D:\UnityProjects\URP3D_Base01\Library\PackageCache\com.unity.collab-proxy@ab839cc7d2ad)
    com.unity.ide.rider@3.0.37 (location: D:\UnityProjects\URP3D_Base01\Library\PackageCache\com.unity.ide.rider@0baf0f91edc0)
    com.unity.ide.visualstudio@2.0.23 (location: D:\UnityProjects\URP3D_Base01\Library\PackageCache\com.unity.ide.visualstudio@198cdf337d13)
    com.unity.inputsystem@1.13.1 (location: D:\UnityProjects\URP3D_Base01\Library\PackageCache\com.unity.inputsystem@e2c83221d2dc)
    com.unity.probuilder@6.0.7 (location: D:\UnityProjects\URP3D_Base01\Library\PackageCache\com.unity.probuilder@9b6693f09f97)
    com.unity.test-framework@1.4.6 (location: D:\UnityProjects\URP3D_Base01\Library\PackageCache\com.unity.test-framework@5ac417e07314)
    com.unity.timeline@1.8.9 (location: D:\UnityProjects\URP3D_Base01\Library\PackageCache\com.unity.timeline@6b9e48457ddb)
    com.unity.visualscripting@1.9.8 (location: D:\UnityProjects\URP3D_Base01\Library\PackageCache\com.unity.visualscripting@b4d700247d4b)
    com.unity.ext.nunit@2.0.5 (location: D:\UnityProjects\URP3D_Base01\Library\PackageCache\com.unity.ext.nunit@60ef35ffd3cd)
    com.unity.settings-manager@2.0.1 (location: D:\UnityProjects\URP3D_Base01\Library\PackageCache\com.unity.settings-manager@56a930affa1e)
    com.unity.splines@2.7.2 (location: D:\UnityProjects\URP3D_Base01\Library\PackageCache\com.unity.splines@d3e1e500c9a0)
    com.unity.burst@1.8.19 (location: D:\UnityProjects\URP3D_Base01\Library\PackageCache\com.unity.burst@7a907cf5a459)
    com.unity.nuget.newtonsoft-json@3.2.1 (location: D:\UnityProjects\URP3D_Base01\Library\PackageCache\com.unity.nuget.newtonsoft-json@74deb55db2a0)
    com.unity.searcher@4.9.3 (location: D:\UnityProjects\URP3D_Base01\Library\PackageCache\com.unity.searcher@1e17ce91558d)
    com.unity.mathematics@1.3.2 (location: D:\UnityProjects\URP3D_Base01\Library\PackageCache\com.unity.mathematics@8017b507cc74)
    com.unity.collections@2.5.1 (location: D:\UnityProjects\URP3D_Base01\Library\PackageCache\com.unity.collections@56bff8827a7e)
    com.unity.nuget.mono-cecil@1.11.4 (location: D:\UnityProjects\URP3D_Base01\Library\PackageCache\com.unity.nuget.mono-cecil@d6f9955a5d5f)
    com.unity.test-framework.performance@3.0.3 (location: D:\UnityProjects\URP3D_Base01\Library\PackageCache\com.unity.test-framework.performance@fb0dc592af8b)
  Built-in packages:
    com.unity.multiplayer.center@1.0.0 (location: D:\UnityProjects\URP3D_Base01\Library\PackageCache\com.unity.multiplayer.center@f3fb577b3546)
    com.unity.render-pipelines.universal@17.0.4 (location: D:\UnityProjects\URP3D_Base01\Library\PackageCache\com.unity.render-pipelines.universal@087c6d6dbb7d)
    com.unity.ugui@2.0.0 (location: D:\UnityProjects\URP3D_Base01\Library\PackageCache\com.unity.ugui@9496653a3df6)
    com.unity.modules.accessibility@1.0.0 (location: C:\Program Files\Unity\Hub\Editor\6000.0.42f1\Editor\Data\Resources\PackageManager\BuiltInPackages\com.unity.modules.accessibility)
    com.unity.modules.ai@1.0.0 (location: C:\Program Files\Unity\Hub\Editor\6000.0.42f1\Editor\Data\Resources\PackageManager\BuiltInPackages\com.unity.modules.ai)
    com.unity.modules.androidjni@1.0.0 (location: C:\Program Files\Unity\Hub\Editor\6000.0.42f1\Editor\Data\Resources\PackageManager\BuiltInPackages\com.unity.modules.androidjni)
    com.unity.modules.animation@1.0.0 (location: C:\Program Files\Unity\Hub\Editor\6000.0.42f1\Editor\Data\Resources\PackageManager\BuiltInPackages\com.unity.modules.animation)
    com.unity.modules.assetbundle@1.0.0 (location: C:\Program Files\Unity\Hub\Editor\6000.0.42f1\Editor\Data\Resources\PackageManager\BuiltInPackages\com.unity.modules.assetbundle)
    com.unity.modules.audio@1.0.0 (location: C:\Program Files\Unity\Hub\Editor\6000.0.42f1\Editor\Data\Resources\PackageManager\BuiltInPackages\com.unity.modules.audio)
    com.unity.modules.cloth@1.0.0 (location: C:\Program Files\Unity\Hub\Editor\6000.0.42f1\Editor\Data\Resources\PackageManager\BuiltInPackages\com.unity.modules.cloth)
    com.unity.modules.director@1.0.0 (location: C:\Program Files\Unity\Hub\Editor\6000.0.42f1\Editor\Data\Resources\PackageManager\BuiltInPackages\com.unity.modules.director)
    com.unity.modules.imageconversion@1.0.0 (location: C:\Program Files\Unity\Hub\Editor\6000.0.42f1\Editor\Data\Resources\PackageManager\BuiltInPackages\com.unity.modules.imageconversion)
    com.unity.modules.imgui@1.0.0 (location: C:\Program Files\Unity\Hub\Editor\6000.0.42f1\Editor\Data\Resources\PackageManager\BuiltInPackages\com.unity.modules.imgui)
    com.unity.modules.jsonserialize@1.0.0 (location: C:\Program Files\Unity\Hub\Editor\6000.0.42f1\Editor\Data\Resources\PackageManager\BuiltInPackages\com.unity.modules.jsonserialize)
    com.unity.modules.particlesystem@1.0.0 (location: C:\Program Files\Unity\Hub\Editor\6000.0.42f1\Editor\Data\Resources\PackageManager\BuiltInPackages\com.unity.modules.particlesystem)
    com.unity.modules.physics@1.0.0 (location: C:\Program Files\Unity\Hub\Editor\6000.0.42f1\Editor\Data\Resources\PackageManager\BuiltInPackages\com.unity.modules.physics)
    com.unity.modules.physics2d@1.0.0 (location: C:\Program Files\Unity\Hub\Editor\6000.0.42f1\Editor\Data\Resources\PackageManager\BuiltInPackages\com.unity.modules.physics2d)
    com.unity.modules.screencapture@1.0.0 (location: C:\Program Files\Unity\Hub\Editor\6000.0.42f1\Editor\Data\Resources\PackageManager\BuiltInPackages\com.unity.modules.screencapture)
    com.unity.modules.terrain@1.0.0 (location: C:\Program Files\Unity\Hub\Editor\6000.0.42f1\Editor\Data\Resources\PackageManager\BuiltInPackages\com.unity.modules.terrain)
    com.unity.modules.terrainphysics@1.0.0 (location: C:\Program Files\Unity\Hub\Editor\6000.0.42f1\Editor\Data\Resources\PackageManager\BuiltInPackages\com.unity.modules.terrainphysics)
    com.unity.modules.tilemap@1.0.0 (location: C:\Program Files\Unity\Hub\Editor\6000.0.42f1\Editor\Data\Resources\PackageManager\BuiltInPackages\com.unity.modules.tilemap)
    com.unity.modules.ui@1.0.0 (location: C:\Program Files\Unity\Hub\Editor\6000.0.42f1\Editor\Data\Resources\PackageManager\BuiltInPackages\com.unity.modules.ui)
    com.unity.modules.uielements@1.0.0 (location: C:\Program Files\Unity\Hub\Editor\6000.0.42f1\Editor\Data\Resources\PackageManager\BuiltInPackages\com.unity.modules.uielements)
    com.unity.modules.umbra@1.0.0 (location: C:\Program Files\Unity\Hub\Editor\6000.0.42f1\Editor\Data\Resources\PackageManager\BuiltInPackages\com.unity.modules.umbra)
    com.unity.modules.unityanalytics@1.0.0 (location: C:\Program Files\Unity\Hub\Editor\6000.0.42f1\Editor\Data\Resources\PackageManager\BuiltInPackages\com.unity.modules.unityanalytics)
    com.unity.modules.unitywebrequest@1.0.0 (location: C:\Program Files\Unity\Hub\Editor\6000.0.42f1\Editor\Data\Resources\PackageManager\BuiltInPackages\com.unity.modules.unitywebrequest)
    com.unity.modules.unitywebrequestassetbundle@1.0.0 (location: C:\Program Files\Unity\Hub\Editor\6000.0.42f1\Editor\Data\Resources\PackageManager\BuiltInPackages\com.unity.modules.unitywebrequestassetbundle)
    com.unity.modules.unitywebrequestaudio@1.0.0 (location: C:\Program Files\Unity\Hub\Editor\6000.0.42f1\Editor\Data\Resources\PackageManager\BuiltInPackages\com.unity.modules.unitywebrequestaudio)
    com.unity.modules.unitywebrequesttexture@1.0.0 (location: C:\Program Files\Unity\Hub\Editor\6000.0.42f1\Editor\Data\Resources\PackageManager\BuiltInPackages\com.unity.modules.unitywebrequesttexture)
    com.unity.modules.unitywebrequestwww@1.0.0 (location: C:\Program Files\Unity\Hub\Editor\6000.0.42f1\Editor\Data\Resources\PackageManager\BuiltInPackages\com.unity.modules.unitywebrequestwww)
    com.unity.modules.vehicles@1.0.0 (location: C:\Program Files\Unity\Hub\Editor\6000.0.42f1\Editor\Data\Resources\PackageManager\BuiltInPackages\com.unity.modules.vehicles)
    com.unity.modules.video@1.0.0 (location: C:\Program Files\Unity\Hub\Editor\6000.0.42f1\Editor\Data\Resources\PackageManager\BuiltInPackages\com.unity.modules.video)
    com.unity.modules.vr@1.0.0 (location: C:\Program Files\Unity\Hub\Editor\6000.0.42f1\Editor\Data\Resources\PackageManager\BuiltInPackages\com.unity.modules.vr)
    com.unity.modules.wind@1.0.0 (location: C:\Program Files\Unity\Hub\Editor\6000.0.42f1\Editor\Data\Resources\PackageManager\BuiltInPackages\com.unity.modules.wind)
    com.unity.modules.xr@1.0.0 (location: C:\Program Files\Unity\Hub\Editor\6000.0.42f1\Editor\Data\Resources\PackageManager\BuiltInPackages\com.unity.modules.xr)
    com.unity.modules.subsystems@1.0.0 (location: C:\Program Files\Unity\Hub\Editor\6000.0.42f1\Editor\Data\Resources\PackageManager\BuiltInPackages\com.unity.modules.subsystems)
    com.unity.modules.hierarchycore@1.0.0 (location: C:\Program Files\Unity\Hub\Editor\6000.0.42f1\Editor\Data\Resources\PackageManager\BuiltInPackages\com.unity.modules.hierarchycore)
    com.unity.render-pipelines.core@17.0.4 (location: D:\UnityProjects\URP3D_Base01\Library\PackageCache\com.unity.render-pipelines.core@1c27dfa04d8a)
    com.unity.shadergraph@17.0.4 (location: D:\UnityProjects\URP3D_Base01\Library\PackageCache\com.unity.shadergraph@608f316e1f48)
    com.unity.render-pipelines.universal-config@17.0.3 (location: D:\UnityProjects\URP3D_Base01\Library\PackageCache\com.unity.render-pipelines.universal-config@fa63c96d3e1a)
    com.unity.rendering.light-transport@1.0.1 (location: D:\UnityProjects\URP3D_Base01\Library\PackageCache\com.unity.rendering.light-transport@307bc27a498f)
  Git packages:
    com.coplaydev.unity-mcp@https://github.com/CoplayDev/unity-mcp.git?path=/UnityMcpBridge (location: D:\UnityProjects\URP3D_Base01\Library\PackageCache\com.coplaydev.unity-mcp@10ba2bf1a874)
    com.cysharp.unitask@https://github.com/Cysharp/UniTask.git?path=src/UniTask/Assets/Plugins/UniTask (location: D:\UnityProjects\URP3D_Base01\Library\PackageCache\com.cysharp.unitask@0dda4ba29591)
[Physics::Module] Selected backend.
[Physics::Module] Name: PhysX
[Physics::Module] Id: 0xf2b8ea05
[Physics::Module] SDK Version: 4.1.2
[Physics::Module] Integration Version: 1.0.0
[Physics::Module] Threading Mode: Multi-Threaded
[Subsystems] No new subsystems found in resolved package list.
Package Manager log level set to [2]
[Package Manager] Done registering packages in 0.19 seconds
Refreshing native plugins compatible for Editor in 1.64 ms, found 3 plugins.
Preloading 0 native plugins for Editor in 0.00 ms.
Initialize engine version: 6000.0.42f1 (feb9a7235030)
[Subsystems] Discovering subsystems at path C:/Program Files/Unity/Hub/Editor/6000.0.42f1/Editor/Data/Resources/UnitySubsystems
[Subsystems] Discovering subsystems at path D:/UnityProjects/URP3D_Base01/Assets
GfxDevice: creating device client; kGfxThreadingModeNonThreaded
Direct3D:
    Version:  Direct3D 11.0 [level 11.1]
    Renderer: NVIDIA GeForce RTX 4060 Laptop GPU (ID=0x28a0)
    Vendor:   NVIDIA
    VRAM:     7957 MB
    Driver:   32.0.15.7283
[Licensing::Client] Successfully resolved entitlement details
Initialize mono
Mono path[0] = 'C:/Program Files/Unity/Hub/Editor/6000.0.42f1/Editor/Data/Managed'
Mono path[1] = 'C:/Program Files/Unity/Hub/Editor/6000.0.42f1/Editor/Data/MonoBleedingEdge/lib/mono/unityjit-win32'
Mono config path = 'C:/Program Files/Unity/Hub/Editor/6000.0.42f1/Editor/Data/MonoBleedingEdge/etc'
Using monoOptions --debugger-agent=transport=dt_socket,embedding=1,server=y,suspend=n,address=127.0.0.1:56808
Using cacheserver namespaces - metadata:defaultmetadata, artifacts:defaultartifacts
Using cacheserver namespaces - metadata:defaultmetadata, artifacts:defaultartifacts
ImportWorker Server TCP listen port: 0
AcceleratorClientConnectionCallback - disconnected - :0
Begin MonoManager ReloadAssembly
Registering precompiled unity dll's ...
Register platform support module: C:/Program Files/Unity/Hub/Editor/6000.0.42f1/Editor/Data/PlaybackEngines/WebGLSupport/UnityEditor.WebGL.Extensions.dll
Register platform support module: C:/Program Files/Unity/Hub/Editor/6000.0.42f1/Editor/Data/PlaybackEngines/WindowsStandaloneSupport/UnityEditor.WindowsStandalone.Extensions.dll
[Licensing::Client] Successfully resolved entitlement details
Register platform support module: C:/Program Files/Unity/Hub/Editor/6000.0.42f1/Editor/Data/PlaybackEngines/AndroidPlayer/UnityEditor.Android.Extensions.dll
[Licensing::Client] Successfully resolved entitlement details
Register platform support module: C:/Program Files/Unity/Hub/Editor/6000.0.42f1/Editor/Data/PlaybackEngines/iOSSupport/UnityEditor.iOS.Extensions.dll
Registered in 0.046271 seconds.
- Loaded All Assemblies, in  0.703 seconds
[usbmuxd] Start listen thread
[usbmuxd] Listen thread started
[usbmuxd] Send listen message
Native extension for iOS target not found
Native extension for Android target not found
Android Extension - Scanning For ADB Devices 1569 ms
Native extension for WindowsStandalone target not found
Native extension for WebGL target not found
Mono: successfully reloaded assembly
- Finished resetting the current domain, in  2.028 seconds
Domain Reload Profiling: 2722ms
	BeginReloadAssembly (227ms)
		ExecutionOrderSort (0ms)
		DisableScriptedObjects (0ms)
		BackupInstance (0ms)
		ReleaseScriptingObjects (0ms)
		CreateAndSetChildDomain (1ms)
	RebuildCommonClasses (48ms)
	RebuildNativeTypeToScriptingClass (13ms)
	initialDomainReloadingComplete (136ms)
	LoadAllAssembliesAndSetupDomain (270ms)
		LoadAssemblies (220ms)
		RebuildTransferFunctionScriptingTraits (0ms)
		AnalyzeDomain (260ms)
			TypeCache.Refresh (258ms)
				TypeCache.ScanAssembly (241ms)
			BuildScriptInfoCaches (0ms)
			ResolveRequiredComponents (1ms)
	FinalizeReload (2029ms)
		ReleaseScriptCaches (0ms)
		RebuildScriptCaches (0ms)
		SetupLoadedEditorAssemblies (1990ms)
			LogAssemblyErrors (0ms)
			InitializePlatformSupportModulesInManaged (1695ms)
			SetLoadedEditorAssemblies (5ms)
			BeforeProcessingInitializeOnLoad (61ms)
			ProcessInitializeOnLoadAttributes (152ms)
			ProcessInitializeOnLoadMethodAttributes (77ms)
			AfterProcessingInitializeOnLoad (0ms)
			EditorAssembliesLoaded (0ms)
		ExecutionOrderSort2 (0ms)
		AwakeInstancesAfterBackupRestoration (0ms)
[Licensing::Client] Successfully resolved entitlement details
Application.AssetDatabase Initial Refresh Start
'Assets/_Project/Tests/Results/api-fixes-progress-check.txt' Amount of processed bytes '20623' does not match file size '19121'
Assembly reference Packages/com.unity.cinemachine/Editor/Samples/ExposeHDRPInternals/HDRP-Editor-ref.asmref has no target assembly definition
Assembly reference Packages/com.unity.cinemachine/Editor/Samples/ExposeHDRPInternals/HDRP-Editor-ref.asmref has no target assembly definition
[ScriptCompilation] Requested script compilation because: Assetdatabase observed changes in script compilation related files
Assembly for Assembly Definition File 'Assets/_Project/Core/Optimization/asterivo.Unity60.Optimization.asmdef' will not be compiled, because it has no scripts associated with it.
UnityEngine.Debug:ExtractStackTraceNoAlloc (byte*,int,string)
UnityEngine.StackTraceUtility:ExtractStackTrace ()
UnityEngine.DebugLogHandler:Internal_Log (UnityEngine.LogType,UnityEngine.LogOption,string,UnityEngine.Object)
UnityEngine.DebugLogHandler:LogFormat (UnityEngine.LogType,UnityEngine.Object,string,object[])
UnityEngine.Logger:LogFormat (UnityEngine.LogType,string,object[])
UnityEngine.Debug:LogWarningFormat (string,object[])
UnityEditor.Scripting.ScriptCompilation.EditorCompilation:WarnIfThereAreAssembliesWithoutAnyScripts (UnityEditor.Scripting.ScriptCompilation.ScriptAssemblySettings,UnityEditor.Scripting.ScriptCompilation.ScriptAssembly[])
UnityEditor.Scripting.ScriptCompilation.EditorCompilation:CompileScriptsWithSettings (UnityEditor.Scripting.ScriptCompilation.ScriptAssemblySettings)
UnityEditor.Scripting.ScriptCompilation.EditorCompilation:CompileScripts (UnityEditor.Scripting.ScriptCompilation.EditorScriptCompilationOptions,UnityEditor.BuildTarget,int,string[])
UnityEditor.Scripting.ScriptCompilation.EditorCompilationInterface/<>c__DisplayClass21_0:<CompileScripts>b__0 ()
UnityEditor.Scripting.ScriptCompilation.EditorCompilationInterface:EmitExceptionAsError<UnityEditor.Scripting.ScriptCompilation.EditorCompilation/CompileStatus> (System.Func`1<UnityEditor.Scripting.ScriptCompilation.EditorCompilation/CompileStatus>,UnityEditor.Scripting.ScriptCompilation.EditorCompilation/CompileStatus)
UnityEditor.Scripting.ScriptCompilation.EditorCompilationInterface:CompileScripts (UnityEditor.Scripting.ScriptCompilation.EditorScriptCompilationOptions,UnityEditor.BuildTarget,int,string[])

info: Microsoft.Hosting.Lifetime[14]
      Now listening on: http://localhost:80
info: Microsoft.Hosting.Lifetime[0]
      Application started. Press Ctrl+C to shut down.
info: Microsoft.Hosting.Lifetime[0]
      Hosting environment: Production
info: Microsoft.Hosting.Lifetime[0]
      Content root path: D:\UnityProjects\URP3D_Base01\
info: Microsoft.AspNetCore.Hosting.Diagnostics[1]
      Request starting HTTP/2 POST http://ilpp/UnityILPP.PostProcessing/Ping application/grpc -
info: Microsoft.AspNetCore.Routing.EndpointMiddleware[0]
      Executing endpoint 'gRPC - /UnityILPP.PostProcessing/Ping'
info: Microsoft.AspNetCore.Routing.EndpointMiddleware[1]
      Executed endpoint 'gRPC - /UnityILPP.PostProcessing/Ping'
info: Microsoft.AspNetCore.Hosting.Diagnostics[2]
      Request finished HTTP/2 POST http://ilpp/UnityILPP.PostProcessing/Ping application/grpc - - 200 - application/grpc 48.3872ms
Starting: C:\Program Files\Unity\Hub\Editor\6000.0.42f1\Editor\Data\bee_backend.exe --dont-print-to-structured-log --ipc --defer-dag-verification --dagfile="Library/Bee/1900b0aE.dag" --continue-on-failure --profile="Library/Bee/backend1.traceevents" ScriptAssemblies
WorkingDir: D:/UnityProjects/URP3D_Base01
info: Microsoft.AspNetCore.Hosting.Diagnostics[1]
      Request starting HTTP/2 POST http://ilpp/UnityILPP.PostProcessing/ConfigurePostProcessors application/grpc -
info: Microsoft.AspNetCore.Routing.EndpointMiddleware[0]
      Executing endpoint 'gRPC - /UnityILPP.PostProcessing/ConfigurePostProcessors'
warn: Unity.ILPP.Runner.PostProcessingAssemblyLoadContext[0]
      Assembly system.runtime.interopservices.windowsruntime has duplicate hint path. Ignoring "C:\Program Files\Unity\Hub\Editor\6000.0.42f1\Editor\Data\UnityReferenceAssemblies\unity-4.8-api\Facades\System.Runtime.InteropServices.WindowsRuntime.dll" in favor of "C:\Program Files\Unity\Hub\Editor\6000.0.42f1\Editor\Data\NetStandard\Extensions\2.0.0\System.Runtime.InteropServices.WindowsRuntime.dll"
warn: Unity.ILPP.Runner.PostProcessingAssemblyLoadContext[0]
      Assembly system.componentmodel.composition has duplicate hint path. Ignoring "C:\Program Files\Unity\Hub\Editor\6000.0.42f1\Editor\Data\UnityReferenceAssemblies\unity-4.8-api\System.ComponentModel.Composition.dll" in favor of "C:\Program Files\Unity\Hub\Editor\6000.0.42f1\Editor\Data\NetStandard\compat\2.1.0\shims\netfx\System.ComponentModel.Composition.dll"
DisplayProgressbar: Compiling Scripts
info: Unity.ILPP.Runner.PostProcessingAssemblyLoadContext[0]
      Resolved Unity.Burst.Cecil, Version=0.11.4.0, Culture=neutral, PublicKeyToken=50cebf1cceb9d05e with Library\PackageCache\com.unity.burst@7a907cf5a459\Unity.Burst.CodeGen\Unity.Burst.Cecil.dll
info: Unity.ILPP.Runner.PostProcessingAssemblyLoadContext[0]
      Resolved Mono.Cecil, Version=0.11.4.0, Culture=neutral, PublicKeyToken=50cebf1cceb9d05e with Library\PackageCache\com.unity.nuget.mono-cecil@d6f9955a5d5f\Mono.Cecil.dll
info: Microsoft.AspNetCore.Routing.EndpointMiddleware[1]
      Executed endpoint 'gRPC - /UnityILPP.PostProcessing/ConfigurePostProcessors'
info: Microsoft.AspNetCore.Hosting.Diagnostics[2]
      Request finished HTTP/2 POST http://ilpp/UnityILPP.PostProcessing/ConfigurePostProcessors application/grpc - - 200 - application/grpc 129.7409ms
ExitCode: 3 Duration: 0s738ms
[1073/1429  0s] ILPP-Configuration Library/ilpp-configuration.nevergeneratedoutput
[1413/1429  0s] Csc Library/Bee/artifacts/1900b0aE.dag/asterivo.Unity60.Features.Templates.Stealth.dll (+2 others)
##### CommandLine
"C:\Program Files\Unity\Hub\Editor\6000.0.42f1\Editor\Data\NetCoreRuntime\dotnet.exe" exec "C:/Program Files/Unity/Hub/Editor/6000.0.42f1/Editor/Data/DotNetSdkRoslyn/csc.dll" /nostdlib /noconfig /shared "@Library/Bee/artifacts/1900b0aE.dag/asterivo.Unity60.Features.Templates.Stealth.rsp" "@Library/Bee/artifacts/1900b0aE.dag/asterivo.Unity60.Features.Templates.Stealth.rsp2"
##### Contents of Library\Bee\artifacts\1900b0aE.dag\asterivo.Unity60.Features.Templates.Stealth.rsp
-target:library
-out:"Library/Bee/artifacts/1900b0aE.dag/asterivo.Unity60.Features.Templates.Stealth.dll"
-refout:"Library/Bee/artifacts/1900b0aE.dag/asterivo.Unity60.Features.Templates.Stealth.ref.dll"
-define:UNITY_6000_0_42
-define:UNITY_6000_0
-define:UNITY_6000
-define:UNITY_5_3_OR_NEWER
-define:UNITY_5_4_OR_NEWER
-define:UNITY_5_5_OR_NEWER
-define:UNITY_5_6_OR_NEWER
-define:UNITY_2017_1_OR_NEWER
-define:UNITY_2017_2_OR_NEWER
-define:UNITY_2017_3_OR_NEWER
-define:UNITY_2017_4_OR_NEWER
-define:UNITY_2018_1_OR_NEWER
-define:UNITY_2018_2_OR_NEWER
-define:UNITY_2018_3_OR_NEWER
-define:UNITY_2018_4_OR_NEWER
-define:UNITY_2019_1_OR_NEWER
-define:UNITY_2019_2_OR_NEWER
-define:UNITY_2019_3_OR_NEWER
-define:UNITY_2019_4_OR_NEWER
-define:UNITY_2020_1_OR_NEWER
-define:UNITY_2020_2_OR_NEWER
-define:UNITY_2020_3_OR_NEWER
-define:UNITY_2021_1_OR_NEWER
-define:UNITY_2021_2_OR_NEWER
-define:UNITY_2021_3_OR_NEWER
-define:UNITY_2022_1_OR_NEWER
-define:UNITY_2022_2_OR_NEWER
-define:UNITY_2022_3_OR_NEWER
-define:UNITY_2023_1_OR_NEWER
-define:UNITY_2023_2_OR_NEWER
-define:UNITY_2023_3_OR_NEWER
-define:UNITY_6000_0_OR_NEWER
-define:PLATFORM_ARCH_64
-define:UNITY_64
-define:UNITY_INCLUDE_TESTS
-define:ENABLE_AR
-define:ENABLE_AUDIO
-define:ENABLE_CACHING
-define:ENABLE_CLOTH
-define:ENABLE_EVENT_QUEUE
-define:ENABLE_MICROPHONE
-define:ENABLE_MULTIPLE_DISPLAYS
-define:ENABLE_PHYSICS
-define:ENABLE_TEXTURE_STREAMING
-define:ENABLE_VIRTUALTEXTURING
-define:ENABLE_LZMA
-define:ENABLE_UNITYEVENTS
-define:ENABLE_VR
-define:ENABLE_WEBCAM
-define:ENABLE_UNITYWEBREQUEST
-define:ENABLE_WWW
-define:ENABLE_CLOUD_SERVICES
-define:ENABLE_CLOUD_SERVICES_ADS
-define:ENABLE_CLOUD_SERVICES_USE_WEBREQUEST
-define:ENABLE_CLOUD_SERVICES_CRASH_REPORTING
-define:ENABLE_CLOUD_SERVICES_PURCHASING
-define:ENABLE_CLOUD_SERVICES_ANALYTICS
-define:ENABLE_CLOUD_SERVICES_BUILD
-define:ENABLE_EDITOR_GAME_SERVICES
-define:ENABLE_UNITY_GAME_SERVICES_ANALYTICS_SUPPORT
-define:ENABLE_CLOUD_LICENSE
-define:ENABLE_EDITOR_HUB_LICENSE
-define:ENABLE_WEBSOCKET_CLIENT
-define:ENABLE_GENERATE_NATIVE_PLUGINS_FOR_ASSEMBLIES_API
-define:ENABLE_DIRECTOR_AUDIO
-define:ENABLE_DIRECTOR_TEXTURE
-define:ENABLE_MANAGED_JOBS
-define:ENABLE_MANAGED_TRANSFORM_JOBS
-define:ENABLE_MANAGED_ANIMATION_JOBS
-define:ENABLE_MANAGED_AUDIO_JOBS
-define:ENABLE_MANAGED_UNITYTLS
-define:INCLUDE_DYNAMIC_GI
-define:ENABLE_SCRIPTING_GC_WBARRIERS
-define:PLATFORM_SUPPORTS_MONO
-define:RENDER_SOFTWARE_CURSOR
-define:ENABLE_MARSHALLING_TESTS
-define:ENABLE_VIDEO
-define:ENABLE_NAVIGATION_OFFMESHLINK_TO_NAVMESHLINK
-define:ENABLE_ACCELERATOR_CLIENT_DEBUGGING
-define:TEXTCORE_1_0_OR_NEWER
-define:EDITOR_ONLY_NAVMESH_BUILDER_DEPRECATED
-define:PLATFORM_STANDALONE_WIN
-define:PLATFORM_STANDALONE
-define:UNITY_STANDALONE_WIN
-define:UNITY_STANDALONE
-define:ENABLE_RUNTIME_GI
-define:ENABLE_MOVIES
-define:ENABLE_NETWORK
-define:ENABLE_NVIDIA
-define:ENABLE_AMD
-define:ENABLE_CRUNCH_TEXTURE_COMPRESSION
-define:ENABLE_OUT_OF_PROCESS_CRASH_HANDLER
-define:ENABLE_CLUSTER_SYNC
-define:ENABLE_CLUSTERINPUT
-define:PLATFORM_UPDATES_TIME_OUTSIDE_OF_PLAYER_LOOP
-define:GFXDEVICE_WAITFOREVENT_MESSAGEPUMP
-define:PLATFORM_USES_EXPLICIT_MEMORY_MANAGER_INITIALIZER
-define:PLATFORM_SUPPORTS_WAIT_FOR_PRESENTATION
-define:PLATFORM_SUPPORTS_SPLIT_GRAPHICS_JOBS
-define:ENABLE_MONO
-define:NET_STANDARD_2_0
-define:NET_STANDARD
-define:NET_STANDARD_2_1
-define:NETSTANDARD
-define:NETSTANDARD2_1
-define:ENABLE_PROFILER
-define:DEBUG
-define:TRACE
-define:UNITY_ASSERTIONS
-define:UNITY_EDITOR
-define:UNITY_EDITOR_64
-define:UNITY_EDITOR_WIN
-define:ENABLE_UNITY_COLLECTIONS_CHECKS
-define:ENABLE_BURST_AOT
-define:UNITY_TEAM_LICENSE
-define:ENABLE_CUSTOM_RENDER_TEXTURE
-define:ENABLE_DIRECTOR
-define:ENABLE_LOCALIZATION
-define:ENABLE_SPRITES
-define:ENABLE_TERRAIN
-define:ENABLE_TILEMAP
-define:ENABLE_TIMELINE
-define:ENABLE_INPUT_SYSTEM
-define:ENABLE_LEGACY_INPUT_MANAGER
-define:TEXTCORE_FONT_ENGINE_1_5_OR_NEWER
-define:TEXTCORE_TEXT_ENGINE_1_5_OR_NEWER
-define:DOTWEEN
-define:ODIN_INSPECTOR
-define:ODIN_INSPECTOR_3
-define:ODIN_INSPECTOR_3_1
-define:ODIN_INSPECTOR_3_2
-define:ODIN_INSPECTOR_3_3
-define:ODIN_VALIDATOR
-define:ODIN_VALIDATOR_3_1
-define:ODIN_VALIDATOR_3_2
-define:ODIN_VALIDATOR_3_3
-define:CSHARP_7_OR_LATER
-define:CSHARP_7_3_OR_NEWER
-r:"Assets/Plugins/Demigiant/DemiLib/Core/DemiLib.dll"
-r:"Assets/Plugins/Demigiant/DemiLib/Core/Editor/DemiEditor.dll"
-r:"Assets/Plugins/Demigiant/DOTween/DOTween.dll"
-r:"Assets/Plugins/Demigiant/DOTween/Editor/DOTweenEditor.dll"
-r:"Assets/Plugins/Demigiant/DOTweenPro/DOTweenPro.dll"
-r:"Assets/Plugins/Demigiant/DOTweenPro/Editor/DOTweenProEditor.dll"
-r:"Assets/Plugins/Sirenix/Assemblies/Sirenix.OdinInspector.Attributes.dll"
-r:"Assets/Plugins/Sirenix/Assemblies/Sirenix.OdinInspector.Editor.dll"
-r:"Assets/Plugins/Sirenix/Assemblies/Sirenix.OdinValidator.Editor.dll"
-r:"Assets/Plugins/Sirenix/Assemblies/Sirenix.Reflection.Editor.dll"
-r:"Assets/Plugins/Sirenix/Assemblies/Sirenix.Serialization.Config.dll"
-r:"Assets/Plugins/Sirenix/Assemblies/Sirenix.Serialization.dll"
-r:"Assets/Plugins/Sirenix/Assemblies/Sirenix.Utilities.dll"
-r:"Assets/Plugins/Sirenix/Assemblies/Sirenix.Utilities.Editor.dll"
-r:"C:/Program Files/Unity/Hub/Editor/6000.0.42f1/Editor/Data/Managed/UnityEditor.Graphs.dll"
-r:"C:/Program Files/Unity/Hub/Editor/6000.0.42f1/Editor/Data/Managed/UnityEngine/UnityEditor.AccessibilityModule.dll"
-r:"C:/Program Files/Unity/Hub/Editor/6000.0.42f1/Editor/Data/Managed/UnityEngine/UnityEditor.AdaptivePerformanceModule.dll"
-r:"C:/Program Files/Unity/Hub/Editor/6000.0.42f1/Editor/Data/Managed/UnityEngine/UnityEditor.BuildProfileModule.dll"
-r:"C:/Program Files/Unity/Hub/Editor/6000.0.42f1/Editor/Data/Managed/UnityEngine/UnityEditor.CoreBusinessMetricsModule.dll"
-r:"C:/Program Files/Unity/Hub/Editor/6000.0.42f1/Editor/Data/Managed/UnityEngine/UnityEditor.CoreModule.dll"
-r:"C:/Program Files/Unity/Hub/Editor/6000.0.42f1/Editor/Data/Managed/UnityEngine/UnityEditor.DeviceSimulatorModule.dll"
-r:"C:/Program Files/Unity/Hub/Editor/6000.0.42f1/Editor/Data/Managed/UnityEngine/UnityEditor.DiagnosticsModule.dll"
-r:"C:/Program Files/Unity/Hub/Editor/6000.0.42f1/Editor/Data/Managed/UnityEngine/UnityEditor.dll"
-r:"C:/Program Files/Unity/Hub/Editor/6000.0.42f1/Editor/Data/Managed/UnityEngine/UnityEditor.EditorToolbarModule.dll"
-r:"C:/Program Files/Unity/Hub/Editor/6000.0.42f1/Editor/Data/Managed/UnityEngine/UnityEditor.EmbreeModule.dll"
-r:"C:/Program Files/Unity/Hub/Editor/6000.0.42f1/Editor/Data/Managed/UnityEngine/UnityEditor.GIModule.dll"
-r:"C:/Program Files/Unity/Hub/Editor/6000.0.42f1/Editor/Data/Managed/UnityEngine/UnityEditor.GraphicsStateCollectionSerializerModule.dll"
-r:"C:/Program Files/Unity/Hub/Editor/6000.0.42f1/Editor/Data/Managed/UnityEngine/UnityEditor.GraphViewModule.dll"
-r:"C:/Program Files/Unity/Hub/Editor/6000.0.42f1/Editor/Data/Managed/UnityEngine/UnityEditor.GridAndSnapModule.dll"
-r:"C:/Program Files/Unity/Hub/Editor/6000.0.42f1/Editor/Data/Managed/UnityEngine/UnityEditor.GridModule.dll"
-r:"C:/Program Files/Unity/Hub/Editor/6000.0.42f1/Editor/Data/Managed/UnityEngine/UnityEditor.MultiplayerModule.dll"
-r:"C:/Program Files/Unity/Hub/Editor/6000.0.42f1/Editor/Data/Managed/UnityEngine/UnityEditor.Physics2DModule.dll"
-r:"C:/Program Files/Unity/Hub/Editor/6000.0.42f1/Editor/Data/Managed/UnityEngine/UnityEditor.PhysicsModule.dll"
-r:"C:/Program Files/Unity/Hub/Editor/6000.0.42f1/Editor/Data/Managed/UnityEngine/UnityEditor.PresetsUIModule.dll"
-r:"C:/Program Files/Unity/Hub/Editor/6000.0.42f1/Editor/Data/Managed/UnityEngine/UnityEditor.PropertiesModule.dll"
-r:"C:/Program Files/Unity/Hub/Editor/6000.0.42f1/Editor/Data/Managed/UnityEngine/UnityEditor.QuickSearchModule.dll"
-r:"C:/Program Files/Unity/Hub/Editor/6000.0.42f1/Editor/Data/Managed/UnityEngine/UnityEditor.SafeModeModule.dll"
-r:"C:/Program Files/Unity/Hub/Editor/6000.0.42f1/Editor/Data/Managed/UnityEngine/UnityEditor.SceneTemplateModule.dll"
-r:"C:/Program Files/Unity/Hub/Editor/6000.0.42f1/Editor/Data/Managed/UnityEngine/UnityEditor.SceneViewModule.dll"
-r:"C:/Program Files/Unity/Hub/Editor/6000.0.42f1/Editor/Data/Managed/UnityEngine/UnityEditor.ShaderFoundryModule.dll"
-r:"C:/Program Files/Unity/Hub/Editor/6000.0.42f1/Editor/Data/Managed/UnityEngine/UnityEditor.SketchUpModule.dll"
-r:"C:/Program Files/Unity/Hub/Editor/6000.0.42f1/Editor/Data/Managed/UnityEngine/UnityEditor.SpriteMaskModule.dll"
-r:"C:/Program Files/Unity/Hub/Editor/6000.0.42f1/Editor/Data/Managed/UnityEngine/UnityEditor.SpriteShapeModule.dll"
-r:"C:/Program Files/Unity/Hub/Editor/6000.0.42f1/Editor/Data/Managed/UnityEngine/UnityEditor.SubstanceModule.dll"
-r:"C:/Program Files/Unity/Hub/Editor/6000.0.42f1/Editor/Data/Managed/UnityEngine/UnityEditor.TerrainModule.dll"
-r:"C:/Program Files/Unity/Hub/Editor/6000.0.42f1/Editor/Data/Managed/UnityEngine/UnityEditor.TextCoreFontEngineModule.dll"
-r:"C:/Program Files/Unity/Hub/Editor/6000.0.42f1/Editor/Data/Managed/UnityEngine/UnityEditor.TextCoreTextEngineModule.dll"
-r:"C:/Program Files/Unity/Hub/Editor/6000.0.42f1/Editor/Data/Managed/UnityEngine/UnityEditor.TextRenderingModule.dll"
-r:"C:/Program Files/Unity/Hub/Editor/6000.0.42f1/Editor/Data/Managed/UnityEngine/UnityEditor.TilemapModule.dll"
-r:"C:/Program Files/Unity/Hub/Editor/6000.0.42f1/Editor/Data/Managed/UnityEngine/UnityEditor.TreeModule.dll"
-r:"C:/Program Files/Unity/Hub/Editor/6000.0.42f1/Editor/Data/Managed/UnityEngine/UnityEditor.UIAutomationModule.dll"
-r:"C:/Program Files/Unity/Hub/Editor/6000.0.42f1/Editor/Data/Managed/UnityEngine/UnityEditor.UIBuilderModule.dll"
-r:"C:/Program Files/Unity/Hub/Editor/6000.0.42f1/Editor/Data/Managed/UnityEngine/UnityEditor.UIElementsModule.dll"
-r:"C:/Program Files/Unity/Hub/Editor/6000.0.42f1/Editor/Data/Managed/UnityEngine/UnityEditor.UIElementsSamplesModule.dll"
-r:"C:/Program Files/Unity/Hub/Editor/6000.0.42f1/Editor/Data/Managed/UnityEngine/UnityEditor.UmbraModule.dll"
-r:"C:/Program Files/Unity/Hub/Editor/6000.0.42f1/Editor/Data/Managed/UnityEngine/UnityEditor.UnityConnectModule.dll"
-r:"C:/Program Files/Unity/Hub/Editor/6000.0.42f1/Editor/Data/Managed/UnityEngine/UnityEditor.VFXModule.dll"
-r:"C:/Program Files/Unity/Hub/Editor/6000.0.42f1/Editor/Data/Managed/UnityEngine/UnityEditor.VideoModule.dll"
-r:"C:/Program Files/Unity/Hub/Editor/6000.0.42f1/Editor/Data/Managed/UnityEngine/UnityEditor.XRModule.dll"
-r:"C:/Program Files/Unity/Hub/Editor/6000.0.42f1/Editor/Data/Managed/UnityEngine/UnityEngine.AccessibilityModule.dll"
-r:"C:/Program Files/Unity/Hub/Editor/6000.0.42f1/Editor/Data/Managed/UnityEngine/UnityEngine.AIModule.dll"
-r:"C:/Program Files/Unity/Hub/Editor/6000.0.42f1/Editor/Data/Managed/UnityEngine/UnityEngine.AndroidJNIModule.dll"
-r:"C:/Program Files/Unity/Hub/Editor/6000.0.42f1/Editor/Data/Managed/UnityEngine/UnityEngine.AnimationModule.dll"
-r:"C:/Program Files/Unity/Hub/Editor/6000.0.42f1/Editor/Data/Managed/UnityEngine/UnityEngine.ARModule.dll"
-r:"C:/Program Files/Unity/Hub/Editor/6000.0.42f1/Editor/Data/Managed/UnityEngine/UnityEngine.AssetBundleModule.dll"
-r:"C:/Program Files/Unity/Hub/Editor/6000.0.42f1/Editor/Data/Managed/UnityEngine/UnityEngine.AudioModule.dll"
-r:"C:/Program Files/Unity/Hub/Editor/6000.0.42f1/Editor/Data/Managed/UnityEngine/UnityEngine.ClothModule.dll"
-r:"C:/Program Files/Unity/Hub/Editor/6000.0.42f1/Editor/Data/Managed/UnityEngine/UnityEngine.ClusterInputModule.dll"
-r:"C:/Program Files/Unity/Hub/Editor/6000.0.42f1/Editor/Data/Managed/UnityEngine/UnityEngine.ClusterRendererModule.dll"
-r:"C:/Program Files/Unity/Hub/Editor/6000.0.42f1/Editor/Data/Managed/UnityEngine/UnityEngine.ContentLoadModule.dll"
-r:"C:/Program Files/Unity/Hub/Editor/6000.0.42f1/Editor/Data/Managed/UnityEngine/UnityEngine.CoreModule.dll"
-r:"C:/Program Files/Unity/Hub/Editor/6000.0.42f1/Editor/Data/Managed/UnityEngine/UnityEngine.CrashReportingModule.dll"
-r:"C:/Program Files/Unity/Hub/Editor/6000.0.42f1/Editor/Data/Managed/UnityEngine/UnityEngine.DirectorModule.dll"
-r:"C:/Program Files/Unity/Hub/Editor/6000.0.42f1/Editor/Data/Managed/UnityEngine/UnityEngine.dll"
-r:"C:/Program Files/Unity/Hub/Editor/6000.0.42f1/Editor/Data/Managed/UnityEngine/UnityEngine.DSPGraphModule.dll"
-r:"C:/Program Files/Unity/Hub/Editor/6000.0.42f1/Editor/Data/Managed/UnityEngine/UnityEngine.GameCenterModule.dll"
-r:"C:/Program Files/Unity/Hub/Editor/6000.0.42f1/Editor/Data/Managed/UnityEngine/UnityEngine.GIModule.dll"
-r:"C:/Program Files/Unity/Hub/Editor/6000.0.42f1/Editor/Data/Managed/UnityEngine/UnityEngine.GraphicsStateCollectionSerializerModule.dll"
-r:"C:/Program Files/Unity/Hub/Editor/6000.0.42f1/Editor/Data/Managed/UnityEngine/UnityEngine.GridModule.dll"
-r:"C:/Program Files/Unity/Hub/Editor/6000.0.42f1/Editor/Data/Managed/UnityEngine/UnityEngine.HierarchyCoreModule.dll"
-r:"C:/Program Files/Unity/Hub/Editor/6000.0.42f1/Editor/Data/Managed/UnityEngine/UnityEngine.HotReloadModule.dll"
-r:"C:/Program Files/Unity/Hub/Editor/6000.0.42f1/Editor/Data/Managed/UnityEngine/UnityEngine.ImageConversionModule.dll"
-r:"C:/Program Files/Unity/Hub/Editor/6000.0.42f1/Editor/Data/Managed/UnityEngine/UnityEngine.IMGUIModule.dll"
-r:"C:/Program Files/Unity/Hub/Editor/6000.0.42f1/Editor/Data/Managed/UnityEngine/UnityEngine.InputForUIModule.dll"
-r:"C:/Program Files/Unity/Hub/Editor/6000.0.42f1/Editor/Data/Managed/UnityEngine/UnityEngine.InputLegacyModule.dll"
-r:"C:/Program Files/Unity/Hub/Editor/6000.0.42f1/Editor/Data/Managed/UnityEngine/UnityEngine.InputModule.dll"
-r:"C:/Program Files/Unity/Hub/Editor/6000.0.42f1/Editor/Data/Managed/UnityEngine/UnityEngine.JSONSerializeModule.dll"
-r:"C:/Program Files/Unity/Hub/Editor/6000.0.42f1/Editor/Data/Managed/UnityEngine/UnityEngine.LocalizationModule.dll"
-r:"C:/Program Files/Unity/Hub/Editor/6000.0.42f1/Editor/Data/Managed/UnityEngine/UnityEngine.MarshallingModule.dll"
-r:"C:/Program Files/Unity/Hub/Editor/6000.0.42f1/Editor/Data/Managed/UnityEngine/UnityEngine.MultiplayerModule.dll"
-r:"C:/Program Files/Unity/Hub/Editor/6000.0.42f1/Editor/Data/Managed/UnityEngine/UnityEngine.ParticleSystemModule.dll"
-r:"C:/Program Files/Unity/Hub/Editor/6000.0.42f1/Editor/Data/Managed/UnityEngine/UnityEngine.PerformanceReportingModule.dll"
-r:"C:/Program Files/Unity/Hub/Editor/6000.0.42f1/Editor/Data/Managed/UnityEngine/UnityEngine.Physics2DModule.dll"
-r:"C:/Program Files/Unity/Hub/Editor/6000.0.42f1/Editor/Data/Managed/UnityEngine/UnityEngine.PhysicsModule.dll"
-r:"C:/Program Files/Unity/Hub/Editor/6000.0.42f1/Editor/Data/Managed/UnityEngine/UnityEngine.PropertiesModule.dll"
-r:"C:/Program Files/Unity/Hub/Editor/6000.0.42f1/Editor/Data/Managed/UnityEngine/UnityEngine.RuntimeInitializeOnLoadManagerInitializerModule.dll"
-r:"C:/Program Files/Unity/Hub/Editor/6000.0.42f1/Editor/Data/Managed/UnityEngine/UnityEngine.ScreenCaptureModule.dll"
-r:"C:/Program Files/Unity/Hub/Editor/6000.0.42f1/Editor/Data/Managed/UnityEngine/UnityEngine.ShaderVariantAnalyticsModule.dll"
-r:"C:/Program Files/Unity/Hub/Editor/6000.0.42f1/Editor/Data/Managed/UnityEngine/UnityEngine.SharedInternalsModule.dll"
-r:"C:/Program Files/Unity/Hub/Editor/6000.0.42f1/Editor/Data/Managed/UnityEngine/UnityEngine.SpriteMaskModule.dll"
-r:"C:/Program Files/Unity/Hub/Editor/6000.0.42f1/Editor/Data/Managed/UnityEngine/UnityEngine.SpriteShapeModule.dll"
-r:"C:/Program Files/Unity/Hub/Editor/6000.0.42f1/Editor/Data/Managed/UnityEngine/UnityEngine.StreamingModule.dll"
-r:"C:/Program Files/Unity/Hub/Editor/6000.0.42f1/Editor/Data/Managed/UnityEngine/UnityEngine.SubstanceModule.dll"
-r:"C:/Program Files/Unity/Hub/Editor/6000.0.42f1/Editor/Data/Managed/UnityEngine/UnityEngine.SubsystemsModule.dll"
-r:"C:/Program Files/Unity/Hub/Editor/6000.0.42f1/Editor/Data/Managed/UnityEngine/UnityEngine.TerrainModule.dll"
-r:"C:/Program Files/Unity/Hub/Editor/6000.0.42f1/Editor/Data/Managed/UnityEngine/UnityEngine.TerrainPhysicsModule.dll"
-r:"C:/Program Files/Unity/Hub/Editor/6000.0.42f1/Editor/Data/Managed/UnityEngine/UnityEngine.TextCoreFontEngineModule.dll"
-r:"C:/Program Files/Unity/Hub/Editor/6000.0.42f1/Editor/Data/Managed/UnityEngine/UnityEngine.TextCoreTextEngineModule.dll"
-r:"C:/Program Files/Unity/Hub/Editor/6000.0.42f1/Editor/Data/Managed/UnityEngine/UnityEngine.TextRenderingModule.dll"
-r:"C:/Program Files/Unity/Hub/Editor/6000.0.42f1/Editor/Data/Managed/UnityEngine/UnityEngine.TilemapModule.dll"
-r:"C:/Program Files/Unity/Hub/Editor/6000.0.42f1/Editor/Data/Managed/UnityEngine/UnityEngine.TLSModule.dll"
-r:"C:/Program Files/Unity/Hub/Editor/6000.0.42f1/Editor/Data/Managed/UnityEngine/UnityEngine.UIElementsModule.dll"
-r:"C:/Program Files/Unity/Hub/Editor/6000.0.42f1/Editor/Data/Managed/UnityEngine/UnityEngine.UIModule.dll"
-r:"C:/Program Files/Unity/Hub/Editor/6000.0.42f1/Editor/Data/Managed/UnityEngine/UnityEngine.UmbraModule.dll"
-r:"C:/Program Files/Unity/Hub/Editor/6000.0.42f1/Editor/Data/Managed/UnityEngine/UnityEngine.UnityAnalyticsCommonModule.dll"
-r:"C:/Program Files/Unity/Hub/Editor/6000.0.42f1/Editor/Data/Managed/UnityEngine/UnityEngine.UnityAnalyticsModule.dll"
-r:"C:/Program Files/Unity/Hub/Editor/6000.0.42f1/Editor/Data/Managed/UnityEngine/UnityEngine.UnityConnectModule.dll"
-r:"C:/Program Files/Unity/Hub/Editor/6000.0.42f1/Editor/Data/Managed/UnityEngine/UnityEngine.UnityCurlModule.dll"
-r:"C:/Program Files/Unity/Hub/Editor/6000.0.42f1/Editor/Data/Managed/UnityEngine/UnityEngine.UnityTestProtocolModule.dll"
-r:"C:/Program Files/Unity/Hub/Editor/6000.0.42f1/Editor/Data/Managed/UnityEngine/UnityEngine.UnityWebRequestAssetBundleModule.dll"
-r:"C:/Program Files/Unity/Hub/Editor/6000.0.42f1/Editor/Data/Managed/UnityEngine/UnityEngine.UnityWebRequestAudioModule.dll"
-r:"C:/Program Files/Unity/Hub/Editor/6000.0.42f1/Editor/Data/Managed/UnityEngine/UnityEngine.UnityWebRequestModule.dll"
-r:"C:/Program Files/Unity/Hub/Editor/6000.0.42f1/Editor/Data/Managed/UnityEngine/UnityEngine.UnityWebRequestTextureModule.dll"
-r:"C:/Program Files/Unity/Hub/Editor/6000.0.42f1/Editor/Data/Managed/UnityEngine/UnityEngine.UnityWebRequestWWWModule.dll"
-r:"C:/Program Files/Unity/Hub/Editor/6000.0.42f1/Editor/Data/Managed/UnityEngine/UnityEngine.VehiclesModule.dll"
-r:"C:/Program Files/Unity/Hub/Editor/6000.0.42f1/Editor/Data/Managed/UnityEngine/UnityEngine.VFXModule.dll"
-r:"C:/Program Files/Unity/Hub/Editor/6000.0.42f1/Editor/Data/Managed/UnityEngine/UnityEngine.VideoModule.dll"
-r:"C:/Program Files/Unity/Hub/Editor/6000.0.42f1/Editor/Data/Managed/UnityEngine/UnityEngine.VirtualTexturingModule.dll"
-r:"C:/Program Files/Unity/Hub/Editor/6000.0.42f1/Editor/Data/Managed/UnityEngine/UnityEngine.VRModule.dll"
-r:"C:/Program Files/Unity/Hub/Editor/6000.0.42f1/Editor/Data/Managed/UnityEngine/UnityEngine.WindModule.dll"
-r:"C:/Program Files/Unity/Hub/Editor/6000.0.42f1/Editor/Data/Managed/UnityEngine/UnityEngine.XRModule.dll"
-r:"C:/Program Files/Unity/Hub/Editor/6000.0.42f1/Editor/Data/NetStandard/compat/2.1.0/shims/netfx/mscorlib.dll"
-r:"C:/Program Files/Unity/Hub/Editor/6000.0.42f1/Editor/Data/NetStandard/compat/2.1.0/shims/netfx/System.ComponentModel.Composition.dll"
-r:"C:/Program Files/Unity/Hub/Editor/6000.0.42f1/Editor/Data/NetStandard/compat/2.1.0/shims/netfx/System.Core.dll"
-r:"C:/Program Files/Unity/Hub/Editor/6000.0.42f1/Editor/Data/NetStandard/compat/2.1.0/shims/netfx/System.Data.dll"
-r:"C:/Program Files/Unity/Hub/Editor/6000.0.42f1/Editor/Data/NetStandard/compat/2.1.0/shims/netfx/System.dll"
-r:"C:/Program Files/Unity/Hub/Editor/6000.0.42f1/Editor/Data/NetStandard/compat/2.1.0/shims/netfx/System.Drawing.dll"
-r:"C:/Program Files/Unity/Hub/Editor/6000.0.42f1/Editor/Data/NetStandard/compat/2.1.0/shims/netfx/System.IO.Compression.FileSystem.dll"
-r:"C:/Program Files/Unity/Hub/Editor/6000.0.42f1/Editor/Data/NetStandard/compat/2.1.0/shims/netfx/System.Net.dll"
-r:"C:/Program Files/Unity/Hub/Editor/6000.0.42f1/Editor/Data/NetStandard/compat/2.1.0/shims/netfx/System.Numerics.dll"
-r:"C:/Program Files/Unity/Hub/Editor/6000.0.42f1/Editor/Data/NetStandard/compat/2.1.0/shims/netfx/System.Runtime.Serialization.dll"
-r:"C:/Program Files/Unity/Hub/Editor/6000.0.42f1/Editor/Data/NetStandard/compat/2.1.0/shims/netfx/System.ServiceModel.Web.dll"
-r:"C:/Program Files/Unity/Hub/Editor/6000.0.42f1/Editor/Data/NetStandard/compat/2.1.0/shims/netfx/System.Transactions.dll"
-r:"C:/Program Files/Unity/Hub/Editor/6000.0.42f1/Editor/Data/NetStandard/compat/2.1.0/shims/netfx/System.Web.dll"
-r:"C:/Program Files/Unity/Hub/Editor/6000.0.42f1/Editor/Data/NetStandard/compat/2.1.0/shims/netfx/System.Windows.dll"
-r:"C:/Program Files/Unity/Hub/Editor/6000.0.42f1/Editor/Data/NetStandard/compat/2.1.0/shims/netfx/System.Xml.dll"
-r:"C:/Program Files/Unity/Hub/Editor/6000.0.42f1/Editor/Data/NetStandard/compat/2.1.0/shims/netfx/System.Xml.Linq.dll"
-r:"C:/Program Files/Unity/Hub/Editor/6000.0.42f1/Editor/Data/NetStandard/compat/2.1.0/shims/netfx/System.Xml.Serialization.dll"
-r:"C:/Program Files/Unity/Hub/Editor/6000.0.42f1/Editor/Data/NetStandard/compat/2.1.0/shims/netstandard/Microsoft.Win32.Primitives.dll"
-r:"C:/Program Files/Unity/Hub/Editor/6000.0.42f1/Editor/Data/NetStandard/compat/2.1.0/shims/netstandard/System.AppContext.dll"
-r:"C:/Program Files/Unity/Hub/Editor/6000.0.42f1/Editor/Data/NetStandard/compat/2.1.0/shims/netstandard/System.Buffers.dll"
-r:"C:/Program Files/Unity/Hub/Editor/6000.0.42f1/Editor/Data/NetStandard/compat/2.1.0/shims/netstandard/System.Collections.Concurrent.dll"
-r:"C:/Program Files/Unity/Hub/Editor/6000.0.42f1/Editor/Data/NetStandard/compat/2.1.0/shims/netstandard/System.Collections.dll"
-r:"C:/Program Files/Unity/Hub/Editor/6000.0.42f1/Editor/Data/NetStandard/compat/2.1.0/shims/netstandard/System.Collections.NonGeneric.dll"
-r:"C:/Program Files/Unity/Hub/Editor/6000.0.42f1/Editor/Data/NetStandard/compat/2.1.0/shims/netstandard/System.Collections.Specialized.dll"
-r:"C:/Program Files/Unity/Hub/Editor/6000.0.42f1/Editor/Data/NetStandard/compat/2.1.0/shims/netstandard/System.ComponentModel.dll"
-r:"C:/Program Files/Unity/Hub/Editor/6000.0.42f1/Editor/Data/NetStandard/compat/2.1.0/shims/netstandard/System.ComponentModel.EventBasedAsync.dll"
-r:"C:/Program Files/Unity/Hub/Editor/6000.0.42f1/Editor/Data/NetStandard/compat/2.1.0/shims/netstandard/System.ComponentModel.Primitives.dll"
-r:"C:/Program Files/Unity/Hub/Editor/6000.0.42f1/Editor/Data/NetStandard/compat/2.1.0/shims/netstandard/System.ComponentModel.TypeConverter.dll"
-r:"C:/Program Files/Unity/Hub/Editor/6000.0.42f1/Editor/Data/NetStandard/compat/2.1.0/shims/netstandard/System.Console.dll"
-r:"C:/Program Files/Unity/Hub/Editor/6000.0.42f1/Editor/Data/NetStandard/compat/2.1.0/shims/netstandard/System.Data.Common.dll"
-r:"C:/Program Files/Unity/Hub/Editor/6000.0.42f1/Editor/Data/NetStandard/compat/2.1.0/shims/netstandard/System.Diagnostics.Contracts.dll"
-r:"C:/Program Files/Unity/Hub/Editor/6000.0.42f1/Editor/Data/NetStandard/compat/2.1.0/shims/netstandard/System.Diagnostics.Debug.dll"
-r:"C:/Program Files/Unity/Hub/Editor/6000.0.42f1/Editor/Data/NetStandard/compat/2.1.0/shims/netstandard/System.Diagnostics.FileVersionInfo.dll"
-r:"C:/Program Files/Unity/Hub/Editor/6000.0.42f1/Editor/Data/NetStandard/compat/2.1.0/shims/netstandard/System.Diagnostics.Process.dll"
-r:"C:/Program Files/Unity/Hub/Editor/6000.0.42f1/Editor/Data/NetStandard/compat/2.1.0/shims/netstandard/System.Diagnostics.StackTrace.dll"
-r:"C:/Program Files/Unity/Hub/Editor/6000.0.42f1/Editor/Data/NetStandard/compat/2.1.0/shims/netstandard/System.Diagnostics.TextWriterTraceListener.dll"
-r:"C:/Program Files/Unity/Hub/Editor/6000.0.42f1/Editor/Data/NetStandard/compat/2.1.0/shims/netstandard/System.Diagnostics.Tools.dll"
-r:"C:/Program Files/Unity/Hub/Editor/6000.0.42f1/Editor/Data/NetStandard/compat/2.1.0/shims/netstandard/System.Diagnostics.TraceSource.dll"
-r:"C:/Program Files/Unity/Hub/Editor/6000.0.42f1/Editor/Data/NetStandard/compat/2.1.0/shims/netstandard/System.Diagnostics.Tracing.dll"
-r:"C:/Program Files/Unity/Hub/Editor/6000.0.42f1/Editor/Data/NetStandard/compat/2.1.0/shims/netstandard/System.Drawing.Primitives.dll"
-r:"C:/Program Files/Unity/Hub/Editor/6000.0.42f1/Editor/Data/NetStandard/compat/2.1.0/shims/netstandard/System.Dynamic.Runtime.dll"
-r:"C:/Program Files/Unity/Hub/Editor/6000.0.42f1/Editor/Data/NetStandard/compat/2.1.0/shims/netstandard/System.Globalization.Calendars.dll"
-r:"C:/Program Files/Unity/Hub/Editor/6000.0.42f1/Editor/Data/NetStandard/compat/2.1.0/shims/netstandard/System.Globalization.dll"
-r:"C:/Program Files/Unity/Hub/Editor/6000.0.42f1/Editor/Data/NetStandard/compat/2.1.0/shims/netstandard/System.Globalization.Extensions.dll"
-r:"C:/Program Files/Unity/Hub/Editor/6000.0.42f1/Editor/Data/NetStandard/compat/2.1.0/shims/netstandard/System.IO.Compression.dll"
-r:"C:/Program Files/Unity/Hub/Editor/6000.0.42f1/Editor/Data/NetStandard/compat/2.1.0/shims/netstandard/System.IO.Compression.ZipFile.dll"
-r:"C:/Program Files/Unity/Hub/Editor/6000.0.42f1/Editor/Data/NetStandard/compat/2.1.0/shims/netstandard/System.IO.dll"
-r:"C:/Program Files/Unity/Hub/Editor/6000.0.42f1/Editor/Data/NetStandard/compat/2.1.0/shims/netstandard/System.IO.FileSystem.dll"
-r:"C:/Program Files/Unity/Hub/Editor/6000.0.42f1/Editor/Data/NetStandard/compat/2.1.0/shims/netstandard/System.IO.FileSystem.DriveInfo.dll"
-r:"C:/Program Files/Unity/Hub/Editor/6000.0.42f1/Editor/Data/NetStandard/compat/2.1.0/shims/netstandard/System.IO.FileSystem.Primitives.dll"
-r:"C:/Program Files/Unity/Hub/Editor/6000.0.42f1/Editor/Data/NetStandard/compat/2.1.0/shims/netstandard/System.IO.FileSystem.Watcher.dll"
-r:"C:/Program Files/Unity/Hub/Editor/6000.0.42f1/Editor/Data/NetStandard/compat/2.1.0/shims/netstandard/System.IO.IsolatedStorage.dll"
-r:"C:/Program Files/Unity/Hub/Editor/6000.0.42f1/Editor/Data/NetStandard/compat/2.1.0/shims/netstandard/System.IO.MemoryMappedFiles.dll"
-r:"C:/Program Files/Unity/Hub/Editor/6000.0.42f1/Editor/Data/NetStandard/compat/2.1.0/shims/netstandard/System.IO.Pipes.dll"
-r:"C:/Program Files/Unity/Hub/Editor/6000.0.42f1/Editor/Data/NetStandard/compat/2.1.0/shims/netstandard/System.IO.UnmanagedMemoryStream.dll"
-r:"C:/Program Files/Unity/Hub/Editor/6000.0.42f1/Editor/Data/NetStandard/compat/2.1.0/shims/netstandard/System.Linq.dll"
-r:"C:/Program Files/Unity/Hub/Editor/6000.0.42f1/Editor/Data/NetStandard/compat/2.1.0/shims/netstandard/System.Linq.Expressions.dll"
-r:"C:/Program Files/Unity/Hub/Editor/6000.0.42f1/Editor/Data/NetStandard/compat/2.1.0/shims/netstandard/System.Linq.Parallel.dll"
-r:"C:/Program Files/Unity/Hub/Editor/6000.0.42f1/Editor/Data/NetStandard/compat/2.1.0/shims/netstandard/System.Linq.Queryable.dll"
-r:"C:/Program Files/Unity/Hub/Editor/6000.0.42f1/Editor/Data/NetStandard/compat/2.1.0/shims/netstandard/System.Memory.dll"
-r:"C:/Program Files/Unity/Hub/Editor/6000.0.42f1/Editor/Data/NetStandard/compat/2.1.0/shims/netstandard/System.Net.Http.dll"
-r:"C:/Program Files/Unity/Hub/Editor/6000.0.42f1/Editor/Data/NetStandard/compat/2.1.0/shims/netstandard/System.Net.NameResolution.dll"
-r:"C:/Program Files/Unity/Hub/Editor/6000.0.42f1/Editor/Data/NetStandard/compat/2.1.0/shims/netstandard/System.Net.NetworkInformation.dll"
-r:"C:/Program Files/Unity/Hub/Editor/6000.0.42f1/Editor/Data/NetStandard/compat/2.1.0/shims/netstandard/System.Net.Ping.dll"
-r:"C:/Program Files/Unity/Hub/Editor/6000.0.42f1/Editor/Data/NetStandard/compat/2.1.0/shims/netstandard/System.Net.Primitives.dll"
-r:"C:/Program Files/Unity/Hub/Editor/6000.0.42f1/Editor/Data/NetStandard/compat/2.1.0/shims/netstandard/System.Net.Requests.dll"
-r:"C:/Program Files/Unity/Hub/Editor/6000.0.42f1/Editor/Data/NetStandard/compat/2.1.0/shims/netstandard/System.Net.Security.dll"
-r:"C:/Program Files/Unity/Hub/Editor/6000.0.42f1/Editor/Data/NetStandard/compat/2.1.0/shims/netstandard/System.Net.Sockets.dll"
-r:"C:/Program Files/Unity/Hub/Editor/6000.0.42f1/Editor/Data/NetStandard/compat/2.1.0/shims/netstandard/System.Net.WebHeaderCollection.dll"
-r:"C:/Program Files/Unity/Hub/Editor/6000.0.42f1/Editor/Data/NetStandard/compat/2.1.0/shims/netstandard/System.Net.WebSockets.Client.dll"
-r:"C:/Program Files/Unity/Hub/Editor/6000.0.42f1/Editor/Data/NetStandard/compat/2.1.0/shims/netstandard/System.Net.WebSockets.dll"
-r:"C:/Program Files/Unity/Hub/Editor/6000.0.42f1/Editor/Data/NetStandard/compat/2.1.0/shims/netstandard/System.Numerics.Vectors.dll"
-r:"C:/Program Files/Unity/Hub/Editor/6000.0.42f1/Editor/Data/NetStandard/compat/2.1.0/shims/netstandard/System.ObjectModel.dll"
-r:"C:/Program Files/Unity/Hub/Editor/6000.0.42f1/Editor/Data/NetStandard/compat/2.1.0/shims/netstandard/System.Reflection.DispatchProxy.dll"
-r:"C:/Program Files/Unity/Hub/Editor/6000.0.42f1/Editor/Data/NetStandard/compat/2.1.0/shims/netstandard/System.Reflection.dll"
-r:"C:/Program Files/Unity/Hub/Editor/6000.0.42f1/Editor/Data/NetStandard/compat/2.1.0/shims/netstandard/System.Reflection.Emit.dll"
-r:"C:/Program Files/Unity/Hub/Editor/6000.0.42f1/Editor/Data/NetStandard/compat/2.1.0/shims/netstandard/System.Reflection.Emit.ILGeneration.dll"
-r:"C:/Program Files/Unity/Hub/Editor/6000.0.42f1/Editor/Data/NetStandard/compat/2.1.0/shims/netstandard/System.Reflection.Emit.Lightweight.dll"
-r:"C:/Program Files/Unity/Hub/Editor/6000.0.42f1/Editor/Data/NetStandard/compat/2.1.0/shims/netstandard/System.Reflection.Extensions.dll"
-r:"C:/Program Files/Unity/Hub/Editor/6000.0.42f1/Editor/Data/NetStandard/compat/2.1.0/shims/netstandard/System.Reflection.Primitives.dll"
-r:"C:/Program Files/Unity/Hub/Editor/6000.0.42f1/Editor/Data/NetStandard/compat/2.1.0/shims/netstandard/System.Resources.Reader.dll"
-r:"C:/Program Files/Unity/Hub/Editor/6000.0.42f1/Editor/Data/NetStandard/compat/2.1.0/shims/netstandard/System.Resources.ResourceManager.dll"
-r:"C:/Program Files/Unity/Hub/Editor/6000.0.42f1/Editor/Data/NetStandard/compat/2.1.0/shims/netstandard/System.Resources.Writer.dll"
-r:"C:/Program Files/Unity/Hub/Editor/6000.0.42f1/Editor/Data/NetStandard/compat/2.1.0/shims/netstandard/System.Runtime.CompilerServices.VisualC.dll"
-r:"C:/Program Files/Unity/Hub/Editor/6000.0.42f1/Editor/Data/NetStandard/compat/2.1.0/shims/netstandard/System.Runtime.dll"
-r:"C:/Program Files/Unity/Hub/Editor/6000.0.42f1/Editor/Data/NetStandard/compat/2.1.0/shims/netstandard/System.Runtime.Extensions.dll"
-r:"C:/Program Files/Unity/Hub/Editor/6000.0.42f1/Editor/Data/NetStandard/compat/2.1.0/shims/netstandard/System.Runtime.Handles.dll"
-r:"C:/Program Files/Unity/Hub/Editor/6000.0.42f1/Editor/Data/NetStandard/compat/2.1.0/shims/netstandard/System.Runtime.InteropServices.dll"
-r:"C:/Program Files/Unity/Hub/Editor/6000.0.42f1/Editor/Data/NetStandard/compat/2.1.0/shims/netstandard/System.Runtime.InteropServices.RuntimeInformation.dll"
-r:"C:/Program Files/Unity/Hub/Editor/6000.0.42f1/Editor/Data/NetStandard/compat/2.1.0/shims/netstandard/System.Runtime.Numerics.dll"
-r:"C:/Program Files/Unity/Hub/Editor/6000.0.42f1/Editor/Data/NetStandard/compat/2.1.0/shims/netstandard/System.Runtime.Serialization.Formatters.dll"
-r:"C:/Program Files/Unity/Hub/Editor/6000.0.42f1/Editor/Data/NetStandard/compat/2.1.0/shims/netstandard/System.Runtime.Serialization.Json.dll"
-r:"C:/Program Files/Unity/Hub/Editor/6000.0.42f1/Editor/Data/NetStandard/compat/2.1.0/shims/netstandard/System.Runtime.Serialization.Primitives.dll"
-r:"C:/Program Files/Unity/Hub/Editor/6000.0.42f1/Editor/Data/NetStandard/compat/2.1.0/shims/netstandard/System.Runtime.Serialization.Xml.dll"
-r:"C:/Program Files/Unity/Hub/Editor/6000.0.42f1/Editor/Data/NetStandard/compat/2.1.0/shims/netstandard/System.Security.Claims.dll"
-r:"C:/Program Files/Unity/Hub/Editor/6000.0.42f1/Editor/Data/NetStandard/compat/2.1.0/shims/netstandard/System.Security.Cryptography.Algorithms.dll"
-r:"C:/Program Files/Unity/Hub/Editor/6000.0.42f1/Editor/Data/NetStandard/compat/2.1.0/shims/netstandard/System.Security.Cryptography.Csp.dll"
-r:"C:/Program Files/Unity/Hub/Editor/6000.0.42f1/Editor/Data/NetStandard/compat/2.1.0/shims/netstandard/System.Security.Cryptography.Encoding.dll"
-r:"C:/Program Files/Unity/Hub/Editor/6000.0.42f1/Editor/Data/NetStandard/compat/2.1.0/shims/netstandard/System.Security.Cryptography.Primitives.dll"
-r:"C:/Program Files/Unity/Hub/Editor/6000.0.42f1/Editor/Data/NetStandard/compat/2.1.0/shims/netstandard/System.Security.Cryptography.X509Certificates.dll"
-r:"C:/Program Files/Unity/Hub/Editor/6000.0.42f1/Editor/Data/NetStandard/compat/2.1.0/shims/netstandard/System.Security.Principal.dll"
-r:"C:/Program Files/Unity/Hub/Editor/6000.0.42f1/Editor/Data/NetStandard/compat/2.1.0/shims/netstandard/System.Security.SecureString.dll"
-r:"C:/Program Files/Unity/Hub/Editor/6000.0.42f1/Editor/Data/NetStandard/compat/2.1.0/shims/netstandard/System.Text.Encoding.dll"
-r:"C:/Program Files/Unity/Hub/Editor/6000.0.42f1/Editor/Data/NetStandard/compat/2.1.0/shims/netstandard/System.Text.Encoding.Extensions.dll"
-r:"C:/Program Files/Unity/Hub/Editor/6000.0.42f1/Editor/Data/NetStandard/compat/2.1.0/shims/netstandard/System.Text.RegularExpressions.dll"
-r:"C:/Program Files/Unity/Hub/Editor/6000.0.42f1/Editor/Data/NetStandard/compat/2.1.0/shims/netstandard/System.Threading.dll"
-r:"C:/Program Files/Unity/Hub/Editor/6000.0.42f1/Editor/Data/NetStandard/compat/2.1.0/shims/netstandard/System.Threading.Overlapped.dll"
-r:"C:/Program Files/Unity/Hub/Editor/6000.0.42f1/Editor/Data/NetStandard/compat/2.1.0/shims/netstandard/System.Threading.Tasks.dll"
-r:"C:/Program Files/Unity/Hub/Editor/6000.0.42f1/Editor/Data/NetStandard/compat/2.1.0/shims/netstandard/System.Threading.Tasks.Extensions.dll"
-r:"C:/Program Files/Unity/Hub/Editor/6000.0.42f1/Editor/Data/NetStandard/compat/2.1.0/shims/netstandard/System.Threading.Tasks.Parallel.dll"
-r:"C:/Program Files/Unity/Hub/Editor/6000.0.42f1/Editor/Data/NetStandard/compat/2.1.0/shims/netstandard/System.Threading.Thread.dll"
-r:"C:/Program Files/Unity/Hub/Editor/6000.0.42f1/Editor/Data/NetStandard/compat/2.1.0/shims/netstandard/System.Threading.ThreadPool.dll"
-r:"C:/Program Files/Unity/Hub/Editor/6000.0.42f1/Editor/Data/NetStandard/compat/2.1.0/shims/netstandard/System.Threading.Timer.dll"
-r:"C:/Program Files/Unity/Hub/Editor/6000.0.42f1/Editor/Data/NetStandard/compat/2.1.0/shims/netstandard/System.ValueTuple.dll"
-r:"C:/Program Files/Unity/Hub/Editor/6000.0.42f1/Editor/Data/NetStandard/compat/2.1.0/shims/netstandard/System.Xml.ReaderWriter.dll"
-r:"C:/Program Files/Unity/Hub/Editor/6000.0.42f1/Editor/Data/NetStandard/compat/2.1.0/shims/netstandard/System.Xml.XDocument.dll"
-r:"C:/Program Files/Unity/Hub/Editor/6000.0.42f1/Editor/Data/NetStandard/compat/2.1.0/shims/netstandard/System.Xml.XmlDocument.dll"
-r:"C:/Program Files/Unity/Hub/Editor/6000.0.42f1/Editor/Data/NetStandard/compat/2.1.0/shims/netstandard/System.Xml.XmlSerializer.dll"
-r:"C:/Program Files/Unity/Hub/Editor/6000.0.42f1/Editor/Data/NetStandard/compat/2.1.0/shims/netstandard/System.Xml.XPath.dll"
-r:"C:/Program Files/Unity/Hub/Editor/6000.0.42f1/Editor/Data/NetStandard/compat/2.1.0/shims/netstandard/System.Xml.XPath.XDocument.dll"
-r:"C:/Program Files/Unity/Hub/Editor/6000.0.42f1/Editor/Data/NetStandard/Extensions/2.0.0/System.Runtime.InteropServices.WindowsRuntime.dll"
-r:"C:/Program Files/Unity/Hub/Editor/6000.0.42f1/Editor/Data/NetStandard/ref/2.1.0/netstandard.dll"
-r:"C:/Program Files/Unity/Hub/Editor/6000.0.42f1/Editor/Data/PlaybackEngines/AndroidPlayer/Unity.Android.Gradle.dll"
-r:"C:/Program Files/Unity/Hub/Editor/6000.0.42f1/Editor/Data/PlaybackEngines/AndroidPlayer/Unity.Android.Types.dll"
-r:"C:/Program Files/Unity/Hub/Editor/6000.0.42f1/Editor/Data/PlaybackEngines/AndroidPlayer/UnityEditor.Android.Extensions.dll"
-r:"C:/Program Files/Unity/Hub/Editor/6000.0.42f1/Editor/Data/PlaybackEngines/iOSSupport/UnityEditor.Apple.Extensions.Common.dll"
-r:"C:/Program Files/Unity/Hub/Editor/6000.0.42f1/Editor/Data/PlaybackEngines/iOSSupport/UnityEditor.iOS.Extensions.Common.dll"
-r:"C:/Program Files/Unity/Hub/Editor/6000.0.42f1/Editor/Data/PlaybackEngines/iOSSupport/UnityEditor.iOS.Extensions.dll"
-r:"C:/Program Files/Unity/Hub/Editor/6000.0.42f1/Editor/Data/PlaybackEngines/iOSSupport/UnityEditor.iOS.Extensions.Xcode.dll"
-r:"C:/Program Files/Unity/Hub/Editor/6000.0.42f1/Editor/Data/PlaybackEngines/WebGLSupport/UnityEditor.WebGL.Extensions.dll"
-r:"C:/Program Files/Unity/Hub/Editor/6000.0.42f1/Editor/Data/PlaybackEngines/WindowsStandaloneSupport/UnityEditor.WindowsStandalone.Extensions.dll"
-r:"Library/PackageCache/com.unity.collab-proxy@ab839cc7d2ad/Lib/Editor/log4netPlastic.dll"
-r:"Library/PackageCache/com.unity.collab-proxy@ab839cc7d2ad/Lib/Editor/Unity.Plastic.Antlr3.Runtime.dll"
-r:"Library/PackageCache/com.unity.collab-proxy@ab839cc7d2ad/Lib/Editor/Unity.Plastic.Newtonsoft.Json.dll"
-r:"Library/PackageCache/com.unity.collab-proxy@ab839cc7d2ad/Lib/Editor/unityplastic.dll"
-r:"Library/PackageCache/com.unity.collections@56bff8827a7e/Unity.Collections.LowLevel.ILSupport/Unity.Collections.LowLevel.ILSupport.dll"
-r:"Library/PackageCache/com.unity.ext.nunit@60ef35ffd3cd/net40/unity-custom/nunit.framework.dll"
-r:"Library/PackageCache/com.unity.nuget.mono-cecil@d6f9955a5d5f/Mono.Cecil.dll"
-r:"Library/PackageCache/com.unity.nuget.newtonsoft-json@74deb55db2a0/Runtime/Newtonsoft.Json.dll"
-r:"Library/PackageCache/com.unity.visualscripting@b4d700247d4b/Editor/VisualScripting.Core/Dependencies/DotNetZip/Unity.VisualScripting.IonicZip.dll"
-r:"Library/PackageCache/com.unity.visualscripting@b4d700247d4b/Editor/VisualScripting.Core/Dependencies/YamlDotNet/Unity.VisualScripting.YamlDotNet.dll"
-r:"Library/PackageCache/com.unity.visualscripting@b4d700247d4b/Editor/VisualScripting.Core/EditorAssetResources/Unity.VisualScripting.TextureAssets.dll"
-r:"Library/PackageCache/com.unity.visualscripting@b4d700247d4b/Runtime/VisualScripting.Flow/Dependencies/NCalc/Unity.VisualScripting.Antlr3.Runtime.dll"
-r:"Library/Bee/artifacts/1900b0aE.dag/asterivo.Unity60.AI.ref.dll"
-r:"Library/Bee/artifacts/1900b0aE.dag/asterivo.Unity60.Camera.ref.dll"
-r:"Library/Bee/artifacts/1900b0aE.dag/asterivo.Unity60.Core.Audio.ref.dll"
-r:"Library/Bee/artifacts/1900b0aE.dag/asterivo.Unity60.Core.Commands.ref.dll"
-r:"Library/Bee/artifacts/1900b0aE.dag/asterivo.Unity60.Core.Components.ref.dll"
-r:"Library/Bee/artifacts/1900b0aE.dag/asterivo.Unity60.Core.Debug.ref.dll"
-r:"Library/Bee/artifacts/1900b0aE.dag/asterivo.Unity60.Core.Events.ref.dll"
-r:"Library/Bee/artifacts/1900b0aE.dag/asterivo.Unity60.Core.ref.dll"
-r:"Library/Bee/artifacts/1900b0aE.dag/asterivo.Unity60.Core.Services.ref.dll"
-r:"Library/Bee/artifacts/1900b0aE.dag/asterivo.Unity60.Core.Shared.ref.dll"
-r:"Library/Bee/artifacts/1900b0aE.dag/asterivo.Unity60.Features.AI.Visual.ref.dll"
-r:"Library/Bee/artifacts/1900b0aE.dag/asterivo.Unity60.Features.ref.dll"
-r:"Library/Bee/artifacts/1900b0aE.dag/asterivo.Unity60.Features.Templates.Common.ref.dll"
-r:"Library/Bee/artifacts/1900b0aE.dag/asterivo.Unity60.Player.ref.dll"
-r:"Library/Bee/artifacts/1900b0aE.dag/asterivo.Unity60.Stealth.ref.dll"
-r:"Library/Bee/artifacts/1900b0aE.dag/Unity.Cinemachine.ref.dll"
-r:"Library/Bee/artifacts/1900b0aE.dag/Unity.Collections.ref.dll"
-r:"Library/Bee/artifacts/1900b0aE.dag/Unity.InputSystem.ref.dll"
-r:"Library/Bee/artifacts/1900b0aE.dag/Unity.Mathematics.ref.dll"
-r:"Library/Bee/artifacts/1900b0aE.dag/Unity.TextMeshPro.ref.dll"
-r:"Library/Bee/artifacts/1900b0aE.dag/UnityEditor.UI.ref.dll"
-r:"Library/Bee/artifacts/1900b0aE.dag/UnityEngine.UI.ref.dll"
-analyzer:"C:/Program Files/Unity/Hub/Editor/6000.0.42f1/Editor/Data/Tools/Unity.SourceGenerators/Unity.Properties.SourceGenerator.dll"
-analyzer:"C:/Program Files/Unity/Hub/Editor/6000.0.42f1/Editor/Data/Tools/Unity.SourceGenerators/Unity.SourceGenerators.dll"
-analyzer:"C:/Program Files/Unity/Hub/Editor/6000.0.42f1/Editor/Data/Tools/Unity.SourceGenerators/Unity.UIToolkit.SourceGenerator.dll"
"Assets/_Project/Features/Templates/Stealth/Scripts/Camera/StealthCameraController.cs"
"Assets/_Project/Features/Templates/Stealth/Scripts/Configuration/StealthAIConfig.cs"
"Assets/_Project/Features/Templates/Stealth/Scripts/Configuration/StealthAudioConfig.cs"
"Assets/_Project/Features/Templates/Stealth/Scripts/Configuration/StealthEnvironmentConfig.cs"
"Assets/_Project/Features/Templates/Stealth/Scripts/Configuration/StealthMechanicsConfig.cs"
"Assets/_Project/Features/Templates/Stealth/Scripts/Configuration/StealthTutorialConfig.cs"
"Assets/_Project/Features/Templates/Stealth/Scripts/Configuration/StealthUIConfig.cs"
"Assets/_Project/Features/Templates/Stealth/Scripts/Events/StealthEventChannels.cs"
"Assets/_Project/Features/Templates/Stealth/Scripts/Events/StealthEventData.cs"
"Assets/_Project/Features/Templates/Stealth/Scripts/Events/StealthGameEvents.cs"
"Assets/_Project/Features/Templates/Stealth/Scripts/Gameplay/StealthGameplayManager.cs"
"Assets/_Project/Features/Templates/Stealth/Scripts/Interaction/EnvironmentalInteraction.cs"
"Assets/_Project/Features/Templates/Stealth/Scripts/Mechanics/StealthMechanics.cs"
"Assets/_Project/Features/Templates/Stealth/Scripts/Settings/StealthAISettings.cs"
"Assets/_Project/Features/Templates/Stealth/Scripts/Settings/StealthAudioSettings.cs"
"Assets/_Project/Features/Templates/Stealth/Scripts/Settings/StealthCameraSettings.cs"
"Assets/_Project/Features/Templates/Stealth/Scripts/Settings/StealthLearningSettings.cs"
"Assets/_Project/Features/Templates/Stealth/Scripts/Settings/StealthMissionSettings.cs"
"Assets/_Project/Features/Templates/Stealth/Scripts/Settings/StealthPlayerSettings.cs"
"Assets/_Project/Features/Templates/Stealth/Scripts/StealthTemplateConfiguration.cs"
"Assets/_Project/Features/Templates/Stealth/Scripts/StealthTemplateManager.cs"
"Assets/_Project/Features/Templates/Stealth/Scripts/StealthTemplateValidator.cs"
"Assets/_Project/Features/Templates/Stealth/Scripts/UI/StealthUIManager.cs"
-langversion:9.0
/deterministic
/optimize+
/debug:portable
/nologo
/RuntimeMetadataVersion:v4.0.30319
/nowarn:0169
/nowarn:0649
/nowarn:0282
/nowarn:1701
/nowarn:1702
/utf8output
/preferreduilang:en-US
/additionalfile:"Library/Bee/artifacts/1900b0aE.dag/asterivo.Unity60.Features.Templates.Stealth.UnityAdditionalFile.txt"
##### Custom Environment Variables
DOTNET_MULTILEVEL_LOOKUP=0
##### ExitCode
1
##### Output
Assets\_Project\Features\Templates\Stealth\Scripts\Mechanics\StealthMechanics.cs(30,32): warning CS0618: 'Object.FindObjectOfType<T>()' is obsolete: 'Object.FindObjectOfType has been deprecated. Use Object.FindFirstObjectByType instead or if finding any instance is acceptable the faster Object.FindAnyObjectByType'

Assets\_Project\Features\Templates\Stealth\Scripts\Events\StealthGameEvents.cs(228,17): error CS0103: The name 'LogDebug' does not exist in the current context

Assets\_Project\Features\Templates\Stealth\Scripts\Events\StealthGameEvents.cs(235,17): error CS0103: The name 'LogDebug' does not exist in the current context

Assets\_Project\Features\Templates\Stealth\Scripts\Events\StealthGameEvents.cs(242,17): error CS0103: The name 'LogDebug' does not exist in the current context

Assets\_Project\Features\Templates\Stealth\Scripts\Settings\StealthCameraSettings.cs(318,45): error CS0117: 'AnimationCurve' does not contain a definition for 'EaseIn'

Assets\_Project\Features\Templates\Stealth\Scripts\StealthTemplateManager.cs(40,33): warning CS0618: 'Object.FindObjectOfType<T>()' is obsolete: 'Object.FindObjectOfType has been deprecated. Use Object.FindFirstObjectByType instead or if finding any instance is acceptable the faster Object.FindAnyObjectByType'

Assets\_Project\Features\Templates\Stealth\Scripts\Configuration\StealthAudioConfig.cs(286,31): warning CS0618: 'Object.FindObjectOfType(Type)' is obsolete: 'Object.FindObjectOfType has been deprecated. Use Object.FindFirstObjectByType instead or if finding any instance is acceptable the faster Object.FindAnyObjectByType'

Assets\_Project\Features\Templates\Stealth\Scripts\Configuration\StealthAudioConfig.cs(286,78): error CS1061: 'Object' does not contain a definition for 'GetComponent' and no accessible extension method 'GetComponent' accepting a first argument of type 'Object' could be found (are you missing a using directive or an assembly reference?)

Assets\_Project\Features\Templates\Stealth\Scripts\StealthTemplateConfiguration.cs(334,66): error CS1061: 'GameEvent<LearningProgressData>' does not contain a definition for 'AddListener' and no accessible extension method 'AddListener' accepting a first argument of type 'GameEvent<LearningProgressData>' could be found (are you missing a using directive or an assembly reference?)

Assets\_Project\Features\Templates\Stealth\Scripts\StealthTemplateConfiguration.cs(337,67): error CS1061: 'GameEvent<GameplayReadinessData>' does not contain a definition for 'AddListener' and no accessible extension method 'AddListener' accepting a first argument of type 'GameEvent<GameplayReadinessData>' could be found (are you missing a using directive or an assembly reference?)

Assets\_Project\Features\Templates\Stealth\Scripts\StealthTemplateConfiguration.cs(340,64): error CS1061: 'GameEvent<TutorialStepData>' does not contain a definition for 'AddListener' and no accessible extension method 'AddListener' accepting a first argument of type 'GameEvent<TutorialStepData>' could be found (are you missing a using directive or an assembly reference?)

Assets\_Project\Features\Templates\Stealth\Scripts\Mechanics\StealthMechanics.cs(316,47): warning CS0618: 'Object.FindObjectsOfType<T>()' is obsolete: 'Object.FindObjectsOfType has been deprecated. Use Object.FindObjectsByType instead which lets you decide whether you need the results sorted or not.  FindObjectsOfType sorts the results by InstanceID but if you do not need this using FindObjectSortMode.None is considerably faster.'

Assets\_Project\Features\Templates\Stealth\Scripts\StealthTemplateManager.cs(273,19): error CS0103: The name 'SendGameplayReadinessEvent' does not exist in the current context

Assets\_Project\Features\Templates\Stealth\Scripts\StealthTemplateManager.cs(325,17): error CS0103: The name 'SendLearningProgressEvent' does not exist in the current context

Assets\_Project\Features\Templates\Stealth\Scripts\StealthTemplateManager.cs(339,17): error CS0103: The name 'audioSettings' does not exist in the current context

Assets\_Project\Features\Templates\Stealth\Scripts\StealthTemplateManager.cs(339,42): error CS0103: The name 'stealthAudioService' does not exist in the current context

Assets\_Project\Features\Templates\Stealth\Scripts\StealthTemplateManager.cs(346,21): error CS0103: The name 'audioSettings' does not exist in the current context

Assets\_Project\Features\Templates\Stealth\Scripts\StealthTemplateManager.cs(353,42): error CS0103: The name 'audioSettings' does not exist in the current context

Assets\_Project\Features\Templates\Stealth\Scripts\StealthTemplateManager.cs(354,17): error CS0103: The name 'stealthAudioService' does not exist in the current context

Assets\_Project\Features\Templates\Stealth\Scripts\StealthTemplateManager.cs(357,38): error CS0103: The name 'audioSettings' does not exist in the current context

Assets\_Project\Features\Templates\Stealth\Scripts\StealthTemplateManager.cs(358,17): error CS0103: The name 'stealthAudioService' does not exist in the current context

Assets\_Project\Features\Templates\Stealth\Scripts\StealthTemplateManager.cs(361,17): error CS0103: The name 'stealthAudioService' does not exist in the current context

Assets\_Project\Features\Templates\Stealth\Scripts\StealthTemplateManager.cs(364,21): error CS0103: The name 'audioSettings' does not exist in the current context

Assets\_Project\Features\Templates\Stealth\Scripts\StealthTemplateManager.cs(370,21): error CS0103: The name 'audioSettings' does not exist in the current context

Assets\_Project\Features\Templates\Stealth\Scripts\StealthTemplateManager.cs(376,57): error CS0103: The name 'audioSettings' does not exist in the current context

Assets\_Project\Features\Templates\Stealth\Scripts\StealthTemplateManager.cs(401,17): error CS0103: The name 'stealthAudioService' does not exist in the current context

Assets\_Project\Features\Templates\Stealth\Scripts\StealthTemplateManager.cs(401,48): error CS0103: The name 'audioSettings' does not exist in the current context

Assets\_Project\Features\Templates\Stealth\Scripts\StealthTemplateManager.cs(404,38): error CS0103: The name 'audioSettings' does not exist in the current context

Assets\_Project\Features\Templates\Stealth\Scripts\StealthTemplateManager.cs(407,17): error CS0103: The name 'learningSystemActive' does not exist in the current context

Assets\_Project\Features\Templates\Stealth\Scripts\StealthTemplateManager.cs(407,41): error CS0103: The name 'learningSettings' does not exist in the current context

Assets\_Project\Features\Templates\Stealth\Scripts\StealthTemplateManager.cs(410,42): error CS0103: The name 'currentLearningProgress' does not exist in the current context

Assets\_Project\Features\Templates\Stealth\Scripts\StealthTemplateManager.cs(415,13): error CS0103: The name 'stealthAudioService' does not exist in the current context

Assets\_Project\Features\Templates\Stealth\Scripts\StealthTemplateManager.cs(431,17): error CS0103: The name 'playerStealthController' does not exist in the current context

Assets\_Project\Features\Templates\Stealth\Scripts\StealthTemplateManager.cs(441,17): error CS0103: The name 'stealthMovementController' does not exist in the current context

Assets\_Project\Features\Templates\Stealth\Scripts\StealthTemplateManager.cs(465,21): error CS0103: The name 'stealthCameraController' does not exist in the current context

Assets\_Project\Features\Templates\Stealth\Scripts\StealthTemplateManager.cs(467,21): error CS0103: The name 'stealthCameraController' does not exist in the current context

Assets\_Project\Features\Templates\Stealth\Scripts\StealthTemplateManager.cs(471,21): error CS0103: The name 'stealthCameraController' does not exist in the current context

Assets\_Project\Features\Templates\Stealth\Scripts\StealthTemplateManager.cs(474,21): error CS0103: The name 'stealthCameraController' does not exist in the current context

Assets\_Project\Features\Templates\Stealth\Scripts\StealthTemplateManager.cs(477,21): error CS0103: The name 'stealthCameraController' does not exist in the current context

Assets\_Project\Features\Templates\Stealth\Scripts\StealthTemplateManager.cs(480,72): error CS0103: The name 'stealthCameraController' does not exist in the current context

Assets\_Project\Features\Templates\Stealth\Scripts\Camera\StealthCameraController.cs(380,17): warning CS0162: Unreachable code detected

Assets\_Project\Features\Templates\Stealth\Scripts\StealthTemplateManager.cs(503,17): error CS0103: The name 'stealthCameraController' does not exist in the current context

Assets\_Project\Features\Templates\Stealth\Scripts\Mechanics\StealthMechanics.cs(439,30): warning CS0618: 'Object.FindObjectsOfType<T>()' is obsolete: 'Object.FindObjectsOfType has been deprecated. Use Object.FindObjectsByType instead which lets you decide whether you need the results sorted or not.  FindObjectsOfType sorts the results by InstanceID but if you do not need this using FindObjectSortMode.None is considerably faster.'

Assets\_Project\Features\Templates\Stealth\Scripts\StealthTemplateManager.cs(520,17): error CS0103: The name 'stealthUIManager' does not exist in the current context

Assets\_Project\Features\Templates\Stealth\Scripts\Interaction\EnvironmentalInteraction.cs(663,36): warning CS0618: 'Object.FindObjectsOfType<T>()' is obsolete: 'Object.FindObjectsOfType has been deprecated. Use Object.FindObjectsByType instead which lets you decide whether you need the results sorted or not.  FindObjectsOfType sorts the results by InstanceID but if you do not need this using FindObjectSortMode.None is considerably faster.'

Assets\_Project\Features\Templates\Stealth\Scripts\StealthTemplateManager.cs(540,21): error CS0103: The name 'gameplayManager' does not exist in the current context

Assets\_Project\Features\Templates\Stealth\Scripts\StealthTemplateManager.cs(542,21): error CS0103: The name 'gameplayManager' does not exist in the current context

Assets\_Project\Features\Templates\Stealth\Scripts\StealthTemplateManager.cs(546,21): error CS0103: The name 'gameplayManager' does not exist in the current context

Assets\_Project\Features\Templates\Stealth\Scripts\StealthTemplateManager.cs(549,21): error CS0103: The name 'gameplayManager' does not exist in the current context

Assets\_Project\Features\Templates\Stealth\Scripts\StealthTemplateManager.cs(552,71): error CS0103: The name 'gameplayManager' does not exist in the current context

Assets\_Project\Features\Templates\Stealth\Scripts\StealthTemplateManager.cs(553,71): error CS0103: The name 'gameplayManager' does not exist in the current context

Assets\_Project\Features\Templates\Stealth\Scripts\Mechanics\StealthMechanics.cs(468,30): warning CS0618: 'Object.FindObjectsOfType<T>()' is obsolete: 'Object.FindObjectsOfType has been deprecated. Use Object.FindObjectsByType instead which lets you decide whether you need the results sorted or not.  FindObjectsOfType sorts the results by InstanceID but if you do not need this using FindObjectSortMode.None is considerably faster.'

Assets\_Project\Features\Templates\Stealth\Scripts\StealthTemplateManager.cs(578,17): error CS0103: The name 'playerSettings' does not exist in the current context

Assets\_Project\Features\Templates\Stealth\Scripts\StealthTemplateManager.cs(584,17): error CS0103: The name 'aiSettings' does not exist in the current context

Assets\_Project\Features\Templates\Stealth\Scripts\StealthTemplateManager.cs(590,17): error CS0103: The name 'audioSettings' does not exist in the current context

Assets\_Project\Features\Templates\Stealth\Scripts\StealthTemplateManager.cs(596,17): error CS0103: The name 'cameraSettings' does not exist in the current context

Assets\_Project\Features\Templates\Stealth\Scripts\StealthTemplateManager.cs(602,17): error CS0103: The name 'missionSettings' does not exist in the current context

Assets\_Project\Features\Templates\Stealth\Scripts\StealthTemplateManager.cs(608,17): error CS0103: The name 'learningSettings' does not exist in the current context

Assets\_Project\Features\Templates\Stealth\Scripts\StealthTemplateManager.cs(624,13): error CS0103: The name 'learningSessionStartTime' does not exist in the current context

Assets\_Project\Features\Templates\Stealth\Scripts\StealthTemplateManager.cs(625,13): error CS0103: The name 'currentLearningStageIndex' does not exist in the current context

Assets\_Project\Features\Templates\Stealth\Scripts\StealthTemplateManager.cs(626,13): error CS0103: The name 'currentTutorialModuleIndex' does not exist in the current context

Assets\_Project\Features\Templates\Stealth\Scripts\StealthTemplateManager.cs(627,13): error CS0103: The name 'currentLearningProgress' does not exist in the current context

Assets\_Project\Features\Templates\Stealth\Scripts\StealthTemplateManager.cs(629,17): error CS0103: The name 'learningSettings' does not exist in the current context

Assets\_Project\Features\Templates\Stealth\Scripts\StealthTemplateManager.cs(631,17): error CS0103: The name 'learningSystemActive' does not exist in the current context

Assets\_Project\Features\Templates\Stealth\Scripts\StealthTemplateManager.cs(632,82): error CS0103: The name 'learningSettings' does not exist in the current context

Assets\_Project\Features\Templates\Stealth\Scripts\StealthTemplateManager.cs(633,71): error CS0103: The name 'learningSettings' does not exist in the current context

Assets\_Project\Features\Templates\Stealth\Scripts\StealthTemplateManager.cs(648,13): error CS0103: The name 'missionStartTime' does not exist in the current context

Assets\_Project\Features\Templates\Stealth\Scripts\StealthTemplateManager.cs(649,13): error CS0103: The name 'currentMissionPhaseIndex' does not exist in the current context

Assets\_Project\Features\Templates\Stealth\Scripts\StealthTemplateManager.cs(651,17): error CS0103: The name 'missionSettings' does not exist in the current context

Assets\_Project\Features\Templates\Stealth\Scripts\StealthTemplateManager.cs(653,17): error CS0103: The name 'missionSystemActive' does not exist in the current context

Assets\_Project\Features\Templates\Stealth\Scripts\StealthTemplateManager.cs(654,81): error CS0103: The name 'missionSettings' does not exist in the current context

Assets\_Project\Features\Templates\Stealth\Scripts\StealthTemplateManager.cs(657,39): error CS0103: The name 'missionSettings' does not exist in the current context

Assets\_Project\Features\Templates\Stealth\Scripts\StealthTemplateManager.cs(676,17): error CS0103: The name 'learningSettings' does not exist in the current context

Assets\_Project\Features\Templates\Stealth\Scripts\StealthTemplateValidator.cs(240,74): error CS1061: 'StealthTemplateConfiguration' does not contain a definition for 'templateName' and no accessible extension method 'templateName' accepting a first argument of type 'StealthTemplateConfiguration' could be found (are you missing a using directive or an assembly reference?)

Assets\_Project\Features\Templates\Stealth\Scripts\StealthTemplateValidator.cs(241,72): error CS1061: 'StealthTemplateConfiguration' does not contain a definition for 'templateVersion' and no accessible extension method 'templateVersion' accepting a first argument of type 'StealthTemplateConfiguration' could be found (are you missing a using directive or an assembly reference?)

Assets\_Project\Features\Templates\Stealth\Scripts\StealthTemplateValidator.cs(248,51): error CS1061: 'StealthTemplateConfiguration' does not contain a definition for 'targetGameplayDuration' and no accessible extension method 'targetGameplayDuration' accepting a first argument of type 'StealthTemplateConfiguration' could be found (are you missing a using directive or an assembly reference?)

Assets\_Project\Features\Templates\Stealth\Scripts\StealthTemplateValidator.cs(249,49): error CS1061: 'StealthTemplateConfiguration' does not contain a definition for 'estimatedLearningTime' and no accessible extension method 'estimatedLearningTime' accepting a first argument of type 'StealthTemplateConfiguration' could be found (are you missing a using directive or an assembly reference?)

Assets\_Project\Features\Templates\Stealth\Scripts\StealthTemplateManager.cs(687,17): error CS0103: The name 'aiSettings' does not exist in the current context

Assets\_Project\Features\Templates\Stealth\Scripts\StealthTemplateManager.cs(693,67): error CS0103: The name 'aiSettings' does not exist in the current context

Assets\_Project\Features\Templates\Stealth\Scripts\StealthTemplateManager.cs(694,64): error CS0103: The name 'aiSettings' does not exist in the current context

Assets\_Project\Features\Templates\Stealth\Scripts\StealthTemplateManager.cs(695,67): error CS0103: The name 'aiSettings' does not exist in the current context

Assets\_Project\Features\Templates\Stealth\Scripts\StealthTemplateManager.cs(696,73): error CS0103: The name 'aiSettings' does not exist in the current context

Assets\_Project\Features\Templates\Stealth\Scripts\StealthTemplateManager.cs(715,18): error CS0103: The name 'learningSystemActive' does not exist in the current context

Assets\_Project\Features\Templates\Stealth\Scripts\StealthTemplateManager.cs(715,42): error CS0103: The name 'learningSettings' does not exist in the current context

Assets\_Project\Features\Templates\Stealth\Scripts\StealthTemplateManager.cs(719,32): error CS0103: The name 'learningSettings' does not exist in the current context

Assets\_Project\Features\Templates\Stealth\Scripts\StealthTemplateManager.cs(719,64): error CS0103: The name 'currentLearningStageIndex' does not exist in the current context

Assets\_Project\Features\Templates\Stealth\Scripts\StealthTemplateManager.cs(724,13): error CS0103: The name 'currentGameplayPhase' does not exist in the current context

Assets\_Project\Features\Templates\Stealth\Scripts\StealthTemplateManager.cs(732,18): error CS0103: The name 'missionSystemActive' does not exist in the current context

Assets\_Project\Features\Templates\Stealth\Scripts\StealthTemplateManager.cs(732,41): error CS0103: The name 'missionSettings' does not exist in the current context

Assets\_Project\Features\Templates\Stealth\Scripts\StealthTemplateManager.cs(736,32): error CS0103: The name 'missionSettings' does not exist in the current context

Assets\_Project\Features\Templates\Stealth\Scripts\StealthTemplateManager.cs(736,63): error CS0103: The name 'currentMissionPhaseIndex' does not exist in the current context

Assets\_Project\Features\Templates\Stealth\Scripts\StealthTemplateManager.cs(740,13): error CS0103: The name 'currentGameplayPhase' does not exist in the current context

Assets\_Project\Features\Templates\Stealth\Scripts\StealthTemplateManager.cs(748,45): error CS0103: The name 'learningSessionStartTime' does not exist in the current context

Assets\_Project\Features\Templates\Stealth\Scripts\StealthTemplateManager.cs(749,32): error CS0103: The name 'learningSettings' does not exist in the current context

Assets\_Project\Features\Templates\Stealth\Scripts\StealthTemplateManager.cs(749,64): error CS0103: The name 'currentLearningStageIndex' does not exist in the current context

Assets\_Project\Features\Templates\Stealth\Scripts\StealthTemplateManager.cs(753,13): error CS0103: The name 'currentLearningProgress' does not exist in the current context

Assets\_Project\Features\Templates\Stealth\Scripts\StealthTemplateManager.cs(753,40): error CS0103: The name 'currentLearningStageIndex' does not exist in the current context

Assets\_Project\Features\Templates\Stealth\Scripts\StealthTemplateManager.cs(753,85): error CS0103: The name 'learningSettings' does not exist in the current context

Assets\_Project\Features\Templates\Stealth\Scripts\StealthTemplateManager.cs(756,42): error CS0103: The name 'currentLearningStageIndex' does not exist in the current context

Assets\_Project\Features\Templates\Stealth\Scripts\StealthTemplateManager.cs(756,70): error CS0103: The name 'learningSettings' does not exist in the current context

Assets\_Project\Features\Templates\Stealth\Scripts\StealthTemplateManager.cs(758,17): error CS0103: The name 'currentLearningStageIndex' does not exist in the current context

Assets\_Project\Features\Templates\Stealth\Scripts\StealthTemplateManager.cs(759,86): error CS0103: The name 'learningSettings' does not exist in the current context

Assets\_Project\Features\Templates\Stealth\Scripts\StealthTemplateManager.cs(759,118): error CS0103: The name 'currentLearningStageIndex' does not exist in the current context

Assets\_Project\Features\Templates\Stealth\Scripts\StealthTemplateManager.cs(769,45): error CS0103: The name 'missionStartTime' does not exist in the current context

Assets\_Project\Features\Templates\Stealth\Scripts\StealthTemplateManager.cs(770,32): error CS0103: The name 'missionSettings' does not exist in the current context

Assets\_Project\Features\Templates\Stealth\Scripts\StealthTemplateManager.cs(770,63): error CS0103: The name 'currentMissionPhaseIndex' does not exist in the current context

Assets\_Project\Features\Templates\Stealth\Scripts\StealthTemplateManager.cs(773,57): error CS0103: The name 'currentMissionPhaseIndex' does not exist in the current context

Assets\_Project\Features\Templates\Stealth\Scripts\StealthTemplateManager.cs(773,84): error CS0103: The name 'missionSettings' does not exist in the current context

Assets\_Project\Features\Templates\Stealth\Scripts\StealthTemplateManager.cs(775,17): error CS0103: The name 'currentMissionPhaseIndex' does not exist in the current context

Assets\_Project\Features\Templates\Stealth\Scripts\StealthTemplateManager.cs(776,85): error CS0103: The name 'missionSettings' does not exist in the current context

Assets\_Project\Features\Templates\Stealth\Scripts\StealthTemplateManager.cs(776,116): error CS0103: The name 'currentMissionPhaseIndex' does not exist in the current context

Assets\_Project\Features\Templates\Stealth\Scripts\StealthTemplateManager.cs(786,18): error CS0103: The name 'learningSettings' does not exist in the current context

Assets\_Project\Features\Templates\Stealth\Scripts\StealthTemplateValidator.cs(265,38): error CS0029: Cannot implicitly convert type 'asterivo.Unity60.Features.Templates.Stealth.Configuration.StealthMechanicsConfig' to 'UnityEngine.Object'

Assets\_Project\Features\Templates\Stealth\Scripts\StealthTemplateValidator.cs(266,31): error CS0029: Cannot implicitly convert type 'asterivo.Unity60.Features.Templates.Stealth.Configuration.StealthAIConfig' to 'UnityEngine.Object'

Assets\_Project\Features\Templates\Stealth\Scripts\StealthTemplateValidator.cs(267,34): error CS0029: Cannot implicitly convert type 'asterivo.Unity60.Features.Templates.Stealth.Configuration.StealthAudioConfig' to 'UnityEngine.Object'

Assets\_Project\Features\Templates\Stealth\Scripts\StealthTemplateValidator.cs(268,40): error CS0029: Cannot implicitly convert type 'asterivo.Unity60.Features.Templates.Stealth.Configuration.StealthEnvironmentConfig' to 'UnityEngine.Object'

Assets\_Project\Features\Templates\Stealth\Scripts\StealthTemplateValidator.cs(269,31): error CS0029: Cannot implicitly convert type 'asterivo.Unity60.Features.Templates.Stealth.Configuration.StealthUIConfig' to 'UnityEngine.Object'

Assets\_Project\Features\Templates\Stealth\Scripts\StealthTemplateValidator.cs(270,37): error CS0029: Cannot implicitly convert type 'asterivo.Unity60.Features.Templates.Stealth.Configuration.StealthTutorialConfig' to 'UnityEngine.Object'

Assets\_Project\Features\Templates\Stealth\Scripts\StealthTemplateManager.cs(798,17): error CS0103: The name 'learningSystemActive' does not exist in the current context

Assets\_Project\Features\Templates\Stealth\Scripts\StealthTemplateManager.cs(798,41): error CS0103: The name 'learningSettings' does not exist in the current context

Assets\_Project\Features\Templates\Stealth\Scripts\StealthTemplateManager.cs(798,69): error CS0103: The name 'currentLearningStageIndex' does not exist in the current context

Assets\_Project\Features\Templates\Stealth\Scripts\StealthTemplateManager.cs(798,97): error CS0103: The name 'learningSettings' does not exist in the current context

Assets\_Project\Features\Templates\Stealth\Scripts\StealthTemplateManager.cs(800,36): error CS0103: The name 'learningSettings' does not exist in the current context

Assets\_Project\Features\Templates\Stealth\Scripts\StealthTemplateManager.cs(800,68): error CS0103: The name 'currentLearningStageIndex' does not exist in the current context

Assets\_Project\Features\Templates\Stealth\Scripts\StealthTemplateManager.cs(801,17): error CS0103: The name 'currentGameplayPhase' does not exist in the current context

Assets\_Project\Features\Templates\Stealth\Scripts\StealthTemplateManager.cs(801,79): error CS0103: The name 'currentLearningProgress' does not exist in the current context

Assets\_Project\Features\Templates\Stealth\Scripts\StealthTemplateManager.cs(803,22): error CS0103: The name 'missionSystemActive' does not exist in the current context

Assets\_Project\Features\Templates\Stealth\Scripts\StealthTemplateManager.cs(803,45): error CS0103: The name 'missionSettings' does not exist in the current context

Assets\_Project\Features\Templates\Stealth\Scripts\StealthTemplateManager.cs(803,72): error CS0103: The name 'currentMissionPhaseIndex' does not exist in the current context

Assets\_Project\Features\Templates\Stealth\Scripts\StealthTemplateManager.cs(803,99): error CS0103: The name 'missionSettings' does not exist in the current context

Assets\_Project\Features\Templates\Stealth\Scripts\StealthTemplateManager.cs(805,36): error CS0103: The name 'missionSettings' does not exist in the current context

Assets\_Project\Features\Templates\Stealth\Scripts\StealthTemplateManager.cs(805,67): error CS0103: The name 'currentMissionPhaseIndex' does not exist in the current context

Assets\_Project\Features\Templates\Stealth\Scripts\StealthTemplateManager.cs(806,47): error CS0103: The name 'missionStartTime' does not exist in the current context

Assets\_Project\Features\Templates\Stealth\Scripts\StealthTemplateManager.cs(808,17): error CS0103: The name 'currentGameplayPhase' does not exist in the current context

Assets\_Project\Features\Templates\Stealth\Scripts\StealthTemplateManager.cs(837,40): error CS1061: 'StealthTemplateConfiguration' does not contain a definition for 'PlayerConfig' and no accessible extension method 'PlayerConfig' accepting a first argument of type 'StealthTemplateConfiguration' could be found (are you missing a using directive or an assembly reference?)

Assets\_Project\Features\Templates\Stealth\Scripts\StealthTemplateManager.cs(867,21): error CS0103: The name '_stealthEventChannels' does not exist in the current context

Assets\_Project\Features\Templates\Stealth\Scripts\StealthTemplateManager.cs(888,17): error CS0103: The name '_stealthEventChannels' does not exist in the current context

Assets\_Project\Features\Templates\Stealth\Scripts\StealthTemplateManager.cs(891,17): error CS0103: The name '_stealthEventChannels' does not exist in the current context

Assets\_Project\Features\Templates\Stealth\Scripts\StealthTemplateManager.cs(894,32): error CS0103: The name '_stealthEventChannels' does not exist in the current context

Assets\_Project\Features\Templates\Stealth\Scripts\StealthTemplateManager.cs(921,30): warning CS0618: 'Object.FindObjectsOfType<T>()' is obsolete: 'Object.FindObjectsOfType has been deprecated. Use Object.FindObjectsByType instead which lets you decide whether you need the results sorted or not.  FindObjectsOfType sorts the results by InstanceID but if you do not need this using FindObjectSortMode.None is considerably faster.'

Assets\_Project\Features\Templates\Stealth\Scripts\StealthTemplateManager.cs(921,65): error CS1061: 'MonoBehaviour[]' does not contain a definition for 'Where' and no accessible extension method 'Where' accepting a first argument of type 'MonoBehaviour[]' could be found (are you missing a using directive or an assembly reference?)

Assets\_Project\Features\Templates\Stealth\Scripts\StealthTemplateManager.cs(929,39): warning CS0618: 'Object.FindObjectsOfType<T>()' is obsolete: 'Object.FindObjectsOfType has been deprecated. Use Object.FindObjectsByType instead which lets you decide whether you need the results sorted or not.  FindObjectsOfType sorts the results by InstanceID but if you do not need this using FindObjectSortMode.None is considerably faster.'

Assets\_Project\Features\Templates\Stealth\Scripts\StealthTemplateManager.cs(929,74): error CS1061: 'MonoBehaviour[]' does not contain a definition for 'Where' and no accessible extension method 'Where' accepting a first argument of type 'MonoBehaviour[]' could be found (are you missing a using directive or an assembly reference?)

Assets\_Project\Features\Templates\Stealth\Scripts\StealthTemplateManager.cs(937,37): warning CS0618: 'Object.FindObjectsOfType<T>()' is obsolete: 'Object.FindObjectsOfType has been deprecated. Use Object.FindObjectsByType instead which lets you decide whether you need the results sorted or not.  FindObjectsOfType sorts the results by InstanceID but if you do not need this using FindObjectSortMode.None is considerably faster.'

Assets\_Project\Features\Templates\Stealth\Scripts\StealthTemplateManager.cs(937,72): error CS1061: 'MonoBehaviour[]' does not contain a definition for 'Where' and no accessible extension method 'Where' accepting a first argument of type 'MonoBehaviour[]' could be found (are you missing a using directive or an assembly reference?)

Assets\_Project\Features\Templates\Stealth\Scripts\StealthTemplateManager.cs(966,36): error CS1061: 'StealthTutorialConfig' does not contain a definition for 'EnableGuidedLearning' and no accessible extension method 'EnableGuidedLearning' accepting a first argument of type 'StealthTutorialConfig' could be found (are you missing a using directive or an assembly reference?)

Assets\_Project\Features\Templates\Stealth\Scripts\StealthTemplateManager.cs(972,36): error CS1061: 'StealthTutorialConfig' does not contain a definition for 'TargetLearningHours' and no accessible extension method 'TargetLearningHours' accepting a first argument of type 'StealthTutorialConfig' could be found (are you missing a using directive or an assembly reference?)

Assets\_Project\Features\Templates\Stealth\Scripts\StealthTemplateManager.cs(974,60): error CS1061: 'StealthTutorialConfig' does not contain a definition for 'TargetLearningHours' and no accessible extension method 'TargetLearningHours' accepting a first argument of type 'StealthTutorialConfig' could be found (are you missing a using directive or an assembly reference?)

Assets\_Project\Features\Templates\Stealth\Scripts\StealthTemplateManager.cs(981,25): error CS0103: The name 'LogWarning' does not exist in the current context

Assets\_Project\Features\Templates\Stealth\Scripts\Gameplay\StealthGameplayManager.cs(473,33): warning CS0618: 'Object.FindObjectsOfType<T>()' is obsolete: 'Object.FindObjectsOfType has been deprecated. Use Object.FindObjectsByType instead which lets you decide whether you need the results sorted or not.  FindObjectsOfType sorts the results by InstanceID but if you do not need this using FindObjectSortMode.None is considerably faster.'

Assets\_Project\Features\Templates\Stealth\Scripts\StealthTemplateManager.cs(1062,55): error CS1061: 'StealthTemplateConfiguration' does not contain a definition for 'PlayerConfig' and no accessible extension method 'PlayerConfig' accepting a first argument of type 'StealthTemplateConfiguration' could be found (are you missing a using directive or an assembly reference?)

Assets\_Project\Features\Templates\Stealth\Scripts\StealthTemplateManager.cs(1093,55): error CS1061: 'StealthTemplateConfiguration' does not contain a definition for 'CameraConfig' and no accessible extension method 'CameraConfig' accepting a first argument of type 'StealthTemplateConfiguration' could be found (are you missing a using directive or an assembly reference?)

Assets\_Project\Features\Templates\Stealth\Scripts\StealthTemplateManager.cs(1166,36): error CS1061: 'StealthTutorialConfig' does not contain a definition for 'EnableGuidedLearning' and no accessible extension method 'EnableGuidedLearning' accepting a first argument of type 'StealthTutorialConfig' could be found (are you missing a using directive or an assembly reference?)

Assets\_Project\Features\Templates\Stealth\Scripts\StealthTemplateManager.cs(1171,36): error CS1061: 'StealthTutorialConfig' does not contain a definition for 'TargetLearningHours' and no accessible extension method 'TargetLearningHours' accepting a first argument of type 'StealthTutorialConfig' could be found (are you missing a using directive or an assembly reference?)

Assets\_Project\Features\Templates\Stealth\Scripts\StealthTemplateManager.cs(1173,120): error CS1061: 'StealthTutorialConfig' does not contain a definition for 'TargetLearningHours' and no accessible extension method 'TargetLearningHours' accepting a first argument of type 'StealthTutorialConfig' could be found (are you missing a using directive or an assembly reference?)

Assets\_Project\Features\Templates\Stealth\Scripts\StealthTemplateManager.cs(1196,17): error CS0103: The name '_stealthEventChannels' does not exist in the current context

Assets\_Project\Features\Templates\Stealth\Scripts\StealthTemplateManager.cs(1238,40): error CS1061: 'StealthTemplateConfiguration' does not contain a definition for 'PlayerConfig' and no accessible extension method 'PlayerConfig' accepting a first argument of type 'StealthTemplateConfiguration' could be found (are you missing a using directive or an assembly reference?)

Assets\_Project\Features\Templates\Stealth\Scripts\StealthTemplateManager.cs(1251,40): error CS1061: 'StealthTemplateConfiguration' does not contain a definition for 'CameraConfig' and no accessible extension method 'CameraConfig' accepting a first argument of type 'StealthTemplateConfiguration' could be found (are you missing a using directive or an assembly reference?)

Assets\_Project\Features\Templates\Stealth\Scripts\StealthTemplateManager.cs(1293,17): error CS0103: The name '_stealthEventChannels' does not exist in the current context

Assets\_Project\Features\Templates\Stealth\Scripts\StealthTemplateManager.cs(1339,17): error CS0103: The name 'stealthAudioService' does not exist in the current context

Assets\_Project\Features\Templates\Stealth\Scripts\StealthTemplateManager.cs(1341,17): error CS0103: The name 'stealthAudioService' does not exist in the current context

Assets\_Project\Features\Templates\Stealth\Scripts\StealthTemplateManager.cs(1351,17): error CS0103: The name 'stealthAudioService' does not exist in the current context

Assets\_Project\Features\Templates\Stealth\Scripts\StealthTemplateManager.cs(1353,17): error CS0103: The name 'stealthAudioService' does not exist in the current context

Assets\_Project\Features\Templates\Stealth\Scripts\StealthTemplateManager.cs(1365,17): error CS0103: The name 'stealthAudioService' does not exist in the current context

Assets\_Project\Features\Templates\Stealth\Scripts\StealthTemplateManager.cs(1367,17): error CS0103: The name 'stealthAudioService' does not exist in the current context

Assets\_Project\Features\Templates\Stealth\Scripts\StealthTemplateManager.cs(1377,17): error CS0103: The name 'stealthAudioService' does not exist in the current context

Assets\_Project\Features\Templates\Stealth\Scripts\StealthTemplateManager.cs(1379,17): error CS0103: The name 'stealthAudioService' does not exist in the current context

Assets\_Project\Features\Templates\Stealth\Scripts\StealthTemplateManager.cs(1407,27): error CS0103: The name 'AlertLevel' does not exist in the current context

Assets\_Project\Features\Templates\Stealth\Scripts\StealthTemplateManager.cs(1413,27): error CS0103: The name 'AlertLevel' does not exist in the current context

Assets\_Project\Features\Templates\Stealth\Scripts\StealthTemplateManager.cs(1429,17): error CS0103: The name 'playerSettings' does not exist in the current context

Assets\_Project\Features\Templates\Stealth\Scripts\StealthTemplateManager.cs(1431,78): error CS0103: The name 'playerSettings' does not exist in the current context

Assets\_Project\Features\Templates\Stealth\Scripts\StealthTemplateManager.cs(1434,17): error CS0103: The name 'aiSettings' does not exist in the current context

Assets\_Project\Features\Templates\Stealth\Scripts\StealthTemplateManager.cs(1436,77): error CS0103: The name 'aiSettings' does not exist in the current context

Assets\_Project\Features\Templates\Stealth\Scripts\StealthTemplateManager.cs(1439,17): error CS0103: The name 'audioSettings' does not exist in the current context

Assets\_Project\Features\Templates\Stealth\Scripts\StealthTemplateManager.cs(1441,73): error CS0103: The name 'audioSettings' does not exist in the current context

Assets\_Project\Features\Templates\Stealth\Scripts\StealthTemplateManager.cs(1444,17): error CS0103: The name 'cameraSettings' does not exist in the current context

Assets\_Project\Features\Templates\Stealth\Scripts\StealthTemplateManager.cs(1446,65): error CS0103: The name 'cameraSettings' does not exist in the current context

Assets\_Project\Features\Templates\Stealth\Scripts\StealthTemplateManager.cs(1449,17): error CS0103: The name 'missionSettings' does not exist in the current context

Assets\_Project\Features\Templates\Stealth\Scripts\StealthTemplateManager.cs(1451,66): error CS0103: The name 'missionSettings' does not exist in the current context

Assets\_Project\Features\Templates\Stealth\Scripts\StealthTemplateManager.cs(1454,17): error CS0103: The name 'learningSettings' does not exist in the current context

Assets\_Project\Features\Templates\Stealth\Scripts\StealthTemplateManager.cs(1456,67): error CS0103: The name 'learningSettings' does not exist in the current context

Assets\_Project\Features\Templates\Stealth\Scripts\StealthTemplateManager.cs(1456,116): error CS0103: The name 'learningSettings' does not exist in the current context

Assets\_Project\Features\Templates\Stealth\Scripts\StealthTemplateManager.cs(1460,17): error CS0103: The name 'playerStealthController' does not exist in the current context

Assets\_Project\Features\Templates\Stealth\Scripts\StealthTemplateManager.cs(1465,17): error CS0103: The name 'stealthMovementController' does not exist in the current context

Assets\_Project\Features\Templates\Stealth\Scripts\StealthTemplateManager.cs(1470,17): error CS0103: The name 'stealthAudioService' does not exist in the current context

Assets\_Project\Features\Templates\Stealth\Scripts\StealthTemplateManager.cs(1484,17): error CS0103: The name 'learningSettings' does not exist in the current context

Assets\_Project\Features\Templates\Stealth\Scripts\StealthTemplateManager.cs(1491,42): error CS0103: The name 'learningSettings' does not exist in the current context

Assets\_Project\Features\Templates\Stealth\Scripts\StealthTemplateManager.cs(1492,43): error CS0103: The name 'learningSettings' does not exist in the current context

Assets\_Project\Features\Templates\Stealth\Scripts\StealthTemplateManager.cs(1493,46): error CS0103: The name 'learningSettings' does not exist in the current context

Assets\_Project\Features\Templates\Stealth\Scripts\StealthTemplateManager.cs(1494,60): error CS0103: The name 'learningSettings' does not exist in the current context

Assets\_Project\Features\Templates\Stealth\Scripts\StealthTemplateManager.cs(1496,35): error CS0103: The name 'learningSettings' does not exist in the current context

Assets\_Project\Features\Templates\Stealth\Scripts\StealthTemplateManager.cs(1507,17): error CS0103: The name 'missionSettings' does not exist in the current context

Assets\_Project\Features\Templates\Stealth\Scripts\StealthTemplateManager.cs(1514,42): error CS0103: The name 'missionSettings' does not exist in the current context

Assets\_Project\Features\Templates\Stealth\Scripts\StealthTemplateManager.cs(1517,35): error CS0103: The name 'missionSettings' does not exist in the current context

Assets\_Project\Features\Templates\Stealth\Scripts\StealthTemplateManager.cs(1535,17): error CS0103: The name 'debugMode' does not exist in the current context

Assets\_Project\Features\Templates\Stealth\Scripts\StealthTemplateManager.cs(1558,13): error CS0103: The name 'InitializeTemplate' does not exist in the current context

Assets\_Project\Features\Templates\Stealth\Scripts\StealthTemplateManager.cs(1559,13): error CS0103: The name 'SetupStealthTemplate' does not exist in the current context

Assets\_Project\Features\Templates\Stealth\Scripts\StealthTemplateManager.cs(1568,43): error CS0103: The name 'enableTemplate' does not exist in the current context

Assets\_Project\Features\Templates\Stealth\Scripts\StealthTemplateManager.cs(1569,48): error CS0103: The name 'isInitialized' does not exist in the current context

Assets\_Project\Features\Templates\Stealth\Scripts\StealthTemplateManager.cs(1570,45): error CS0103: The name 'settingsValidated' does not exist in the current context

Assets\_Project\Features\Templates\Stealth\Scripts\StealthTemplateManager.cs(1571,49): error CS0103: The name 'learningSystemActive' does not exist in the current context

Assets\_Project\Features\Templates\Stealth\Scripts\StealthTemplateManager.cs(1572,48): error CS0103: The name 'missionSystemActive' does not exist in the current context

Assets\_Project\Features\Templates\Stealth\Scripts\StealthTemplateManager.cs(1576,42): error CS0103: The name 'playerSettings' does not exist in the current context

Assets\_Project\Features\Templates\Stealth\Scripts\StealthTemplateManager.cs(1577,38): error CS0103: The name 'aiSettings' does not exist in the current context

Assets\_Project\Features\Templates\Stealth\Scripts\StealthTemplateManager.cs(1578,41): error CS0103: The name 'audioSettings' does not exist in the current context

Assets\_Project\Features\Templates\Stealth\Scripts\StealthTemplateManager.cs(1579,42): error CS0103: The name 'cameraSettings' does not exist in the current context

Assets\_Project\Features\Templates\Stealth\Scripts\StealthTemplateManager.cs(1580,43): error CS0103: The name 'missionSettings' does not exist in the current context

Assets\_Project\Features\Templates\Stealth\Scripts\StealthTemplateManager.cs(1581,44): error CS0103: The name 'learningSettings' does not exist in the current context

Assets\_Project\Features\Templates\Stealth\Scripts\StealthTemplateManager.cs(1585,51): error CS0103: The name 'playerStealthController' does not exist in the current context

Assets\_Project\Features\Templates\Stealth\Scripts\StealthTemplateManager.cs(1586,53): error CS0103: The name 'stealthMovementController' does not exist in the current context

Assets\_Project\Features\Templates\Stealth\Scripts\StealthTemplateManager.cs(1587,47): error CS0103: The name 'stealthAudioService' does not exist in the current context

Assets\_Project\Features\Templates\Stealth\Scripts\StealthTemplateManager.cs(1590,17): error CS0103: The name 'learningSettings' does not exist in the current context

Assets\_Project\Features\Templates\Stealth\Scripts\StealthTemplateManager.cs(1593,46): error CS0103: The name 'learningSettings' does not exist in the current context

Assets\_Project\Features\Templates\Stealth\Scripts\StealthTemplateManager.cs(1594,50): error CS0103: The name 'learningSettings' does not exist in the current context

Assets\_Project\Features\Templates\Stealth\Scripts\StealthTemplateManager.cs(1595,64): error CS0103: The name 'learningSettings' does not exist in the current context

Assets\_Project\Features\Templates\Stealth\Scripts\StealthTemplateManager.cs(1596,56): error CS0103: The name 'currentLearningProgress' does not exist in the current context

Assets\_Project\Features\Templates\Stealth\Scripts\StealthTemplateManager.cs(1600,17): error CS0103: The name 'missionSettings' does not exist in the current context

Assets\_Project\Features\Templates\Stealth\Scripts\StealthTemplateManager.cs(1603,46): error CS0103: The name 'missionSettings' does not exist in the current context

Assets\_Project\Features\Templates\Stealth\Scripts\StealthTemplateManager.cs(1605,39): error CS0103: The name 'missionSettings' does not exist in the current context

Assets\_Project\Features\Templates\Stealth\Scripts\StealthTemplateManager.cs(1614,49): error CS0103: The name 'currentGameplayPhase' does not exist in the current context

Assets\_Project\Features\Templates\Stealth\Scripts\StealthTemplateManager.cs(1622,17): error CS0103: The name 'learningSettings' does not exist in the current context

Assets\_Project\Features\Templates\Stealth\Scripts\StealthTemplateManager.cs(1630,48): error CS0103: The name 'learningSettings' does not exist in the current context

Assets\_Project\Features\Templates\Stealth\Scripts\StealthTemplateManager.cs(1631,49): error CS0103: The name 'learningSettings' does not exist in the current context

Assets\_Project\Features\Templates\Stealth\Scripts\StealthTemplateManager.cs(1632,52): error CS0103: The name 'learningSettings' does not exist in the current context

Assets\_Project\Features\Templates\Stealth\Scripts\StealthTemplateManager.cs(1633,48): error CS0103: The name 'learningSettings' does not exist in the current context

Assets\_Project\Features\Templates\Stealth\Scripts\StealthTemplateManager.cs(1634,56): error CS0103: The name 'learningSettings' does not exist in the current context

Assets\_Project\Features\Templates\Stealth\Scripts\StealthTemplateManager.cs(1635,60): error CS0103: The name 'learningSettings' does not exist in the current context

Assets\_Project\Features\Templates\Stealth\Scripts\StealthTemplateManager.cs(1638,33): error CS0103: The name 'learningSettings' does not exist in the current context

Assets\_Project\Features\Templates\Stealth\Scripts\StealthTemplateManager.cs(1640,29): error CS0103: The name 'learningSettings' does not exist in the current context

Assets\_Project\Features\Templates\Stealth\Scripts\StealthTemplateManager.cs(1650,17): error CS0103: The name 'missionSettings' does not exist in the current context

Assets\_Project\Features\Templates\Stealth\Scripts\StealthTemplateManager.cs(1659,35): error CS0103: The name 'missionSettings' does not exist in the current context

Assets\_Project\Features\Templates\Stealth\Scripts\StealthTemplateManager.cs(1696,35): error CS0103: The name '_configuration' does not exist in the current context

Assets\_Project\Features\Templates\Stealth\Scripts\StealthTemplateManager.cs(1696,76): error CS0103: The name '_configuration' does not exist in the current context

Assets\_Project\Features\Templates\Stealth\Scripts\StealthTemplateManager.cs(1700,47): error CS0103: The name '_configuration' does not exist in the current context

Assets\_Project\Features\Templates\Stealth\Scripts\StealthTemplateValidator.cs(391,43): error CS0103: The name 'learningSettings' does not exist in the current context

Assets\_Project\Features\Templates\Stealth\Scripts\StealthTemplateValidator.cs(398,41): error CS0103: The name 'learningSettings' does not exist in the current context

Assets\_Project\Features\Templates\Stealth\Scripts\StealthTemplateValidator.cs(441,44): warning CS0618: 'Profiler.GetTotalAllocatedMemory()' is obsolete: 'GetTotalAllocatedMemory has been deprecated since it is limited to 4GB. Please use GetTotalAllocatedMemoryLong() instead.'

Assets\_Project\Features\Templates\Stealth\Scripts\StealthTemplateValidator.cs(465,45): warning CS0618: 'Object.FindObjectsOfType<T>()' is obsolete: 'Object.FindObjectsOfType has been deprecated. Use Object.FindObjectsByType instead which lets you decide whether you need the results sorted or not.  FindObjectsOfType sorts the results by InstanceID but if you do not need this using FindObjectSortMode.None is considerably faster.'

Assets\_Project\Features\Templates\Stealth\Scripts\Settings\StealthLearningSettings.cs(69,39): warning CS0414: The field 'StealthLearningSettings.enableSkillValidation' is assigned but its value is never used

Assets\_Project\Features\Templates\Stealth\Scripts\Events\StealthEventChannels.cs(37,40): warning CS0414: The field 'StealthEventChannels._eventProcessingTimeLimit' is assigned but its value is never used

Assets\_Project\Features\Templates\Stealth\Scripts\UI\StealthUIManager.cs(88,48): warning CS0414: The field 'StealthUIManager.activeDetectionIndicators' is assigned but its value is never used

Assets\_Project\Features\Templates\Stealth\Scripts\Events\StealthEventChannels.cs(35,38): warning CS0414: The field 'StealthEventChannels._maxEventsPerFrame' is assigned but its value is never used

Assets\_Project\Features\Templates\Stealth\Scripts\Gameplay\StealthGameplayManager.cs(50,39): warning CS0414: The field 'StealthGameplayManager.enableNPCCommunication' is assigned but its value is never used

Assets\_Project\Features\Templates\Stealth\Scripts\Settings\StealthLearningSettings.cs(67,59): warning CS0414: The field 'StealthLearningSettings.learningSpeedMultiplier' is assigned but its value is never used

Assets\_Project\Features\Templates\Stealth\Scripts\Settings\StealthLearningSettings.cs(109,40): warning CS0414: The field 'StealthLearningSettings.hintDisplayDelay' is assigned but its value is never used

Assets\_Project\Features\Templates\Stealth\Scripts\StealthTemplateValidator.cs(39,59): warning CS0414: The field 'StealthTemplateValidator.testDurationOverride' is assigned but its value is never used

Assets\_Project\Features\Templates\Stealth\Scripts\Settings\StealthLearningSettings.cs(68,39): warning CS0414: The field 'StealthLearningSettings.enableProgressiveUnlock' is assigned but its value is never used

Assets\_Project\Features\Templates\Stealth\Scripts\Interaction\EnvironmentalInteraction.cs(533,44): warning CS0414: The field 'EnvironmentalInteraction.HidingSpot.hidingEffectiveness' is assigned but its value is never used

Assets\_Project\Features\Templates\Stealth\Scripts\Settings\StealthLearningSettings.cs(110,39): warning CS0414: The field 'StealthLearningSettings.enableTutorialSkipping' is assigned but its value is never used

Assets\_Project\Features\Templates\Stealth\Scripts\Interaction\EnvironmentalInteraction.cs(490,44): warning CS0414: The field 'EnvironmentalInteraction.DistractionItem.distractionDuration' is assigned but its value is never used

Assets\_Project\Features\Templates\Stealth\Scripts\StealthTemplateManager.cs(105,26): warning CS0414: The field 'StealthTemplateManager._currentTemplatePhase' is assigned but its value is never used

Assets\_Project\Features\Templates\Stealth\Scripts\StealthTemplateManager.cs(81,39): warning CS0414: The field 'StealthTemplateManager._debugMode' is assigned but its value is never used

Assets\_Project\Features\Templates\Stealth\Scripts\StealthTemplateManager.cs(115,49): warning CS0414: The field 'StealthTemplateManager._fifteenMinuteGameplayReady' is assigned but its value is never used

Assets\_Project\Features\Templates\Stealth\Scripts\Gameplay\StealthGameplayManager.cs(956,40): warning CS0414: The field 'NPCPatrolController.waitTime' is assigned but its value is never used

Assets\_Project\Features\Templates\Stealth\Scripts\Mechanics\StealthMechanics.cs(71,40): warning CS0414: The field 'StealthMechanics.alertDecayRate' is assigned but its value is never used

Assets\_Project\Features\Templates\Stealth\Scripts\Events\StealthEventChannels.cs(38,39): warning CS0414: The field 'StealthEventChannels._enableEventBatching' is assigned but its value is never used

Assets\_Project\Features\Templates\Stealth\Scripts\Gameplay\StealthGameplayManager.cs(34,52): warning CS0414: The field 'StealthGameplayManager.difficultyLevel' is assigned but its value is never used

Assets\_Project\Features\Templates\Stealth\Scripts\Settings\StealthLearningSettings.cs(107,39): warning CS0414: The field 'StealthLearningSettings.enableRealTimeHints' is assigned but its value is never used

Assets\_Project\Features\Templates\Stealth\Scripts\Gameplay\StealthGameplayManager.cs(961,22): warning CS0414: The field 'NPCPatrolController.isPatrolling' is assigned but its value is never used

Assets\_Project\Features\Templates\Stealth\Scripts\Settings\StealthLearningSettings.cs(66,39): warning CS0414: The field 'StealthLearningSettings.enableAdaptiveDifficulty' is assigned but its value is never used

Assets\_Project\Features\Templates\Stealth\Scripts\Settings\StealthLearningSettings.cs(108,39): warning CS0414: The field 'StealthLearningSettings.enableInteractiveHighlights' is assigned but its value is never used
*** Tundra build failed (0.66 seconds), 2 items updated, 1429 evaluated
## Script Compilation Error for: Csc Library/Bee/artifacts/1900b0aE.dag/asterivo.Unity60.Features.Templates.Stealth.dll (+2 others)
## CmdLine: "C:\Program Files\Unity\Hub\Editor\6000.0.42f1\Editor\Data\NetCoreRuntime\dotnet.exe" exec "C:/Program Files/Unity/Hub/Editor/6000.0.42f1/Editor/Data/DotNetSdkRoslyn/csc.dll" /nostdlib /noconfig /shared "@Library/Bee/artifacts/1900b0aE.dag/asterivo.Unity60.Features.Templates.Stealth.rsp" "@Library/Bee/artifacts/1900b0aE.dag/asterivo.Unity60.Features.Templates.Stealth.rsp2"
## Output:
Assets\_Project\Features\Templates\Stealth\Scripts\Mechanics\StealthMechanics.cs(30,32): warning CS0618: 'Object.FindObjectOfType<T>()' is obsolete: 'Object.FindObjectOfType has been deprecated. Use Object.FindFirstObjectByType instead or if finding any instance is acceptable the faster Object.FindAnyObjectByType'
Assets\_Project\Features\Templates\Stealth\Scripts\Events\StealthGameEvents.cs(228,17): error CS0103: The name 'LogDebug' does not exist in the current context
Assets\_Project\Features\Templates\Stealth\Scripts\Events\StealthGameEvents.cs(235,17): error CS0103: The name 'LogDebug' does not exist in the current context
Assets\_Project\Features\Templates\Stealth\Scripts\Events\StealthGameEvents.cs(242,17): error CS0103: The name 'LogDebug' does not exist in the current context
Assets\_Project\Features\Templates\Stealth\Scripts\Settings\StealthCameraSettings.cs(318,45): error CS0117: 'AnimationCurve' does not contain a definition for 'EaseIn'
Assets\_Project\Features\Templates\Stealth\Scripts\StealthTemplateManager.cs(40,33): warning CS0618: 'Object.FindObjectOfType<T>()' is obsolete: 'Object.FindObjectOfType has been deprecated. Use Object.FindFirstObjectByType instead or if finding any instance is acceptable the faster Object.FindAnyObjectByType'
Assets\_Project\Features\Templates\Stealth\Scripts\Configuration\StealthAudioConfig.cs(286,31): warning CS0618: 'Object.FindObjectOfType(Type)' is obsolete: 'Object.FindObjectOfType has been deprecated. Use Object.FindFirstObjectByType instead or if finding any instance is acceptable the faster Object.FindAnyObjectByType'
Assets\_Project\Features\Templates\Stealth\Scripts\Configuration\StealthAudioConfig.cs(286,78): error CS1061: 'Object' does not contain a definition for 'GetComponent' and no accessible extension method 'GetComponent' accepting a first argument of type 'Object' could be found (are you missing a using directive or an assembly reference?)
Assets\_Project\Features\Templates\Stealth\Scripts\StealthTemplateConfiguration.cs(334,66): error CS1061: 'GameEvent<LearningProgressData>' does not contain a definition for 'AddListener' and no accessible extension method 'AddListener' accepting a first argument of type 'GameEvent<LearningProgressData>' could be found (are you missing a using directive or an assembly reference?)
Assets\_Project\Features\Templates\Stealth\Scripts\StealthTemplateConfiguration.cs(337,67): error CS1061: 'GameEvent<GameplayReadinessData>' does not contain a definition for 'AddListener' and no accessible extension method 'AddListener' accepting a first argument of type 'GameEvent<GameplayReadinessData>' could be found (are you missing a using directive or an assembly reference?)
Assets\_Project\Features\Templates\Stealth\Scripts\StealthTemplateConfiguration.cs(340,64): error CS1061: 'GameEvent<TutorialStepData>' does not contain a definition for 'AddListener' and no accessible extension method 'AddListener' accepting a first argument of type 'GameEvent<TutorialStepData>' could be found (are you missing a using directive or an assembly reference?)
Assets\_Project\Features\Templates\Stealth\Scripts\Mechanics\StealthMechanics.cs(316,47): warning CS0618: 'Object.FindObjectsOfType<T>()' is obsolete: 'Object.FindObjectsOfType has been deprecated. Use Object.FindObjectsByType instead which lets you decide whether you need the results sorted or not.  FindObjectsOfType sorts the results by InstanceID but if you do not need this using FindObjectSortMode.None is considerably faster.'
Assets\_Project\Features\Templates\Stealth\Scripts\StealthTemplateManager.cs(273,19): error CS0103: The name 'SendGameplayReadinessEvent' does not exist in the current context
Assets\_Project\Features\Templates\Stealth\Scripts\StealthTemplateManager.cs(325,17): error CS0103: The name 'SendLearningProgressEvent' does not exist in the current context
Assets\_Project\Features\Templates\Stealth\Scripts\StealthTemplateManager.cs(339,17): error CS0103: The name 'audioSettings' does not exist in the current context
Assets\_Project\Features\Templates\Stealth\Scripts\StealthTemplateManager.cs(339,42): error CS0103: The name 'stealthAudioService' does not exist in the current context
Assets\_Project\Features\Templates\Stealth\Scripts\StealthTemplateManager.cs(346,21): error CS0103: The name 'audioSettings' does not exist in the current context
Assets\_Project\Features\Templates\Stealth\Scripts\StealthTemplateManager.cs(353,42): error CS0103: The name 'audioSettings' does not exist in the current context
Assets\_Project\Features\Templates\Stealth\Scripts\StealthTemplateManager.cs(354,17): error CS0103: The name 'stealthAudioService' does not exist in the current context
Assets\_Project\Features\Templates\Stealth\Scripts\StealthTemplateManager.cs(357,38): error CS0103: The name 'audioSettings' does not exist in the current context
Assets\_Project\Features\Templates\Stealth\Scripts\StealthTemplateManager.cs(358,17): error CS0103: The name 'stealthAudioService' does not exist in the current context
Assets\_Project\Features\Templates\Stealth\Scripts\StealthTemplateManager.cs(361,17): error CS0103: The name 'stealthAudioService' does not exist in the current context
Assets\_Project\Features\Templates\Stealth\Scripts\StealthTemplateManager.cs(364,21): error CS0103: The name 'audioSettings' does not exist in the current context
Assets\_Project\Features\Templates\Stealth\Scripts\StealthTemplateManager.cs(370,21): error CS0103: The name 'audioSettings' does not exist in the current context
Assets\_Project\Features\Templates\Stealth\Scripts\StealthTemplateManager.cs(376,57): error CS0103: The name 'audioSettings' does not exist in the current context
Assets\_Project\Features\Templates\Stealth\Scripts\StealthTemplateManager.cs(401,17): error CS0103: The name 'stealthAudioService' does not exist in the current context
Assets\_Project\Features\Templates\Stealth\Scripts\StealthTemplateManager.cs(401,48): error CS0103: The name 'audioSettings' does not exist in the current context
Assets\_Project\Features\Templates\Stealth\Scripts\StealthTemplateManager.cs(404,38): error CS0103: The name 'audioSettings' does not exist in the current context
Assets\_Project\Features\Templates\Stealth\Scripts\StealthTemplateManager.cs(407,17): error CS0103: The name 'learningSystemActive' does not exist in the current context
Assets\_Project\Features\Templates\Stealth\Scripts\StealthTemplateManager.cs(407,41): error CS0103: The name 'learningSettings' does not exist in the current context
Assets\_Project\Features\Templates\Stealth\Scripts\StealthTemplateManager.cs(410,42): error CS0103: The name 'currentLearningProgress' does not exist in the current context
Assets\_Project\Features\Templates\Stealth\Scripts\StealthTemplateManager.cs(415,13): error CS0103: The name 'stealthAudioService' does not exist in the current context
Assets\_Project\Features\Templates\Stealth\Scripts\StealthTemplateManager.cs(431,17): error CS0103: The name 'playerStealthController' does not exist in the current context
Assets\_Project\Features\Templates\Stealth\Scripts\StealthTemplateManager.cs(441,17): error CS0103: The name 'stealthMovementController' does not exist in the current context
Assets\_Project\Features\Templates\Stealth\Scripts\StealthTemplateManager.cs(465,21): error CS0103: The name 'stealthCameraController' does not exist in the current context
Assets\_Project\Features\Templates\Stealth\Scripts\StealthTemplateManager.cs(467,21): error CS0103: The name 'stealthCameraController' does not exist in the current context
Assets\_Project\Features\Templates\Stealth\Scripts\StealthTemplateManager.cs(471,21): error CS0103: The name 'stealthCameraController' does not exist in the current context
Assets\_Project\Features\Templates\Stealth\Scripts\StealthTemplateManager.cs(474,21): error CS0103: The name 'stealthCameraController' does not exist in the current context
Assets\_Project\Features\Templates\Stealth\Scripts\StealthTemplateManager.cs(477,21): error CS0103: The name 'stealthCameraController' does not exist in the current context
Assets\_Project\Features\Templates\Stealth\Scripts\StealthTemplateManager.cs(480,72): error CS0103: The name 'stealthCameraController' does not exist in the current context
Assets\_Project\Features\Templates\Stealth\Scripts\Camera\StealthCameraController.cs(380,17): warning CS0162: Unreachable code detected
Assets\_Project\Features\Templates\Stealth\Scripts\StealthTemplateManager.cs(503,17): error CS0103: The name 'stealthCameraController' does not exist in the current context
Assets\_Project\Features\Templates\Stealth\Scripts\Mechanics\StealthMechanics.cs(439,30): warning CS0618: 'Object.FindObjectsOfType<T>()' is obsolete: 'Object.FindObjectsOfType has been deprecated. Use Object.FindObjectsByType instead which lets you decide whether you need the results sorted or not.  FindObjectsOfType sorts the results by InstanceID but if you do not need this using FindObjectSortMode.None is considerably faster.'
Assets\_Project\Features\Templates\Stealth\Scripts\StealthTemplateManager.cs(520,17): error CS0103: The name 'stealthUIManager' does not exist in the current context
Assets\_Project\Features\Templates\Stealth\Scripts\Interaction\EnvironmentalInteraction.cs(663,36): warning CS0618: 'Object.FindObjectsOfType<T>()' is obsolete: 'Object.FindObjectsOfType has been deprecated. Use Object.FindObjectsByType instead which lets you decide whether you need the results sorted or not.  FindObjectsOfType sorts the results by InstanceID but if you do not need this using FindObjectSortMode.None is considerably faster.'
Assets\_Project\Features\Templates\Stealth\Scripts\StealthTemplateManager.cs(540,21): error CS0103: The name 'gameplayManager' does not exist in the current context
Assets\_Project\Features\Templates\Stealth\Scripts\StealthTemplateManager.cs(542,21): error CS0103: The name 'gameplayManager' does not exist in the current context
Assets\_Project\Features\Templates\Stealth\Scripts\StealthTemplateManager.cs(546,21): error CS0103: The name 'gameplayManager' does not exist in the current context
Assets\_Project\Features\Templates\Stealth\Scripts\StealthTemplateManager.cs(549,21): error CS0103: The name 'gameplayManager' does not exist in the current context
Assets\_Project\Features\Templates\Stealth\Scripts\StealthTemplateManager.cs(552,71): error CS0103: The name 'gameplayManager' does not exist in the current context
Assets\_Project\Features\Templates\Stealth\Scripts\StealthTemplateManager.cs(553,71): error CS0103: The name 'gameplayManager' does not exist in the current context
Assets\_Project\Features\Templates\Stealth\Scripts\Mechanics\StealthMechanics.cs(468,30): warning CS0618: 'Object.FindObjectsOfType<T>()' is obsolete: 'Object.FindObjectsOfType has been deprecated. Use Object.FindObjectsByType instead which lets you decide whether you need the results sorted or not.  FindObjectsOfType sorts the results by InstanceID but if you do not need this using FindObjectSortMode.None is considerably faster.'
Assets\_Project\Features\Templates\Stealth\Scripts\StealthTemplateManager.cs(578,17): error CS0103: The name 'playerSettings' does not exist in the current context
Assets\_Project\Features\Templates\Stealth\Scripts\StealthTemplateManager.cs(584,17): error CS0103: The name 'aiSettings' does not exist in the current context
Assets\_Project\Features\Templates\Stealth\Scripts\StealthTemplateManager.cs(590,17): error CS0103: The name 'audioSettings' does not exist in the current context
Assets\_Project\Features\Templates\Stealth\Scripts\StealthTemplateManager.cs(596,17): error CS0103: The name 'cameraSettings' does not exist in the current context
Assets\_Project\Features\Templates\Stealth\Scripts\StealthTemplateManager.cs(602,17): error CS0103: The name 'missionSettings' does not exist in the current context
Assets\_Project\Features\Templates\Stealth\Scripts\StealthTemplateManager.cs(608,17): error CS0103: The name 'learningSettings' does not exist in the current context
Assets\_Project\Features\Templates\Stealth\Scripts\StealthTemplateManager.cs(624,13): error CS0103: The name 'learningSessionStartTime' does not exist in the current context
Assets\_Project\Features\Templates\Stealth\Scripts\StealthTemplateManager.cs(625,13): error CS0103: The name 'currentLearningStageIndex' does not exist in the current context
Assets\_Project\Features\Templates\Stealth\Scripts\StealthTemplateManager.cs(626,13): error CS0103: The name 'currentTutorialModuleIndex' does not exist in the current context
Assets\_Project\Features\Templates\Stealth\Scripts\StealthTemplateManager.cs(627,13): error CS0103: The name 'currentLearningProgress' does not exist in the current context
Assets\_Project\Features\Templates\Stealth\Scripts\StealthTemplateManager.cs(629,17): error CS0103: The name 'learningSettings' does not exist in the current context
Assets\_Project\Features\Templates\Stealth\Scripts\StealthTemplateManager.cs(631,17): error CS0103: The name 'learningSystemActive' does not exist in the current context
Assets\_Project\Features\Templates\Stealth\Scripts\StealthTemplateManager.cs(632,82): error CS0103: The name 'learningSettings' does not exist in the current context
Assets\_Project\Features\Templates\Stealth\Scripts\StealthTemplateManager.cs(633,71): error CS0103: The name 'learningSettings' does not exist in the current context
Assets\_Project\Features\Templates\Stealth\Scripts\StealthTemplateManager.cs(648,13): error CS0103: The name 'missionStartTime' does not exist in the current context
Assets\_Project\Features\Templates\Stealth\Scripts\StealthTemplateManager.cs(649,13): error CS0103: The name 'currentMissionPhaseIndex' does not exist in the current context
Assets\_Project\Features\Templates\Stealth\Scripts\StealthTemplateManager.cs(651,17): error CS0103: The name 'missionSettings' does not exist in the current context
Assets\_Project\Features\Templates\Stealth\Scripts\StealthTemplateManager.cs(653,17): error CS0103: The name 'missionSystemActive' does not exist in the current context
Assets\_Project\Features\Templates\Stealth\Scripts\StealthTemplateManager.cs(654,81): error CS0103: The name 'missionSettings' does not exist in the current context
Assets\_Project\Features\Templates\Stealth\Scripts\StealthTemplateManager.cs(657,39): error CS0103: The name 'missionSettings' does not exist in the current context
Assets\_Project\Features\Templates\Stealth\Scripts\StealthTemplateManager.cs(676,17): error CS0103: The name 'learningSettings' does not exist in the current context
Assets\_Project\Features\Templates\Stealth\Scripts\StealthTemplateValidator.cs(240,74): error CS1061: 'StealthTemplateConfiguration' does not contain a definition for 'templateName' and no accessible extension method 'templateName' accepting a first argument of type 'StealthTemplateConfiguration' could be found (are you missing a using directive or an assembly reference?)
Assets\_Project\Features\Templates\Stealth\Scripts\StealthTemplateValidator.cs(241,72): error CS1061: 'StealthTemplateConfiguration' does not contain a definition for 'templateVersion' and no accessible extension method 'templateVersion' accepting a first argument of type 'StealthTemplateConfiguration' could be found (are you missing a using directive or an assembly reference?)
Assets\_Project\Features\Templates\Stealth\Scripts\StealthTemplateValidator.cs(248,51): error CS1061: 'StealthTemplateConfiguration' does not contain a definition for 'targetGameplayDuration' and no accessible extension method 'targetGameplayDuration' accepting a first argument of type 'StealthTemplateConfiguration' could be found (are you missing a using directive or an assembly reference?)
Assets\_Project\Features\Templates\Stealth\Scripts\StealthTemplateValidator.cs(249,49): error CS1061: 'StealthTemplateConfiguration' does not contain a definition for 'estimatedLearningTime' and no accessible extension method 'estimatedLearningTime' accepting a first argument of type 'StealthTemplateConfiguration' could be found (are you missing a using directive or an assembly reference?)
Assets\_Project\Features\Templates\Stealth\Scripts\StealthTemplateManager.cs(687,17): error CS0103: The name 'aiSettings' does not exist in the current context
Assets\_Project\Features\Templates\Stealth\Scripts\StealthTemplateManager.cs(693,67): error CS0103: The name 'aiSettings' does not exist in the current context
Assets\_Project\Features\Templates\Stealth\Scripts\StealthTemplateManager.cs(694,64): error CS0103: The name 'aiSettings' does not exist in the current context
Assets\_Project\Features\Templates\Stealth\Scripts\StealthTemplateManager.cs(695,67): error CS0103: The name 'aiSettings' does not exist in the current context
Assets\_Project\Features\Templates\Stealth\Scripts\StealthTemplateManager.cs(696,73): error CS0103: The name 'aiSettings' does not exist in the current context
Assets\_Project\Features\Templates\Stealth\Scripts\StealthTemplateManager.cs(715,18): error CS0103: The name 'learningSystemActive' does not exist in the current context
Assets\_Project\Features\Templates\Stealth\Scripts\StealthTemplateManager.cs(715,42): error CS0103: The name 'learningSettings' does not exist in the current context
Assets\_Project\Features\Templates\Stealth\Scripts\StealthTemplateManager.cs(719,32): error CS0103: The name 'learningSettings' does not exist in the current context
Assets\_Project\Features\Templates\Stealth\Scripts\StealthTemplateManager.cs(719,64): error CS0103: The name 'currentLearningStageIndex' does not exist in the current context
Assets\_Project\Features\Templates\Stealth\Scripts\StealthTemplateManager.cs(724,13): error CS0103: The name 'currentGameplayPhase' does not exist in the current context
Assets\_Project\Features\Templates\Stealth\Scripts\StealthTemplateManager.cs(732,18): error CS0103: The name 'missionSystemActive' does not exist in the current context
Assets\_Project\Features\Templates\Stealth\Scripts\StealthTemplateManager.cs(732,41): error CS0103: The name 'missionSettings' does not exist in the current context
Assets\_Project\Features\Templates\Stealth\Scripts\StealthTemplateManager.cs(736,32): error CS0103: The name 'missionSettings' does not exist in the current context
Assets\_Project\Features\Templates\Stealth\Scripts\StealthTemplateManager.cs(736,63): error CS0103: The name 'currentMissionPhaseIndex' does not exist in the current context
Assets\_Project\Features\Templates\Stealth\Scripts\StealthTemplateManager.cs(740,13): error CS0103: The name 'currentGameplayPhase' does not exist in the current context
Assets\_Project\Features\Templates\Stealth\Scripts\StealthTemplateManager.cs(748,45): error CS0103: The name 'learningSessionStartTime' does not exist in the current context
Assets\_Project\Features\Templates\Stealth\Scripts\StealthTemplateManager.cs(749,32): error CS0103: The name 'learningSettings' does not exist in the current context
Assets\_Project\Features\Templates\Stealth\Scripts\StealthTemplateManager.cs(749,64): error CS0103: The name 'currentLearningStageIndex' does not exist in the current context
Assets\_Project\Features\Templates\Stealth\Scripts\StealthTemplateManager.cs(753,13): error CS0103: The name 'currentLearningProgress' does not exist in the current context
Assets\_Project\Features\Templates\Stealth\Scripts\StealthTemplateManager.cs(753,40): error CS0103: The name 'currentLearningStageIndex' does not exist in the current context
Assets\_Project\Features\Templates\Stealth\Scripts\StealthTemplateManager.cs(753,85): error CS0103: The name 'learningSettings' does not exist in the current context
Assets\_Project\Features\Templates\Stealth\Scripts\StealthTemplateManager.cs(756,42): error CS0103: The name 'currentLearningStageIndex' does not exist in the current context
Assets\_Project\Features\Templates\Stealth\Scripts\StealthTemplateManager.cs(756,70): error CS0103: The name 'learningSettings' does not exist in the current context
Assets\_Project\Features\Templates\Stealth\Scripts\StealthTemplateManager.cs(758,17): error CS0103: The name 'currentLearningStageIndex' does not exist in the current context
Assets\_Project\Features\Templates\Stealth\Scripts\StealthTemplateManager.cs(759,86): error CS0103: The name 'learningSettings' does not exist in the current context
Assets\_Project\Features\Templates\Stealth\Scripts\StealthTemplateManager.cs(759,118): error CS0103: The name 'currentLearningStageIndex' does not exist in the current context
Assets\_Project\Features\Templates\Stealth\Scripts\StealthTemplateManager.cs(769,45): error CS0103: The name 'missionStartTime' does not exist in the current context
Assets\_Project\Features\Templates\Stealth\Scripts\StealthTemplateManager.cs(770,32): error CS0103: The name 'missionSettings' does not exist in the current context
Assets\_Project\Features\Templates\Stealth\Scripts\StealthTemplateManager.cs(770,63): error CS0103: The name 'currentMissionPhaseIndex' does not exist in the current context
Assets\_Project\Features\Templates\Stealth\Scripts\StealthTemplateManager.cs(773,57): error CS0103: The name 'currentMissionPhaseIndex' does not exist in the current context
Assets\_Project\Features\Templates\Stealth\Scripts\StealthTemplateManager.cs(773,84): error CS0103: The name 'missionSettings' does not exist in the current context
Assets\_Project\Features\Templates\Stealth\Scripts\StealthTemplateManager.cs(775,17): error CS0103: The name 'currentMissionPhaseIndex' does not exist in the current context
Assets\_Project\Features\Templates\Stealth\Scripts\StealthTemplateManager.cs(776,85): error CS0103: The name 'missionSettings' does not exist in the current context
Assets\_Project\Features\Templates\Stealth\Scripts\StealthTemplateManager.cs(776,116): error CS0103: The name 'currentMissionPhaseIndex' does not exist in the current context
Assets\_Project\Features\Templates\Stealth\Scripts\StealthTemplateManager.cs(786,18): error CS0103: The name 'learningSettings' does not exist in the current context
Assets\_Project\Features\Templates\Stealth\Scripts\StealthTemplateValidator.cs(265,38): error CS0029: Cannot implicitly convert type 'asterivo.Unity60.Features.Templates.Stealth.Configuration.StealthMechanicsConfig' to 'UnityEngine.Object'
Assets\_Project\Features\Templates\Stealth\Scripts\StealthTemplateValidator.cs(266,31): error CS0029: Cannot implicitly convert type 'asterivo.Unity60.Features.Templates.Stealth.Configuration.StealthAIConfig' to 'UnityEngine.Object'
Assets\_Project\Features\Templates\Stealth\Scripts\StealthTemplateValidator.cs(267,34): error CS0029: Cannot implicitly convert type 'asterivo.Unity60.Features.Templates.Stealth.Configuration.StealthAudioConfig' to 'UnityEngine.Object'
Assets\_Project\Features\Templates\Stealth\Scripts\StealthTemplateValidator.cs(268,40): error CS0029: Cannot implicitly convert type 'asterivo.Unity60.Features.Templates.Stealth.Configuration.StealthEnvironmentConfig' to 'UnityEngine.Object'
Assets\_Project\Features\Templates\Stealth\Scripts\StealthTemplateValidator.cs(269,31): error CS0029: Cannot implicitly convert type 'asterivo.Unity60.Features.Templates.Stealth.Configuration.StealthUIConfig' to 'UnityEngine.Object'
Assets\_Project\Features\Templates\Stealth\Scripts\StealthTemplateValidator.cs(270,37): error CS0029: Cannot implicitly convert type 'asterivo.Unity60.Features.Templates.Stealth.Configuration.StealthTutorialConfig' to 'UnityEngine.Object'
Assets\_Project\Features\Templates\Stealth\Scripts\StealthTemplateManager.cs(798,17): error CS0103: The name 'learningSystemActive' does not exist in the current context
Assets\_Project\Features\Templates\Stealth\Scripts\StealthTemplateManager.cs(798,41): error CS0103: The name 'learningSettings' does not exist in the current context
Assets\_Project\Features\Templates\Stealth\Scripts\StealthTemplateManager.cs(798,69): error CS0103: The name 'currentLearningStageIndex' does not exist in the current context
Assets\_Project\Features\Templates\Stealth\Scripts\StealthTemplateManager.cs(798,97): error CS0103: The name 'learningSettings' does not exist in the current context
Assets\_Project\Features\Templates\Stealth\Scripts\StealthTemplateManager.cs(800,36): error CS0103: The name 'learningSettings' does not exist in the current context
Assets\_Project\Features\Templates\Stealth\Scripts\StealthTemplateManager.cs(800,68): error CS0103: The name 'currentLearningStageIndex' does not exist in the current context
Assets\_Project\Features\Templates\Stealth\Scripts\StealthTemplateManager.cs(801,17): error CS0103: The name 'currentGameplayPhase' does not exist in the current context
Assets\_Project\Features\Templates\Stealth\Scripts\StealthTemplateManager.cs(801,79): error CS0103: The name 'currentLearningProgress' does not exist in the current context
Assets\_Project\Features\Templates\Stealth\Scripts\StealthTemplateManager.cs(803,22): error CS0103: The name 'missionSystemActive' does not exist in the current context
Assets\_Project\Features\Templates\Stealth\Scripts\StealthTemplateManager.cs(803,45): error CS0103: The name 'missionSettings' does not exist in the current context
Assets\_Project\Features\Templates\Stealth\Scripts\StealthTemplateManager.cs(803,72): error CS0103: The name 'currentMissionPhaseIndex' does not exist in the current context
Assets\_Project\Features\Templates\Stealth\Scripts\StealthTemplateManager.cs(803,99): error CS0103: The name 'missionSettings' does not exist in the current context
Assets\_Project\Features\Templates\Stealth\Scripts\StealthTemplateManager.cs(805,36): error CS0103: The name 'missionSettings' does not exist in the current context
Assets\_Project\Features\Templates\Stealth\Scripts\StealthTemplateManager.cs(805,67): error CS0103: The name 'currentMissionPhaseIndex' does not exist in the current context
Assets\_Project\Features\Templates\Stealth\Scripts\StealthTemplateManager.cs(806,47): error CS0103: The name 'missionStartTime' does not exist in the current context
Assets\_Project\Features\Templates\Stealth\Scripts\StealthTemplateManager.cs(808,17): error CS0103: The name 'currentGameplayPhase' does not exist in the current context
Assets\_Project\Features\Templates\Stealth\Scripts\StealthTemplateManager.cs(837,40): error CS1061: 'StealthTemplateConfiguration' does not contain a definition for 'PlayerConfig' and no accessible extension method 'PlayerConfig' accepting a first argument of type 'StealthTemplateConfiguration' could be found (are you missing a using directive or an assembly reference?)
Assets\_Project\Features\Templates\Stealth\Scripts\StealthTemplateManager.cs(867,21): error CS0103: The name '_stealthEventChannels' does not exist in the current context
Assets\_Project\Features\Templates\Stealth\Scripts\StealthTemplateManager.cs(888,17): error CS0103: The name '_stealthEventChannels' does not exist in the current context
Assets\_Project\Features\Templates\Stealth\Scripts\StealthTemplateManager.cs(891,17): error CS0103: The name '_stealthEventChannels' does not exist in the current context
Assets\_Project\Features\Templates\Stealth\Scripts\StealthTemplateManager.cs(894,32): error CS0103: The name '_stealthEventChannels' does not exist in the current context
Assets\_Project\Features\Templates\Stealth\Scripts\StealthTemplateManager.cs(921,30): warning CS0618: 'Object.FindObjectsOfType<T>()' is obsolete: 'Object.FindObjectsOfType has been deprecated. Use Object.FindObjectsByType instead which lets you decide whether you need the results sorted or not.  FindObjectsOfType sorts the results by InstanceID but if you do not need this using FindObjectSortMode.None is considerably faster.'
Assets\_Project\Features\Templates\Stealth\Scripts\StealthTemplateManager.cs(921,65): error CS1061: 'MonoBehaviour[]' does not contain a definition for 'Where' and no accessible extension method 'Where' accepting a first argument of type 'MonoBehaviour[]' could be found (are you missing a using directive or an assembly reference?)
Assets\_Project\Features\Templates\Stealth\Scripts\StealthTemplateManager.cs(929,39): warning CS0618: 'Object.FindObjectsOfType<T>()' is obsolete: 'Object.FindObjectsOfType has been deprecated. Use Object.FindObjectsByType instead which lets you decide whether you need the results sorted or not.  FindObjectsOfType sorts the results by InstanceID but if you do not need this using FindObjectSortMode.None is considerably faster.'
Assets\_Project\Features\Templates\Stealth\Scripts\StealthTemplateManager.cs(929,74): error CS1061: 'MonoBehaviour[]' does not contain a definition for 'Where' and no accessible extension method 'Where' accepting a first argument of type 'MonoBehaviour[]' could be found (are you missing a using directive or an assembly reference?)
Assets\_Project\Features\Templates\Stealth\Scripts\StealthTemplateManager.cs(937,37): warning CS0618: 'Object.FindObjectsOfType<T>()' is obsolete: 'Object.FindObjectsOfType has been deprecated. Use Object.FindObjectsByType instead which lets you decide whether you need the results sorted or not.  FindObjectsOfType sorts the results by InstanceID but if you do not need this using FindObjectSortMode.None is considerably faster.'
Assets\_Project\Features\Templates\Stealth\Scripts\StealthTemplateManager.cs(937,72): error CS1061: 'MonoBehaviour[]' does not contain a definition for 'Where' and no accessible extension method 'Where' accepting a first argument of type 'MonoBehaviour[]' could be found (are you missing a using directive or an assembly reference?)
Assets\_Project\Features\Templates\Stealth\Scripts\StealthTemplateManager.cs(966,36): error CS1061: 'StealthTutorialConfig' does not contain a definition for 'EnableGuidedLearning' and no accessible extension method 'EnableGuidedLearning' accepting a first argument of type 'StealthTutorialConfig' could be found (are you missing a using directive or an assembly reference?)
Assets\_Project\Features\Templates\Stealth\Scripts\StealthTemplateManager.cs(972,36): error CS1061: 'StealthTutorialConfig' does not contain a definition for 'TargetLearningHours' and no accessible extension method 'TargetLearningHours' accepting a first argument of type 'StealthTutorialConfig' could be found (are you missing a using directive or an assembly reference?)
Assets\_Project\Features\Templates\Stealth\Scripts\StealthTemplateManager.cs(974,60): error CS1061: 'StealthTutorialConfig' does not contain a definition for 'TargetLearningHours' and no accessible extension method 'TargetLearningHours' accepting a first argument of type 'StealthTutorialConfig' could be found (are you missing a using directive or an assembly reference?)
Assets\_Project\Features\Templates\Stealth\Scripts\StealthTemplateManager.cs(981,25): error CS0103: The name 'LogWarning' does not exist in the current context
Assets\_Project\Features\Templates\Stealth\Scripts\Gameplay\StealthGameplayManager.cs(473,33): warning CS0618: 'Object.FindObjectsOfType<T>()' is obsolete: 'Object.FindObjectsOfType has been deprecated. Use Object.FindObjectsByType instead which lets you decide whether you need the results sorted or not.  FindObjectsOfType sorts the results by InstanceID but if you do not need this using FindObjectSortMode.None is considerably faster.'
Assets\_Project\Features\Templates\Stealth\Scripts\StealthTemplateManager.cs(1062,55): error CS1061: 'StealthTemplateConfiguration' does not contain a definition for 'PlayerConfig' and no accessible extension method 'PlayerConfig' accepting a first argument of type 'StealthTemplateConfiguration' could be found (are you missing a using directive or an assembly reference?)
Assets\_Project\Features\Templates\Stealth\Scripts\StealthTemplateManager.cs(1093,55): error CS1061: 'StealthTemplateConfiguration' does not contain a definition for 'CameraConfig' and no accessible extension method 'CameraConfig' accepting a first argument of type 'StealthTemplateConfiguration' could be found (are you missing a using directive or an assembly reference?)
Assets\_Project\Features\Templates\Stealth\Scripts\StealthTemplateManager.cs(1166,36): error CS1061: 'StealthTutorialConfig' does not contain a definition for 'EnableGuidedLearning' and no accessible extension method 'EnableGuidedLearning' accepting a first argument of type 'StealthTutorialConfig' could be found (are you missing a using directive or an assembly reference?)
Assets\_Project\Features\Templates\Stealth\Scripts\StealthTemplateManager.cs(1171,36): error CS1061: 'StealthTutorialConfig' does not contain a definition for 'TargetLearningHours' and no accessible extension method 'TargetLearningHours' accepting a first argument of type 'StealthTutorialConfig' could be found (are you missing a using directive or an assembly reference?)
Assets\_Project\Features\Templates\Stealth\Scripts\StealthTemplateManager.cs(1173,120): error CS1061: 'StealthTutorialConfig' does not contain a definition for 'TargetLearningHours' and no accessible extension method 'TargetLearningHours' accepting a first argument of type 'StealthTutorialConfig' could be found (are you missing a using directive or an assembly reference?)
Assets\_Project\Features\Templates\Stealth\Scripts\StealthTemplateManager.cs(1196,17): error CS0103: The name '_stealthEventChannels' does not exist in the current context
Assets\_Project\Features\Templates\Stealth\Scripts\StealthTemplateManager.cs(1238,40): error CS1061: 'StealthTemplateConfiguration' does not contain a definition for 'PlayerConfig' and no accessible extension method 'PlayerConfig' accepting a first argument of type 'StealthTemplateConfiguration' could be found (are you missing a using directive or an assembly reference?)
Assets\_Project\Features\Templates\Stealth\Scripts\StealthTemplateManager.cs(1251,40): error CS1061: 'StealthTemplateConfiguration' does not contain a definition for 'CameraConfig' and no accessible extension method 'CameraConfig' accepting a first argument of type 'StealthTemplateConfiguration' could be found (are you missing a using directive or an assembly reference?)
Assets\_Project\Features\Templates\Stealth\Scripts\StealthTemplateManager.cs(1293,17): error CS0103: The name '_stealthEventChannels' does not exist in the current context
Assets\_Project\Features\Templates\Stealth\Scripts\StealthTemplateManager.cs(1339,17): error CS0103: The name 'stealthAudioService' does not exist in the current context
Assets\_Project\Features\Templates\Stealth\Scripts\StealthTemplateManager.cs(1341,17): error CS0103: The name 'stealthAudioService' does not exist in the current context
Assets\_Project\Features\Templates\Stealth\Scripts\StealthTemplateManager.cs(1351,17): error CS0103: The name 'stealthAudioService' does not exist in the current context
Assets\_Project\Features\Templates\Stealth\Scripts\StealthTemplateManager.cs(1353,17): error CS0103: The name 'stealthAudioService' does not exist in the current context
Assets\_Project\Features\Templates\Stealth\Scripts\StealthTemplateManager.cs(1365,17): error CS0103: The name 'stealthAudioService' does not exist in the current context
Assets\_Project\Features\Templates\Stealth\Scripts\StealthTemplateManager.cs(1367,17): error CS0103: The name 'stealthAudioService' does not exist in the current context
Assets\_Project\Features\Templates\Stealth\Scripts\StealthTemplateManager.cs(1377,17): error CS0103: The name 'stealthAudioService' does not exist in the current context
Assets\_Project\Features\Templates\Stealth\Scripts\StealthTemplateManager.cs(1379,17): error CS0103: The name 'stealthAudioService' does not exist in the current context
Assets\_Project\Features\Templates\Stealth\Scripts\StealthTemplateManager.cs(1407,27): error CS0103: The name 'AlertLevel' does not exist in the current context
Assets\_Project\Features\Templates\Stealth\Scripts\StealthTemplateManager.cs(1413,27): error CS0103: The name 'AlertLevel' does not exist in the current context
Assets\_Project\Features\Templates\Stealth\Scripts\StealthTemplateManager.cs(1429,17): error CS0103: The name 'playerSettings' does not exist in the current context
Assets\_Project\Features\Templates\Stealth\Scripts\StealthTemplateManager.cs(1431,78): error CS0103: The name 'playerSettings' does not exist in the current context
Assets\_Project\Features\Templates\Stealth\Scripts\StealthTemplateManager.cs(1434,17): error CS0103: The name 'aiSettings' does not exist in the current context
Assets\_Project\Features\Templates\Stealth\Scripts\StealthTemplateManager.cs(1436,77): error CS0103: The name 'aiSettings' does not exist in the current context
Assets\_Project\Features\Templates\Stealth\Scripts\StealthTemplateManager.cs(1439,17): error CS0103: The name 'audioSettings' does not exist in the current context
Assets\_Project\Features\Templates\Stealth\Scripts\StealthTemplateManager.cs(1441,73): error CS0103: The name 'audioSettings' does not exist in the current context
Assets\_Project\Features\Templates\Stealth\Scripts\StealthTemplateManager.cs(1444,17): error CS0103: The name 'cameraSettings' does not exist in the current context
Assets\_Project\Features\Templates\Stealth\Scripts\StealthTemplateManager.cs(1446,65): error CS0103: The name 'cameraSettings' does not exist in the current context
Assets\_Project\Features\Templates\Stealth\Scripts\StealthTemplateManager.cs(1449,17): error CS0103: The name 'missionSettings' does not exist in the current context
Assets\_Project\Features\Templates\Stealth\Scripts\StealthTemplateManager.cs(1451,66): error CS0103: The name 'missionSettings' does not exist in the current context
Assets\_Project\Features\Templates\Stealth\Scripts\StealthTemplateManager.cs(1454,17): error CS0103: The name 'learningSettings' does not exist in the current context
Assets\_Project\Features\Templates\Stealth\Scripts\StealthTemplateManager.cs(1456,67): error CS0103: The name 'learningSettings' does not exist in the current context
Assets\_Project\Features\Templates\Stealth\Scripts\StealthTemplateManager.cs(1456,116): error CS0103: The name 'learningSettings' does not exist in the current context
Assets\_Project\Features\Templates\Stealth\Scripts\StealthTemplateManager.cs(1460,17): error CS0103: The name 'playerStealthController' does not exist in the current context
Assets\_Project\Features\Templates\Stealth\Scripts\StealthTemplateManager.cs(1465,17): error CS0103: The name 'stealthMovementController' does not exist in the current context
Assets\_Project\Features\Templates\Stealth\Scripts\StealthTemplateManager.cs(1470,17): error CS0103: The name 'stealthAudioService' does not exist in the current context
Assets\_Project\Features\Templates\Stealth\Scripts\StealthTemplateManager.cs(1484,17): error CS0103: The name 'learningSettings' does not exist in the current context
Assets\_Project\Features\Templates\Stealth\Scripts\StealthTemplateManager.cs(1491,42): error CS0103: The name 'learningSettings' does not exist in the current context
Assets\_Project\Features\Templates\Stealth\Scripts\StealthTemplateManager.cs(1492,43): error CS0103: The name 'learningSettings' does not exist in the current context
Assets\_Project\Features\Templates\Stealth\Scripts\StealthTemplateManager.cs(1493,46): error CS0103: The name 'learningSettings' does not exist in the current context
Assets\_Project\Features\Templates\Stealth\Scripts\StealthTemplateManager.cs(1494,60): error CS0103: The name 'learningSettings' does not exist in the current context
Assets\_Project\Features\Templates\Stealth\Scripts\StealthTemplateManager.cs(1496,35): error CS0103: The name 'learningSettings' does not exist in the current context
Assets\_Project\Features\Templates\Stealth\Scripts\StealthTemplateManager.cs(1507,17): error CS0103: The name 'missionSettings' does not exist in the current context
Assets\_Project\Features\Templates\Stealth\Scripts\StealthTemplateManager.cs(1514,42): error CS0103: The name 'missionSettings' does not exist in the current context
Assets\_Project\Features\Templates\Stealth\Scripts\StealthTemplateManager.cs(1517,35): error CS0103: The name 'missionSettings' does not exist in the current context
Assets\_Project\Features\Templates\Stealth\Scripts\StealthTemplateManager.cs(1535,17): error CS0103: The name 'debugMode' does not exist in the current context
Assets\_Project\Features\Templates\Stealth\Scripts\StealthTemplateManager.cs(1558,13): error CS0103: The name 'InitializeTemplate' does not exist in the current context
Assets\_Project\Features\Templates\Stealth\Scripts\StealthTemplateManager.cs(1559,13): error CS0103: The name 'SetupStealthTemplate' does not exist in the current context
Assets\_Project\Features\Templates\Stealth\Scripts\StealthTemplateManager.cs(1568,43): error CS0103: The name 'enableTemplate' does not exist in the current context
Assets\_Project\Features\Templates\Stealth\Scripts\StealthTemplateManager.cs(1569,48): error CS0103: The name 'isInitialized' does not exist in the current context
Assets\_Project\Features\Templates\Stealth\Scripts\StealthTemplateManager.cs(1570,45): error CS0103: The name 'settingsValidated' does not exist in the current context
Assets\_Project\Features\Templates\Stealth\Scripts\StealthTemplateManager.cs(1571,49): error CS0103: The name 'learningSystemActive' does not exist in the current context
Assets\_Project\Features\Templates\Stealth\Scripts\StealthTemplateManager.cs(1572,48): error CS0103: The name 'missionSystemActive' does not exist in the current context
Assets\_Project\Features\Templates\Stealth\Scripts\StealthTemplateManager.cs(1576,42): error CS0103: The name 'playerSettings' does not exist in the current context
Assets\_Project\Features\Templates\Stealth\Scripts\StealthTemplateManager.cs(1577,38): error CS0103: The name 'aiSettings' does not exist in the current context
Assets\_Project\Features\Templates\Stealth\Scripts\StealthTemplateManager.cs(1578,41): error CS0103: The name 'audioSettings' does not exist in the current context
Assets\_Project\Features\Templates\Stealth\Scripts\StealthTemplateManager.cs(1579,42): error CS0103: The name 'cameraSettings' does not exist in the current context
Assets\_Project\Features\Templates\Stealth\Scripts\StealthTemplateManager.cs(1580,43): error CS0103: The name 'missionSettings' does not exist in the current context
Assets\_Project\Features\Templates\Stealth\Scripts\StealthTemplateManager.cs(1581,44): error CS0103: The name 'learningSettings' does not exist in the current context
Assets\_Project\Features\Templates\Stealth\Scripts\StealthTemplateManager.cs(1585,51): error CS0103: The name 'playerStealthController' does not exist in the current context
Assets\_Project\Features\Templates\Stealth\Scripts\StealthTemplateManager.cs(1586,53): error CS0103: The name 'stealthMovementController' does not exist in the current context
Assets\_Project\Features\Templates\Stealth\Scripts\StealthTemplateManager.cs(1587,47): error CS0103: The name 'stealthAudioService' does not exist in the current context
Assets\_Project\Features\Templates\Stealth\Scripts\StealthTemplateManager.cs(1590,17): error CS0103: The name 'learningSettings' does not exist in the current context
Assets\_Project\Features\Templates\Stealth\Scripts\StealthTemplateManager.cs(1593,46): error CS0103: The name 'learningSettings' does not exist in the current context
Assets\_Project\Features\Templates\Stealth\Scripts\StealthTemplateManager.cs(1594,50): error CS0103: The name 'learningSettings' does not exist in the current context
Assets\_Project\Features\Templates\Stealth\Scripts\StealthTemplateManager.cs(1595,64): error CS0103: The name 'learningSettings' does not exist in the current context
Assets\_Project\Features\Templates\Stealth\Scripts\StealthTemplateManager.cs(1596,56): error CS0103: The name 'currentLearningProgress' does not exist in the current context
Assets\_Project\Features\Templates\Stealth\Scripts\StealthTemplateManager.cs(1600,17): error CS0103: The name 'missionSettings' does not exist in the current context
Assets\_Project\Features\Templates\Stealth\Scripts\StealthTemplateManager.cs(1603,46): error CS0103: The name 'missionSettings' does not exist in the current context
Assets\_Project\Features\Templates\Stealth\Scripts\StealthTemplateManager.cs(1605,39): error CS0103: The name 'missionSettings' does not exist in the current context
Assets\_Project\Features\Templates\Stealth\Scripts\StealthTemplateManager.cs(1614,49): error CS0103: The name 'currentGameplayPhase' does not exist in the current context
Assets\_Project\Features\Templates\Stealth\Scripts\StealthTemplateManager.cs(1622,17): error CS0103: The name 'learningSettings' does not exist in the current context
Assets\_Project\Features\Templates\Stealth\Scripts\StealthTemplateManager.cs(1630,48): error CS0103: The name 'learningSettings' does not exist in the current context
Assets\_Project\Features\Templates\Stealth\Scripts\StealthTemplateManager.cs(1631,49): error CS0103: The name 'learningSettings' does not exist in the current context
Assets\_Project\Features\Templates\Stealth\Scripts\StealthTemplateManager.cs(1632,52): error CS0103: The name 'learningSettings' does not exist in the current context
Assets\_Project\Features\Templates\Stealth\Scripts\StealthTemplateManager.cs(1633,48): error CS0103: The name 'learningSettings' does not exist in the current context
Assets\_Project\Features\Templates\Stealth\Scripts\StealthTemplateManager.cs(1634,56): error CS0103: The name 'learningSettings' does not exist in the current context
Assets\_Project\Features\Templates\Stealth\Scripts\StealthTemplateManager.cs(1635,60): error CS0103: The name 'learningSettings' does not exist in the current context
Assets\_Project\Features\Templates\Stealth\Scripts\StealthTemplateManager.cs(1638,33): error CS0103: The name 'learningSettings' does not exist in the current context
Assets\_Project\Features\Templates\Stealth\Scripts\StealthTemplateManager.cs(1640,29): error CS0103: The name 'learningSettings' does not exist in the current context
Assets\_Project\Features\Templates\Stealth\Scripts\StealthTemplateManager.cs(1650,17): error CS0103: The name 'missionSettings' does not exist in the current context
Assets\_Project\Features\Templates\Stealth\Scripts\StealthTemplateManager.cs(1659,35): error CS0103: The name 'missionSettings' does not exist in the current context
Assets\_Project\Features\Templates\Stealth\Scripts\StealthTemplateManager.cs(1696,35): error CS0103: The name '_configuration' does not exist in the current context
Assets\_Project\Features\Templates\Stealth\Scripts\StealthTemplateManager.cs(1696,76): error CS0103: The name '_configuration' does not exist in the current context
Assets\_Project\Features\Templates\Stealth\Scripts\StealthTemplateManager.cs(1700,47): error CS0103: The name '_configuration' does not exist in the current context
Assets\_Project\Features\Templates\Stealth\Scripts\StealthTemplateValidator.cs(391,43): error CS0103: The name 'learningSettings' does not exist in the current context
Assets\_Project\Features\Templates\Stealth\Scripts\StealthTemplateValidator.cs(398,41): error CS0103: The name 'learningSettings' does not exist in the current context
Assets\_Project\Features\Templates\Stealth\Scripts\StealthTemplateValidator.cs(441,44): warning CS0618: 'Profiler.GetTotalAllocatedMemory()' is obsolete: 'GetTotalAllocatedMemory has been deprecated since it is limited to 4GB. Please use GetTotalAllocatedMemoryLong() instead.'
Assets\_Project\Features\Templates\Stealth\Scripts\StealthTemplateValidator.cs(465,45): warning CS0618: 'Object.FindObjectsOfType<T>()' is obsolete: 'Object.FindObjectsOfType has been deprecated. Use Object.FindObjectsByType instead which lets you decide whether you need the results sorted or not.  FindObjectsOfType sorts the results by InstanceID but if you do not need this using FindObjectSortMode.None is considerably faster.'
Assets\_Project\Features\Templates\Stealth\Scripts\Settings\StealthLearningSettings.cs(69,39): warning CS0414: The field 'StealthLearningSettings.enableSkillValidation' is assigned but its value is never used
Assets\_Project\Features\Templates\Stealth\Scripts\Events\StealthEventChannels.cs(37,40): warning CS0414: The field 'StealthEventChannels._eventProcessingTimeLimit' is assigned but its value is never used
Assets\_Project\Features\Templates\Stealth\Scripts\UI\StealthUIManager.cs(88,48): warning CS0414: The field 'StealthUIManager.activeDetectionIndicators' is assigned but its value is never used
Assets\_Project\Features\Templates\Stealth\Scripts\Events\StealthEventChannels.cs(35,38): warning CS0414: The field 'StealthEventChannels._maxEventsPerFrame' is assigned but its value is never used
Assets\_Project\Features\Templates\Stealth\Scripts\Gameplay\StealthGameplayManager.cs(50,39): warning CS0414: The field 'StealthGameplayManager.enableNPCCommunication' is assigned but its value is never used
Assets\_Project\Features\Templates\Stealth\Scripts\Settings\StealthLearningSettings.cs(67,59): warning CS0414: The field 'StealthLearningSettings.learningSpeedMultiplier' is assigned but its value is never used
Assets\_Project\Features\Templates\Stealth\Scripts\Settings\StealthLearningSettings.cs(109,40): warning CS0414: The field 'StealthLearningSettings.hintDisplayDelay' is assigned but its value is never used
Assets\_Project\Features\Templates\Stealth\Scripts\StealthTemplateValidator.cs(39,59): warning CS0414: The field 'StealthTemplateValidator.testDurationOverride' is assigned but its value is never used
Assets\_Project\Features\Templates\Stealth\Scripts\Settings\StealthLearningSettings.cs(68,39): warning CS0414: The field 'StealthLearningSettings.enableProgressiveUnlock' is assigned but its value is never used
Assets\_Project\Features\Templates\Stealth\Scripts\Interaction\EnvironmentalInteraction.cs(533,44): warning CS0414: The field 'EnvironmentalInteraction.HidingSpot.hidingEffectiveness' is assigned but its value is never used
Assets\_Project\Features\Templates\Stealth\Scripts\Settings\StealthLearningSettings.cs(110,39): warning CS0414: The field 'StealthLearningSettings.enableTutorialSkipping' is assigned but its value is never used
Assets\_Project\Features\Templates\Stealth\Scripts\Interaction\EnvironmentalInteraction.cs(490,44): warning CS0414: The field 'EnvironmentalInteraction.DistractionItem.distractionDuration' is assigned but its value is never used
Assets\_Project\Features\Templates\Stealth\Scripts\StealthTemplateManager.cs(105,26): warning CS0414: The field 'StealthTemplateManager._currentTemplatePhase' is assigned but its value is never used
Assets\_Project\Features\Templates\Stealth\Scripts\StealthTemplateManager.cs(81,39): warning CS0414: The field 'StealthTemplateManager._debugMode' is assigned but its value is never used
Assets\_Project\Features\Templates\Stealth\Scripts\StealthTemplateManager.cs(115,49): warning CS0414: The field 'StealthTemplateManager._fifteenMinuteGameplayReady' is assigned but its value is never used
Assets\_Project\Features\Templates\Stealth\Scripts\Gameplay\StealthGameplayManager.cs(956,40): warning CS0414: The field 'NPCPatrolController.waitTime' is assigned but its value is never used
Assets\_Project\Features\Templates\Stealth\Scripts\Mechanics\StealthMechanics.cs(71,40): warning CS0414: The field 'StealthMechanics.alertDecayRate' is assigned but its value is never used
Assets\_Project\Features\Templates\Stealth\Scripts\Events\StealthEventChannels.cs(38,39): warning CS0414: The field 'StealthEventChannels._enableEventBatching' is assigned but its value is never used
Assets\_Project\Features\Templates\Stealth\Scripts\Gameplay\StealthGameplayManager.cs(34,52): warning CS0414: The field 'StealthGameplayManager.difficultyLevel' is assigned but its value is never used
Assets\_Project\Features\Templates\Stealth\Scripts\Settings\StealthLearningSettings.cs(107,39): warning CS0414: The field 'StealthLearningSettings.enableRealTimeHints' is assigned but its value is never used
Assets\_Project\Features\Templates\Stealth\Scripts\Gameplay\StealthGameplayManager.cs(961,22): warning CS0414: The field 'NPCPatrolController.isPatrolling' is assigned but its value is never used
Assets\_Project\Features\Templates\Stealth\Scripts\Settings\StealthLearningSettings.cs(66,39): warning CS0414: The field 'StealthLearningSettings.enableAdaptiveDifficulty' is assigned but its value is never used
Assets\_Project\Features\Templates\Stealth\Scripts\Settings\StealthLearningSettings.cs(108,39): warning CS0414: The field 'StealthLearningSettings.enableInteractiveHighlights' is assigned but its value is never used

Assets\_Project\Features\Templates\Stealth\Scripts\Mechanics\StealthMechanics.cs(30,32): warning CS0618: 'Object.FindObjectOfType<T>()' is obsolete: 'Object.FindObjectOfType has been deprecated. Use Object.FindFirstObjectByType instead or if finding any instance is acceptable the faster Object.FindAnyObjectByType'
Assets\_Project\Features\Templates\Stealth\Scripts\Events\StealthGameEvents.cs(228,17): error CS0103: The name 'LogDebug' does not exist in the current context
Assets\_Project\Features\Templates\Stealth\Scripts\Events\StealthGameEvents.cs(235,17): error CS0103: The name 'LogDebug' does not exist in the current context
Assets\_Project\Features\Templates\Stealth\Scripts\Events\StealthGameEvents.cs(242,17): error CS0103: The name 'LogDebug' does not exist in the current context
Assets\_Project\Features\Templates\Stealth\Scripts\Settings\StealthCameraSettings.cs(318,45): error CS0117: 'AnimationCurve' does not contain a definition for 'EaseIn'
Assets\_Project\Features\Templates\Stealth\Scripts\StealthTemplateManager.cs(40,33): warning CS0618: 'Object.FindObjectOfType<T>()' is obsolete: 'Object.FindObjectOfType has been deprecated. Use Object.FindFirstObjectByType instead or if finding any instance is acceptable the faster Object.FindAnyObjectByType'
Assets\_Project\Features\Templates\Stealth\Scripts\Configuration\StealthAudioConfig.cs(286,31): warning CS0618: 'Object.FindObjectOfType(Type)' is obsolete: 'Object.FindObjectOfType has been deprecated. Use Object.FindFirstObjectByType instead or if finding any instance is acceptable the faster Object.FindAnyObjectByType'
Assets\_Project\Features\Templates\Stealth\Scripts\Configuration\StealthAudioConfig.cs(286,78): error CS1061: 'Object' does not contain a definition for 'GetComponent' and no accessible extension method 'GetComponent' accepting a first argument of type 'Object' could be found (are you missing a using directive or an assembly reference?)
Assets\_Project\Features\Templates\Stealth\Scripts\StealthTemplateConfiguration.cs(334,66): error CS1061: 'GameEvent<LearningProgressData>' does not contain a definition for 'AddListener' and no accessible extension method 'AddListener' accepting a first argument of type 'GameEvent<LearningProgressData>' could be found (are you missing a using directive or an assembly reference?)
Assets\_Project\Features\Templates\Stealth\Scripts\StealthTemplateConfiguration.cs(337,67): error CS1061: 'GameEvent<GameplayReadinessData>' does not contain a definition for 'AddListener' and no accessible extension method 'AddListener' accepting a first argument of type 'GameEvent<GameplayReadinessData>' could be found (are you missing a using directive or an assembly reference?)
Assets\_Project\Features\Templates\Stealth\Scripts\StealthTemplateConfiguration.cs(340,64): error CS1061: 'GameEvent<TutorialStepData>' does not contain a definition for 'AddListener' and no accessible extension method 'AddListener' accepting a first argument of type 'GameEvent<TutorialStepData>' could be found (are you missing a using directive or an assembly reference?)
Assets\_Project\Features\Templates\Stealth\Scripts\Mechanics\StealthMechanics.cs(316,47): warning CS0618: 'Object.FindObjectsOfType<T>()' is obsolete: 'Object.FindObjectsOfType has been deprecated. Use Object.FindObjectsByType instead which lets you decide whether you need the results sorted or not.  FindObjectsOfType sorts the results by InstanceID but if you do not need this using FindObjectSortMode.None is considerably faster.'
Assets\_Project\Features\Templates\Stealth\Scripts\StealthTemplateManager.cs(273,19): error CS0103: The name 'SendGameplayReadinessEvent' does not exist in the current context
Assets\_Project\Features\Templates\Stealth\Scripts\StealthTemplateManager.cs(325,17): error CS0103: The name 'SendLearningProgressEvent' does not exist in the current context
Assets\_Project\Features\Templates\Stealth\Scripts\StealthTemplateManager.cs(339,17): error CS0103: The name 'audioSettings' does not exist in the current context
Assets\_Project\Features\Templates\Stealth\Scripts\StealthTemplateManager.cs(339,42): error CS0103: The name 'stealthAudioService' does not exist in the current context
Assets\_Project\Features\Templates\Stealth\Scripts\StealthTemplateManager.cs(346,21): error CS0103: The name 'audioSettings' does not exist in the current context
Assets\_Project\Features\Templates\Stealth\Scripts\StealthTemplateManager.cs(353,42): error CS0103: The name 'audioSettings' does not exist in the current context
Assets\_Project\Features\Templates\Stealth\Scripts\StealthTemplateManager.cs(354,17): error CS0103: The name 'stealthAudioService' does not exist in the current context
Assets\_Project\Features\Templates\Stealth\Scripts\StealthTemplateManager.cs(357,38): error CS0103: The name 'audioSettings' does not exist in the current context
Assets\_Project\Features\Templates\Stealth\Scripts\StealthTemplateManager.cs(358,17): error CS0103: The name 'stealthAudioService' does not exist in the current context
Assets\_Project\Features\Templates\Stealth\Scripts\StealthTemplateManager.cs(361,17): error CS0103: The name 'stealthAudioService' does not exist in the current context
Assets\_Project\Features\Templates\Stealth\Scripts\StealthTemplateManager.cs(364,21): error CS0103: The name 'audioSettings' does not exist in the current context
Assets\_Project\Features\Templates\Stealth\Scripts\StealthTemplateManager.cs(370,21): error CS0103: The name 'audioSettings' does not exist in the current context
Assets\_Project\Features\Templates\Stealth\Scripts\StealthTemplateManager.cs(376,57): error CS0103: The name 'audioSettings' does not exist in the current context
Assets\_Project\Features\Templates\Stealth\Scripts\StealthTemplateManager.cs(401,17): error CS0103: The name 'stealthAudioService' does not exist in the current context
Assets\_Project\Features\Templates\Stealth\Scripts\StealthTemplateManager.cs(401,48): error CS0103: The name 'audioSettings' does not exist in the current context
Assets\_Project\Features\Templates\Stealth\Scripts\StealthTemplateManager.cs(404,38): error CS0103: The name 'audioSettings' does not exist in the current context
Assets\_Project\Features\Templates\Stealth\Scripts\StealthTemplateManager.cs(407,17): error CS0103: The name 'learningSystemActive' does not exist in the current context
Assets\_Project\Features\Templates\Stealth\Scripts\StealthTemplateManager.cs(407,41): error CS0103: The name 'learningSettings' does not exist in the current context
Assets\_Project\Features\Templates\Stealth\Scripts\StealthTemplateManager.cs(410,42): error CS0103: The name 'currentLearningProgress' does not exist in the current context
Assets\_Project\Features\Templates\Stealth\Scripts\StealthTemplateManager.cs(415,13): error CS0103: The name 'stealthAudioService' does not exist in the current context
Assets\_Project\Features\Templates\Stealth\Scripts\StealthTemplateManager.cs(431,17): error CS0103: The name 'playerStealthController' does not exist in the current context
Assets\_Project\Features\Templates\Stealth\Scripts\StealthTemplateManager.cs(441,17): error CS0103: The name 'stealthMovementController' does not exist in the current context
Assets\_Project\Features\Templates\Stealth\Scripts\StealthTemplateManager.cs(465,21): error CS0103: The name 'stealthCameraController' does not exist in the current context
Assets\_Project\Features\Templates\Stealth\Scripts\StealthTemplateManager.cs(467,21): error CS0103: The name 'stealthCameraController' does not exist in the current context
Assets\_Project\Features\Templates\Stealth\Scripts\StealthTemplateManager.cs(471,21): error CS0103: The name 'stealthCameraController' does not exist in the current context
Assets\_Project\Features\Templates\Stealth\Scripts\StealthTemplateManager.cs(474,21): error CS0103: The name 'stealthCameraController' does not exist in the current context
Assets\_Project\Features\Templates\Stealth\Scripts\StealthTemplateManager.cs(477,21): error CS0103: The name 'stealthCameraController' does not exist in the current context
Assets\_Project\Features\Templates\Stealth\Scripts\StealthTemplateManager.cs(480,72): error CS0103: The name 'stealthCameraController' does not exist in the current context
Assets\_Project\Features\Templates\Stealth\Scripts\Camera\StealthCameraController.cs(380,17): warning CS0162: Unreachable code detected
Assets\_Project\Features\Templates\Stealth\Scripts\StealthTemplateManager.cs(503,17): error CS0103: The name 'stealthCameraController' does not exist in the current context
Assets\_Project\Features\Templates\Stealth\Scripts\Mechanics\StealthMechanics.cs(439,30): warning CS0618: 'Object.FindObjectsOfType<T>()' is obsolete: 'Object.FindObjectsOfType has been deprecated. Use Object.FindObjectsByType instead which lets you decide whether you need the results sorted or not.  FindObjectsOfType sorts the results by InstanceID but if you do not need this using FindObjectSortMode.None is considerably faster.'
Assets\_Project\Features\Templates\Stealth\Scripts\StealthTemplateManager.cs(520,17): error CS0103: The name 'stealthUIManager' does not exist in the current context
Assets\_Project\Features\Templates\Stealth\Scripts\Interaction\EnvironmentalInteraction.cs(663,36): warning CS0618: 'Object.FindObjectsOfType<T>()' is obsolete: 'Object.FindObjectsOfType has been deprecated. Use Object.FindObjectsByType instead which lets you decide whether you need the results sorted or not.  FindObjectsOfType sorts the results by InstanceID but if you do not need this using FindObjectSortMode.None is considerably faster.'
Assets\_Project\Features\Templates\Stealth\Scripts\StealthTemplateManager.cs(540,21): error CS0103: The name 'gameplayManager' does not exist in the current context
Assets\_Project\Features\Templates\Stealth\Scripts\StealthTemplateManager.cs(542,21): error CS0103: The name 'gameplayManager' does not exist in the current context
Assets\_Project\Features\Templates\Stealth\Scripts\StealthTemplateManager.cs(546,21): error CS0103: The name 'gameplayManager' does not exist in the current context
Assets\_Project\Features\Templates\Stealth\Scripts\StealthTemplateManager.cs(549,21): error CS0103: The name 'gameplayManager' does not exist in the current context
Assets\_Project\Features\Templates\Stealth\Scripts\StealthTemplateManager.cs(552,71): error CS0103: The name 'gameplayManager' does not exist in the current context
Assets\_Project\Features\Templates\Stealth\Scripts\StealthTemplateManager.cs(553,71): error CS0103: The name 'gameplayManager' does not exist in the current context
Assets\_Project\Features\Templates\Stealth\Scripts\Mechanics\StealthMechanics.cs(468,30): warning CS0618: 'Object.FindObjectsOfType<T>()' is obsolete: 'Object.FindObjectsOfType has been deprecated. Use Object.FindObjectsByType instead which lets you decide whether you need the results sorted or not.  FindObjectsOfType sorts the results by InstanceID but if you do not need this using FindObjectSortMode.None is considerably faster.'
Assets\_Project\Features\Templates\Stealth\Scripts\StealthTemplateManager.cs(578,17): error CS0103: The name 'playerSettings' does not exist in the current context
Assets\_Project\Features\Templates\Stealth\Scripts\StealthTemplateManager.cs(584,17): error CS0103: The name 'aiSettings' does not exist in the current context
Assets\_Project\Features\Templates\Stealth\Scripts\StealthTemplateManager.cs(590,17): error CS0103: The name 'audioSettings' does not exist in the current context
Assets\_Project\Features\Templates\Stealth\Scripts\StealthTemplateManager.cs(596,17): error CS0103: The name 'cameraSettings' does not exist in the current context
Assets\_Project\Features\Templates\Stealth\Scripts\StealthTemplateManager.cs(602,17): error CS0103: The name 'missionSettings' does not exist in the current context
Assets\_Project\Features\Templates\Stealth\Scripts\StealthTemplateManager.cs(608,17): error CS0103: The name 'learningSettings' does not exist in the current context
Assets\_Project\Features\Templates\Stealth\Scripts\StealthTemplateManager.cs(624,13): error CS0103: The name 'learningSessionStartTime' does not exist in the current context
Assets\_Project\Features\Templates\Stealth\Scripts\StealthTemplateManager.cs(625,13): error CS0103: The name 'currentLearningStageIndex' does not exist in the current context
Assets\_Project\Features\Templates\Stealth\Scripts\StealthTemplateManager.cs(626,13): error CS0103: The name 'currentTutorialModuleIndex' does not exist in the current context
Assets\_Project\Features\Templates\Stealth\Scripts\StealthTemplateManager.cs(627,13): error CS0103: The name 'currentLearningProgress' does not exist in the current context
Assets\_Project\Features\Templates\Stealth\Scripts\StealthTemplateManager.cs(629,17): error CS0103: The name 'learningSettings' does not exist in the current context
Assets\_Project\Features\Templates\Stealth\Scripts\StealthTemplateManager.cs(631,17): error CS0103: The name 'learningSystemActive' does not exist in the current context
Assets\_Project\Features\Templates\Stealth\Scripts\StealthTemplateManager.cs(632,82): error CS0103: The name 'learningSettings' does not exist in the current context
Assets\_Project\Features\Templates\Stealth\Scripts\StealthTemplateManager.cs(633,71): error CS0103: The name 'learningSettings' does not exist in the current context
Assets\_Project\Features\Templates\Stealth\Scripts\StealthTemplateManager.cs(648,13): error CS0103: The name 'missionStartTime' does not exist in the current context
Assets\_Project\Features\Templates\Stealth\Scripts\StealthTemplateManager.cs(649,13): error CS0103: The name 'currentMissionPhaseIndex' does not exist in the current context
Assets\_Project\Features\Templates\Stealth\Scripts\StealthTemplateManager.cs(651,17): error CS0103: The name 'missionSettings' does not exist in the current context
Assets\_Project\Features\Templates\Stealth\Scripts\StealthTemplateManager.cs(653,17): error CS0103: The name 'missionSystemActive' does not exist in the current context
Assets\_Project\Features\Templates\Stealth\Scripts\StealthTemplateManager.cs(654,81): error CS0103: The name 'missionSettings' does not exist in the current context
Assets\_Project\Features\Templates\Stealth\Scripts\StealthTemplateManager.cs(657,39): error CS0103: The name 'missionSettings' does not exist in the current context
Assets\_Project\Features\Templates\Stealth\Scripts\StealthTemplateManager.cs(676,17): error CS0103: The name 'learningSettings' does not exist in the current context
Assets\_Project\Features\Templates\Stealth\Scripts\StealthTemplateValidator.cs(240,74): error CS1061: 'StealthTemplateConfiguration' does not contain a definition for 'templateName' and no accessible extension method 'templateName' accepting a first argument of type 'StealthTemplateConfiguration' could be found (are you missing a using directive or an assembly reference?)
Assets\_Project\Features\Templates\Stealth\Scripts\StealthTemplateValidator.cs(241,72): error CS1061: 'StealthTemplateConfiguration' does not contain a definition for 'templateVersion' and no accessible extension method 'templateVersion' accepting a first argument of type 'StealthTemplateConfiguration' could be found (are you missing a using directive or an assembly reference?)
Assets\_Project\Features\Templates\Stealth\Scripts\StealthTemplateValidator.cs(248,51): error CS1061: 'StealthTemplateConfiguration' does not contain a definition for 'targetGameplayDuration' and no accessible extension method 'targetGameplayDuration' accepting a first argument of type 'StealthTemplateConfiguration' could be found (are you missing a using directive or an assembly reference?)
Assets\_Project\Features\Templates\Stealth\Scripts\StealthTemplateValidator.cs(249,49): error CS1061: 'StealthTemplateConfiguration' does not contain a definition for 'estimatedLearningTime' and no accessible extension method 'estimatedLearningTime' accepting a first argument of type 'StealthTemplateConfiguration' could be found (are you missing a using directive or an assembly reference?)
Assets\_Project\Features\Templates\Stealth\Scripts\StealthTemplateManager.cs(687,17): error CS0103: The name 'aiSettings' does not exist in the current context
Assets\_Project\Features\Templates\Stealth\Scripts\StealthTemplateManager.cs(693,67): error CS0103: The name 'aiSettings' does not exist in the current context
Assets\_Project\Features\Templates\Stealth\Scripts\StealthTemplateManager.cs(694,64): error CS0103: The name 'aiSettings' does not exist in the current context
Assets\_Project\Features\Templates\Stealth\Scripts\StealthTemplateManager.cs(695,67): error CS0103: The name 'aiSettings' does not exist in the current context
Assets\_Project\Features\Templates\Stealth\Scripts\StealthTemplateManager.cs(696,73): error CS0103: The name 'aiSettings' does not exist in the current context
Assets\_Project\Features\Templates\Stealth\Scripts\StealthTemplateManager.cs(715,18): error CS0103: The name 'learningSystemActive' does not exist in the current context
Assets\_Project\Features\Templates\Stealth\Scripts\StealthTemplateManager.cs(715,42): error CS0103: The name 'learningSettings' does not exist in the current context
Assets\_Project\Features\Templates\Stealth\Scripts\StealthTemplateManager.cs(719,32): error CS0103: The name 'learningSettings' does not exist in the current context
Assets\_Project\Features\Templates\Stealth\Scripts\StealthTemplateManager.cs(719,64): error CS0103: The name 'currentLearningStageIndex' does not exist in the current context
Assets\_Project\Features\Templates\Stealth\Scripts\StealthTemplateManager.cs(724,13): error CS0103: The name 'currentGameplayPhase' does not exist in the current context
Assets\_Project\Features\Templates\Stealth\Scripts\StealthTemplateManager.cs(732,18): error CS0103: The name 'missionSystemActive' does not exist in the current context
Assets\_Project\Features\Templates\Stealth\Scripts\StealthTemplateManager.cs(732,41): error CS0103: The name 'missionSettings' does not exist in the current context
Assets\_Project\Features\Templates\Stealth\Scripts\StealthTemplateManager.cs(736,32): error CS0103: The name 'missionSettings' does not exist in the current context
Assets\_Project\Features\Templates\Stealth\Scripts\StealthTemplateManager.cs(736,63): error CS0103: The name 'currentMissionPhaseIndex' does not exist in the current context
Assets\_Project\Features\Templates\Stealth\Scripts\StealthTemplateManager.cs(740,13): error CS0103: The name 'currentGameplayPhase' does not exist in the current context
Assets\_Project\Features\Templates\Stealth\Scripts\StealthTemplateManager.cs(748,45): error CS0103: The name 'learningSessionStartTime' does not exist in the current context
Assets\_Project\Features\Templates\Stealth\Scripts\StealthTemplateManager.cs(749,32): error CS0103: The name 'learningSettings' does not exist in the current context
Assets\_Project\Features\Templates\Stealth\Scripts\StealthTemplateManager.cs(749,64): error CS0103: The name 'currentLearningStageIndex' does not exist in the current context
Assets\_Project\Features\Templates\Stealth\Scripts\StealthTemplateManager.cs(753,13): error CS0103: The name 'currentLearningProgress' does not exist in the current context
Assets\_Project\Features\Templates\Stealth\Scripts\StealthTemplateManager.cs(753,40): error CS0103: The name 'currentLearningStageIndex' does not exist in the current context
Assets\_Project\Features\Templates\Stealth\Scripts\StealthTemplateManager.cs(753,85): error CS0103: The name 'learningSettings' does not exist in the current context
Assets\_Project\Features\Templates\Stealth\Scripts\StealthTemplateManager.cs(756,42): error CS0103: The name 'currentLearningStageIndex' does not exist in the current context
Assets\_Project\Features\Templates\Stealth\Scripts\StealthTemplateManager.cs(756,70): error CS0103: The name 'learningSettings' does not exist in the current context
Assets\_Project\Features\Templates\Stealth\Scripts\StealthTemplateManager.cs(758,17): error CS0103: The name 'currentLearningStageIndex' does not exist in the current context
Assets\_Project\Features\Templates\Stealth\Scripts\StealthTemplateManager.cs(759,86): error CS0103: The name 'learningSettings' does not exist in the current context
Assets\_Project\Features\Templates\Stealth\Scripts\StealthTemplateManager.cs(759,118): error CS0103: The name 'currentLearningStageIndex' does not exist in the current context
Assets\_Project\Features\Templates\Stealth\Scripts\StealthTemplateManager.cs(769,45): error CS0103: The name 'missionStartTime' does not exist in the current context
Assets\_Project\Features\Templates\Stealth\Scripts\StealthTemplateManager.cs(770,32): error CS0103: The name 'missionSettings' does not exist in the current context
Assets\_Project\Features\Templates\Stealth\Scripts\StealthTemplateManager.cs(770,63): error CS0103: The name 'currentMissionPhaseIndex' does not exist in the current context
Assets\_Project\Features\Templates\Stealth\Scripts\StealthTemplateManager.cs(773,57): error CS0103: The name 'currentMissionPhaseIndex' does not exist in the current context
Assets\_Project\Features\Templates\Stealth\Scripts\StealthTemplateManager.cs(773,84): error CS0103: The name 'missionSettings' does not exist in the current context
Assets\_Project\Features\Templates\Stealth\Scripts\StealthTemplateManager.cs(775,17): error CS0103: The name 'currentMissionPhaseIndex' does not exist in the current context
Assets\_Project\Features\Templates\Stealth\Scripts\StealthTemplateManager.cs(776,85): error CS0103: The name 'missionSettings' does not exist in the current context
Assets\_Project\Features\Templates\Stealth\Scripts\StealthTemplateManager.cs(776,116): error CS0103: The name 'currentMissionPhaseIndex' does not exist in the current context
Assets\_Project\Features\Templates\Stealth\Scripts\StealthTemplateManager.cs(786,18): error CS0103: The name 'learningSettings' does not exist in the current context
Assets\_Project\Features\Templates\Stealth\Scripts\StealthTemplateValidator.cs(265,38): error CS0029: Cannot implicitly convert type 'asterivo.Unity60.Features.Templates.Stealth.Configuration.StealthMechanicsConfig' to 'UnityEngine.Object'
Assets\_Project\Features\Templates\Stealth\Scripts\StealthTemplateValidator.cs(266,31): error CS0029: Cannot implicitly convert type 'asterivo.Unity60.Features.Templates.Stealth.Configuration.StealthAIConfig' to 'UnityEngine.Object'
Assets\_Project\Features\Templates\Stealth\Scripts\StealthTemplateValidator.cs(267,34): error CS0029: Cannot implicitly convert type 'asterivo.Unity60.Features.Templates.Stealth.Configuration.StealthAudioConfig' to 'UnityEngine.Object'
Assets\_Project\Features\Templates\Stealth\Scripts\StealthTemplateValidator.cs(268,40): error CS0029: Cannot implicitly convert type 'asterivo.Unity60.Features.Templates.Stealth.Configuration.StealthEnvironmentConfig' to 'UnityEngine.Object'
Assets\_Project\Features\Templates\Stealth\Scripts\StealthTemplateValidator.cs(269,31): error CS0029: Cannot implicitly convert type 'asterivo.Unity60.Features.Templates.Stealth.Configuration.StealthUIConfig' to 'UnityEngine.Object'
Assets\_Project\Features\Templates\Stealth\Scripts\StealthTemplateValidator.cs(270,37): error CS0029: Cannot implicitly convert type 'asterivo.Unity60.Features.Templates.Stealth.Configuration.StealthTutorialConfig' to 'UnityEngine.Object'
Assets\_Project\Features\Templates\Stealth\Scripts\StealthTemplateManager.cs(798,17): error CS0103: The name 'learningSystemActive' does not exist in the current context
Assets\_Project\Features\Templates\Stealth\Scripts\StealthTemplateManager.cs(798,41): error CS0103: The name 'learningSettings' does not exist in the current context
Assets\_Project\Features\Templates\Stealth\Scripts\StealthTemplateManager.cs(798,69): error CS0103: The name 'currentLearningStageIndex' does not exist in the current context
Assets\_Project\Features\Templates\Stealth\Scripts\StealthTemplateManager.cs(798,97): error CS0103: The name 'learningSettings' does not exist in the current context
Assets\_Project\Features\Templates\Stealth\Scripts\StealthTemplateManager.cs(800,36): error CS0103: The name 'learningSettings' does not exist in the current context
Assets\_Project\Features\Templates\Stealth\Scripts\StealthTemplateManager.cs(800,68): error CS0103: The name 'currentLearningStageIndex' does not exist in the current context
Assets\_Project\Features\Templates\Stealth\Scripts\StealthTemplateManager.cs(801,17): error CS0103: The name 'currentGameplayPhase' does not exist in the current context
Assets\_Project\Features\Templates\Stealth\Scripts\StealthTemplateManager.cs(801,79): error CS0103: The name 'currentLearningProgress' does not exist in the current context
Assets\_Project\Features\Templates\Stealth\Scripts\StealthTemplateManager.cs(803,22): error CS0103: The name 'missionSystemActive' does not exist in the current context
Assets\_Project\Features\Templates\Stealth\Scripts\StealthTemplateManager.cs(803,45): error CS0103: The name 'missionSettings' does not exist in the current context
Assets\_Project\Features\Templates\Stealth\Scripts\StealthTemplateManager.cs(803,72): error CS0103: The name 'currentMissionPhaseIndex' does not exist in the current context
Assets\_Project\Features\Templates\Stealth\Scripts\StealthTemplateManager.cs(803,99): error CS0103: The name 'missionSettings' does not exist in the current context
Assets\_Project\Features\Templates\Stealth\Scripts\StealthTemplateManager.cs(805,36): error CS0103: The name 'missionSettings' does not exist in the current context
Assets\_Project\Features\Templates\Stealth\Scripts\StealthTemplateManager.cs(805,67): error CS0103: The name 'currentMissionPhaseIndex' does not exist in the current context
Assets\_Project\Features\Templates\Stealth\Scripts\StealthTemplateManager.cs(806,47): error CS0103: The name 'missionStartTime' does not exist in the current context
Assets\_Project\Features\Templates\Stealth\Scripts\StealthTemplateManager.cs(808,17): error CS0103: The name 'currentGameplayPhase' does not exist in the current context
Assets\_Project\Features\Templates\Stealth\Scripts\StealthTemplateManager.cs(837,40): error CS1061: 'StealthTemplateConfiguration' does not contain a definition for 'PlayerConfig' and no accessible extension method 'PlayerConfig' accepting a first argument of type 'StealthTemplateConfiguration' could be found (are you missing a using directive or an assembly reference?)
Assets\_Project\Features\Templates\Stealth\Scripts\StealthTemplateManager.cs(867,21): error CS0103: The name '_stealthEventChannels' does not exist in the current context
Assets\_Project\Features\Templates\Stealth\Scripts\StealthTemplateManager.cs(888,17): error CS0103: The name '_stealthEventChannels' does not exist in the current context
Assets\_Project\Features\Templates\Stealth\Scripts\StealthTemplateManager.cs(891,17): error CS0103: The name '_stealthEventChannels' does not exist in the current context
Assets\_Project\Features\Templates\Stealth\Scripts\StealthTemplateManager.cs(894,32): error CS0103: The name '_stealthEventChannels' does not exist in the current context
Assets\_Project\Features\Templates\Stealth\Scripts\StealthTemplateManager.cs(921,30): warning CS0618: 'Object.FindObjectsOfType<T>()' is obsolete: 'Object.FindObjectsOfType has been deprecated. Use Object.FindObjectsByType instead which lets you decide whether you need the results sorted or not.  FindObjectsOfType sorts the results by InstanceID but if you do not need this using FindObjectSortMode.None is considerably faster.'
Assets\_Project\Features\Templates\Stealth\Scripts\StealthTemplateManager.cs(921,65): error CS1061: 'MonoBehaviour[]' does not contain a definition for 'Where' and no accessible extension method 'Where' accepting a first argument of type 'MonoBehaviour[]' could be found (are you missing a using directive or an assembly reference?)
Assets\_Project\Features\Templates\Stealth\Scripts\StealthTemplateManager.cs(929,39): warning CS0618: 'Object.FindObjectsOfType<T>()' is obsolete: 'Object.FindObjectsOfType has been deprecated. Use Object.FindObjectsByType instead which lets you decide whether you need the results sorted or not.  FindObjectsOfType sorts the results by InstanceID but if you do not need this using FindObjectSortMode.None is considerably faster.'
Assets\_Project\Features\Templates\Stealth\Scripts\StealthTemplateManager.cs(929,74): error CS1061: 'MonoBehaviour[]' does not contain a definition for 'Where' and no accessible extension method 'Where' accepting a first argument of type 'MonoBehaviour[]' could be found (are you missing a using directive or an assembly reference?)
Assets\_Project\Features\Templates\Stealth\Scripts\StealthTemplateManager.cs(937,37): warning CS0618: 'Object.FindObjectsOfType<T>()' is obsolete: 'Object.FindObjectsOfType has been deprecated. Use Object.FindObjectsByType instead which lets you decide whether you need the results sorted or not.  FindObjectsOfType sorts the results by InstanceID but if you do not need this using FindObjectSortMode.None is considerably faster.'
Assets\_Project\Features\Templates\Stealth\Scripts\StealthTemplateManager.cs(937,72): error CS1061: 'MonoBehaviour[]' does not contain a definition for 'Where' and no accessible extension method 'Where' accepting a first argument of type 'MonoBehaviour[]' could be found (are you missing a using directive or an assembly reference?)
Assets\_Project\Features\Templates\Stealth\Scripts\StealthTemplateManager.cs(966,36): error CS1061: 'StealthTutorialConfig' does not contain a definition for 'EnableGuidedLearning' and no accessible extension method 'EnableGuidedLearning' accepting a first argument of type 'StealthTutorialConfig' could be found (are you missing a using directive or an assembly reference?)
Assets\_Project\Features\Templates\Stealth\Scripts\StealthTemplateManager.cs(972,36): error CS1061: 'StealthTutorialConfig' does not contain a definition for 'TargetLearningHours' and no accessible extension method 'TargetLearningHours' accepting a first argument of type 'StealthTutorialConfig' could be found (are you missing a using directive or an assembly reference?)
Assets\_Project\Features\Templates\Stealth\Scripts\StealthTemplateManager.cs(974,60): error CS1061: 'StealthTutorialConfig' does not contain a definition for 'TargetLearningHours' and no accessible extension method 'TargetLearningHours' accepting a first argument of type 'StealthTutorialConfig' could be found (are you missing a using directive or an assembly reference?)
Assets\_Project\Features\Templates\Stealth\Scripts\StealthTemplateManager.cs(981,25): error CS0103: The name 'LogWarning' does not exist in the current context
Assets\_Project\Features\Templates\Stealth\Scripts\Gameplay\StealthGameplayManager.cs(473,33): warning CS0618: 'Object.FindObjectsOfType<T>()' is obsolete: 'Object.FindObjectsOfType has been deprecated. Use Object.FindObjectsByType instead which lets you decide whether you need the results sorted or not.  FindObjectsOfType sorts the results by InstanceID but if you do not need this using FindObjectSortMode.None is considerably faster.'
Assets\_Project\Features\Templates\Stealth\Scripts\StealthTemplateManager.cs(1062,55): error CS1061: 'StealthTemplateConfiguration' does not contain a definition for 'PlayerConfig' and no accessible extension method 'PlayerConfig' accepting a first argument of type 'StealthTemplateConfiguration' could be found (are you missing a using directive or an assembly reference?)
Assets\_Project\Features\Templates\Stealth\Scripts\StealthTemplateManager.cs(1093,55): error CS1061: 'StealthTemplateConfiguration' does not contain a definition for 'CameraConfig' and no accessible extension method 'CameraConfig' accepting a first argument of type 'StealthTemplateConfiguration' could be found (are you missing a using directive or an assembly reference?)
Assets\_Project\Features\Templates\Stealth\Scripts\StealthTemplateManager.cs(1166,36): error CS1061: 'StealthTutorialConfig' does not contain a definition for 'EnableGuidedLearning' and no accessible extension method 'EnableGuidedLearning' accepting a first argument of type 'StealthTutorialConfig' could be found (are you missing a using directive or an assembly reference?)
Assets\_Project\Features\Templates\Stealth\Scripts\StealthTemplateManager.cs(1171,36): error CS1061: 'StealthTutorialConfig' does not contain a definition for 'TargetLearningHours' and no accessible extension method 'TargetLearningHours' accepting a first argument of type 'StealthTutorialConfig' could be found (are you missing a using directive or an assembly reference?)
Assets\_Project\Features\Templates\Stealth\Scripts\StealthTemplateManager.cs(1173,120): error CS1061: 'StealthTutorialConfig' does not contain a definition for 'TargetLearningHours' and no accessible extension method 'TargetLearningHours' accepting a first argument of type 'StealthTutorialConfig' could be found (are you missing a using directive or an assembly reference?)
Assets\_Project\Features\Templates\Stealth\Scripts\StealthTemplateManager.cs(1196,17): error CS0103: The name '_stealthEventChannels' does not exist in the current context
Assets\_Project\Features\Templates\Stealth\Scripts\StealthTemplateManager.cs(1238,40): error CS1061: 'StealthTemplateConfiguration' does not contain a definition for 'PlayerConfig' and no accessible extension method 'PlayerConfig' accepting a first argument of type 'StealthTemplateConfiguration' could be found (are you missing a using directive or an assembly reference?)
Assets\_Project\Features\Templates\Stealth\Scripts\StealthTemplateManager.cs(1251,40): error CS1061: 'StealthTemplateConfiguration' does not contain a definition for 'CameraConfig' and no accessible extension method 'CameraConfig' accepting a first argument of type 'StealthTemplateConfiguration' could be found (are you missing a using directive or an assembly reference?)
Assets\_Project\Features\Templates\Stealth\Scripts\StealthTemplateManager.cs(1293,17): error CS0103: The name '_stealthEventChannels' does not exist in the current context
Assets\_Project\Features\Templates\Stealth\Scripts\StealthTemplateManager.cs(1339,17): error CS0103: The name 'stealthAudioService' does not exist in the current context
Assets\_Project\Features\Templates\Stealth\Scripts\StealthTemplateManager.cs(1341,17): error CS0103: The name 'stealthAudioService' does not exist in the current context
Assets\_Project\Features\Templates\Stealth\Scripts\StealthTemplateManager.cs(1351,17): error CS0103: The name 'stealthAudioService' does not exist in the current context
Assets\_Project\Features\Templates\Stealth\Scripts\StealthTemplateManager.cs(1353,17): error CS0103: The name 'stealthAudioService' does not exist in the current context
Assets\_Project\Features\Templates\Stealth\Scripts\StealthTemplateManager.cs(1365,17): error CS0103: The name 'stealthAudioService' does not exist in the current context
Assets\_Project\Features\Templates\Stealth\Scripts\StealthTemplateManager.cs(1367,17): error CS0103: The name 'stealthAudioService' does not exist in the current context
Assets\_Project\Features\Templates\Stealth\Scripts\StealthTemplateManager.cs(1377,17): error CS0103: The name 'stealthAudioService' does not exist in the current context
Assets\_Project\Features\Templates\Stealth\Scripts\StealthTemplateManager.cs(1379,17): error CS0103: The name 'stealthAudioService' does not exist in the current context
Assets\_Project\Features\Templates\Stealth\Scripts\StealthTemplateManager.cs(1407,27): error CS0103: The name 'AlertLevel' does not exist in the current context
Assets\_Project\Features\Templates\Stealth\Scripts\StealthTemplateManager.cs(1413,27): error CS0103: The name 'AlertLevel' does not exist in the current context
Assets\_Project\Features\Templates\Stealth\Scripts\StealthTemplateManager.cs(1429,17): error CS0103: The name 'playerSettings' does not exist in the current context
Assets\_Project\Features\Templates\Stealth\Scripts\StealthTemplateManager.cs(1431,78): error CS0103: The name 'playerSettings' does not exist in the current context
Assets\_Project\Features\Templates\Stealth\Scripts\StealthTemplateManager.cs(1434,17): error CS0103: The name 'aiSettings' does not exist in the current context
Assets\_Project\Features\Templates\Stealth\Scripts\StealthTemplateManager.cs(1436,77): error CS0103: The name 'aiSettings' does not exist in the current context
Assets\_Project\Features\Templates\Stealth\Scripts\StealthTemplateManager.cs(1439,17): error CS0103: The name 'audioSettings' does not exist in the current context
Assets\_Project\Features\Templates\Stealth\Scripts\StealthTemplateManager.cs(1441,73): error CS0103: The name 'audioSettings' does not exist in the current context
Assets\_Project\Features\Templates\Stealth\Scripts\StealthTemplateManager.cs(1444,17): error CS0103: The name 'cameraSettings' does not exist in the current context
Assets\_Project\Features\Templates\Stealth\Scripts\StealthTemplateManager.cs(1446,65): error CS0103: The name 'cameraSettings' does not exist in the current context
Assets\_Project\Features\Templates\Stealth\Scripts\StealthTemplateManager.cs(1449,17): error CS0103: The name 'missionSettings' does not exist in the current context
Assets\_Project\Features\Templates\Stealth\Scripts\StealthTemplateManager.cs(1451,66): error CS0103: The name 'missionSettings' does not exist in the current context
Assets\_Project\Features\Templates\Stealth\Scripts\StealthTemplateManager.cs(1454,17): error CS0103: The name 'learningSettings' does not exist in the current context
Assets\_Project\Features\Templates\Stealth\Scripts\StealthTemplateManager.cs(1456,67): error CS0103: The name 'learningSettings' does not exist in the current context
Assets\_Project\Features\Templates\Stealth\Scripts\StealthTemplateManager.cs(1456,116): error CS0103: The name 'learningSettings' does not exist in the current context
Assets\_Project\Features\Templates\Stealth\Scripts\StealthTemplateManager.cs(1460,17): error CS0103: The name 'playerStealthController' does not exist in the current context
Assets\_Project\Features\Templates\Stealth\Scripts\StealthTemplateManager.cs(1465,17): error CS0103: The name 'stealthMovementController' does not exist in the current context
Assets\_Project\Features\Templates\Stealth\Scripts\StealthTemplateManager.cs(1470,17): error CS0103: The name 'stealthAudioService' does not exist in the current context
Assets\_Project\Features\Templates\Stealth\Scripts\StealthTemplateManager.cs(1484,17): error CS0103: The name 'learningSettings' does not exist in the current context
Assets\_Project\Features\Templates\Stealth\Scripts\StealthTemplateManager.cs(1491,42): error CS0103: The name 'learningSettings' does not exist in the current context
Assets\_Project\Features\Templates\Stealth\Scripts\StealthTemplateManager.cs(1492,43): error CS0103: The name 'learningSettings' does not exist in the current context
Assets\_Project\Features\Templates\Stealth\Scripts\StealthTemplateManager.cs(1493,46): error CS0103: The name 'learningSettings' does not exist in the current context
Assets\_Project\Features\Templates\Stealth\Scripts\StealthTemplateManager.cs(1494,60): error CS0103: The name 'learningSettings' does not exist in the current context
Assets\_Project\Features\Templates\Stealth\Scripts\StealthTemplateManager.cs(1496,35): error CS0103: The name 'learningSettings' does not exist in the current context
Assets\_Project\Features\Templates\Stealth\Scripts\StealthTemplateManager.cs(1507,17): error CS0103: The name 'missionSettings' does not exist in the current context
Assets\_Project\Features\Templates\Stealth\Scripts\StealthTemplateManager.cs(1514,42): error CS0103: The name 'missionSettings' does not exist in the current context
Assets\_Project\Features\Templates\Stealth\Scripts\StealthTemplateManager.cs(1517,35): error CS0103: The name 'missionSettings' does not exist in the current context
Assets\_Project\Features\Templates\Stealth\Scripts\StealthTemplateManager.cs(1535,17): error CS0103: The name 'debugMode' does not exist in the current context
Assets\_Project\Features\Templates\Stealth\Scripts\StealthTemplateManager.cs(1558,13): error CS0103: The name 'InitializeTemplate' does not exist in the current context
Assets\_Project\Features\Templates\Stealth\Scripts\StealthTemplateManager.cs(1559,13): error CS0103: The name 'SetupStealthTemplate' does not exist in the current context
Assets\_Project\Features\Templates\Stealth\Scripts\StealthTemplateManager.cs(1568,43): error CS0103: The name 'enableTemplate' does not exist in the current context
Assets\_Project\Features\Templates\Stealth\Scripts\StealthTemplateManager.cs(1569,48): error CS0103: The name 'isInitialized' does not exist in the current context
Assets\_Project\Features\Templates\Stealth\Scripts\StealthTemplateManager.cs(1570,45): error CS0103: The name 'settingsValidated' does not exist in the current context
Assets\_Project\Features\Templates\Stealth\Scripts\StealthTemplateManager.cs(1571,49): error CS0103: The name 'learningSystemActive' does not exist in the current context
Assets\_Project\Features\Templates\Stealth\Scripts\StealthTemplateManager.cs(1572,48): error CS0103: The name 'missionSystemActive' does not exist in the current context
Assets\_Project\Features\Templates\Stealth\Scripts\StealthTemplateManager.cs(1576,42): error CS0103: The name 'playerSettings' does not exist in the current context
Assets\_Project\Features\Templates\Stealth\Scripts\StealthTemplateManager.cs(1577,38): error CS0103: The name 'aiSettings' does not exist in the current context
Assets\_Project\Features\Templates\Stealth\Scripts\StealthTemplateManager.cs(1578,41): error CS0103: The name 'audioSettings' does not exist in the current context
Assets\_Project\Features\Templates\Stealth\Scripts\StealthTemplateManager.cs(1579,42): error CS0103: The name 'cameraSettings' does not exist in the current context
Assets\_Project\Features\Templates\Stealth\Scripts\StealthTemplateManager.cs(1580,43): error CS0103: The name 'missionSettings' does not exist in the current context
Assets\_Project\Features\Templates\Stealth\Scripts\StealthTemplateManager.cs(1581,44): error CS0103: The name 'learningSettings' does not exist in the current context
Assets\_Project\Features\Templates\Stealth\Scripts\StealthTemplateManager.cs(1585,51): error CS0103: The name 'playerStealthController' does not exist in the current context
Assets\_Project\Features\Templates\Stealth\Scripts\StealthTemplateManager.cs(1586,53): error CS0103: The name 'stealthMovementController' does not exist in the current context
Assets\_Project\Features\Templates\Stealth\Scripts\StealthTemplateManager.cs(1587,47): error CS0103: The name 'stealthAudioService' does not exist in the current context
Assets\_Project\Features\Templates\Stealth\Scripts\StealthTemplateManager.cs(1590,17): error CS0103: The name 'learningSettings' does not exist in the current context
Assets\_Project\Features\Templates\Stealth\Scripts\StealthTemplateManager.cs(1593,46): error CS0103: The name 'learningSettings' does not exist in the current context
Assets\_Project\Features\Templates\Stealth\Scripts\StealthTemplateManager.cs(1594,50): error CS0103: The name 'learningSettings' does not exist in the current context
Assets\_Project\Features\Templates\Stealth\Scripts\StealthTemplateManager.cs(1595,64): error CS0103: The name 'learningSettings' does not exist in the current context
Assets\_Project\Features\Templates\Stealth\Scripts\StealthTemplateManager.cs(1596,56): error CS0103: The name 'currentLearningProgress' does not exist in the current context
Assets\_Project\Features\Templates\Stealth\Scripts\StealthTemplateManager.cs(1600,17): error CS0103: The name 'missionSettings' does not exist in the current context
Assets\_Project\Features\Templates\Stealth\Scripts\StealthTemplateManager.cs(1603,46): error CS0103: The name 'missionSettings' does not exist in the current context
Assets\_Project\Features\Templates\Stealth\Scripts\StealthTemplateManager.cs(1605,39): error CS0103: The name 'missionSettings' does not exist in the current context
Assets\_Project\Features\Templates\Stealth\Scripts\StealthTemplateManager.cs(1614,49): error CS0103: The name 'currentGameplayPhase' does not exist in the current context
Assets\_Project\Features\Templates\Stealth\Scripts\StealthTemplateManager.cs(1622,17): error CS0103: The name 'learningSettings' does not exist in the current context
Assets\_Project\Features\Templates\Stealth\Scripts\StealthTemplateManager.cs(1630,48): error CS0103: The name 'learningSettings' does not exist in the current context
Assets\_Project\Features\Templates\Stealth\Scripts\StealthTemplateManager.cs(1631,49): error CS0103: The name 'learningSettings' does not exist in the current context
Assets\_Project\Features\Templates\Stealth\Scripts\StealthTemplateManager.cs(1632,52): error CS0103: The name 'learningSettings' does not exist in the current context
Assets\_Project\Features\Templates\Stealth\Scripts\StealthTemplateManager.cs(1633,48): error CS0103: The name 'learningSettings' does not exist in the current context
Assets\_Project\Features\Templates\Stealth\Scripts\StealthTemplateManager.cs(1634,56): error CS0103: The name 'learningSettings' does not exist in the current context
Assets\_Project\Features\Templates\Stealth\Scripts\StealthTemplateManager.cs(1635,60): error CS0103: The name 'learningSettings' does not exist in the current context
Assets\_Project\Features\Templates\Stealth\Scripts\StealthTemplateManager.cs(1638,33): error CS0103: The name 'learningSettings' does not exist in the current context
Assets\_Project\Features\Templates\Stealth\Scripts\StealthTemplateManager.cs(1640,29): error CS0103: The name 'learningSettings' does not exist in the current context
Assets\_Project\Features\Templates\Stealth\Scripts\StealthTemplateManager.cs(1650,17): error CS0103: The name 'missionSettings' does not exist in the current context
Assets\_Project\Features\Templates\Stealth\Scripts\StealthTemplateManager.cs(1659,35): error CS0103: The name 'missionSettings' does not exist in the current context
Assets\_Project\Features\Templates\Stealth\Scripts\StealthTemplateManager.cs(1696,35): error CS0103: The name '_configuration' does not exist in the current context
Assets\_Project\Features\Templates\Stealth\Scripts\StealthTemplateManager.cs(1696,76): error CS0103: The name '_configuration' does not exist in the current context
Assets\_Project\Features\Templates\Stealth\Scripts\StealthTemplateManager.cs(1700,47): error CS0103: The name '_configuration' does not exist in the current context
Assets\_Project\Features\Templates\Stealth\Scripts\StealthTemplateValidator.cs(391,43): error CS0103: The name 'learningSettings' does not exist in the current context
Assets\_Project\Features\Templates\Stealth\Scripts\StealthTemplateValidator.cs(398,41): error CS0103: The name 'learningSettings' does not exist in the current context
Assets\_Project\Features\Templates\Stealth\Scripts\StealthTemplateValidator.cs(441,44): warning CS0618: 'Profiler.GetTotalAllocatedMemory()' is obsolete: 'GetTotalAllocatedMemory has been deprecated since it is limited to 4GB. Please use GetTotalAllocatedMemoryLong() instead.'
Assets\_Project\Features\Templates\Stealth\Scripts\StealthTemplateValidator.cs(465,45): warning CS0618: 'Object.FindObjectsOfType<T>()' is obsolete: 'Object.FindObjectsOfType has been deprecated. Use Object.FindObjectsByType instead which lets you decide whether you need the results sorted or not.  FindObjectsOfType sorts the results by InstanceID but if you do not need this using FindObjectSortMode.None is considerably faster.'
Assets\_Project\Features\Templates\Stealth\Scripts\Settings\StealthLearningSettings.cs(69,39): warning CS0414: The field 'StealthLearningSettings.enableSkillValidation' is assigned but its value is never used
Assets\_Project\Features\Templates\Stealth\Scripts\Events\StealthEventChannels.cs(37,40): warning CS0414: The field 'StealthEventChannels._eventProcessingTimeLimit' is assigned but its value is never used
Assets\_Project\Features\Templates\Stealth\Scripts\UI\StealthUIManager.cs(88,48): warning CS0414: The field 'StealthUIManager.activeDetectionIndicators' is assigned but its value is never used
Assets\_Project\Features\Templates\Stealth\Scripts\Events\StealthEventChannels.cs(35,38): warning CS0414: The field 'StealthEventChannels._maxEventsPerFrame' is assigned but its value is never used
Assets\_Project\Features\Templates\Stealth\Scripts\Gameplay\StealthGameplayManager.cs(50,39): warning CS0414: The field 'StealthGameplayManager.enableNPCCommunication' is assigned but its value is never used
Assets\_Project\Features\Templates\Stealth\Scripts\Settings\StealthLearningSettings.cs(67,59): warning CS0414: The field 'StealthLearningSettings.learningSpeedMultiplier' is assigned but its value is never used
Assets\_Project\Features\Templates\Stealth\Scripts\Settings\StealthLearningSettings.cs(109,40): warning CS0414: The field 'StealthLearningSettings.hintDisplayDelay' is assigned but its value is never used
Assets\_Project\Features\Templates\Stealth\Scripts\StealthTemplateValidator.cs(39,59): warning CS0414: The field 'StealthTemplateValidator.testDurationOverride' is assigned but its value is never used
Assets\_Project\Features\Templates\Stealth\Scripts\Settings\StealthLearningSettings.cs(68,39): warning CS0414: The field 'StealthLearningSettings.enableProgressiveUnlock' is assigned but its value is never used
Assets\_Project\Features\Templates\Stealth\Scripts\Interaction\EnvironmentalInteraction.cs(533,44): warning CS0414: The field 'EnvironmentalInteraction.HidingSpot.hidingEffectiveness' is assigned but its value is never used
Assets\_Project\Features\Templates\Stealth\Scripts\Settings\StealthLearningSettings.cs(110,39): warning CS0414: The field 'StealthLearningSettings.enableTutorialSkipping' is assigned but its value is never used
Assets\_Project\Features\Templates\Stealth\Scripts\Interaction\EnvironmentalInteraction.cs(490,44): warning CS0414: The field 'EnvironmentalInteraction.DistractionItem.distractionDuration' is assigned but its value is never used
Assets\_Project\Features\Templates\Stealth\Scripts\StealthTemplateManager.cs(105,26): warning CS0414: The field 'StealthTemplateManager._currentTemplatePhase' is assigned but its value is never used
Assets\_Project\Features\Templates\Stealth\Scripts\StealthTemplateManager.cs(81,39): warning CS0414: The field 'StealthTemplateManager._debugMode' is assigned but its value is never used
Assets\_Project\Features\Templates\Stealth\Scripts\StealthTemplateManager.cs(115,49): warning CS0414: The field 'StealthTemplateManager._fifteenMinuteGameplayReady' is assigned but its value is never used
Assets\_Project\Features\Templates\Stealth\Scripts\Gameplay\StealthGameplayManager.cs(956,40): warning CS0414: The field 'NPCPatrolController.waitTime' is assigned but its value is never used
Assets\_Project\Features\Templates\Stealth\Scripts\Mechanics\StealthMechanics.cs(71,40): warning CS0414: The field 'StealthMechanics.alertDecayRate' is assigned but its value is never used
Assets\_Project\Features\Templates\Stealth\Scripts\Events\StealthEventChannels.cs(38,39): warning CS0414: The field 'StealthEventChannels._enableEventBatching' is assigned but its value is never used
Assets\_Project\Features\Templates\Stealth\Scripts\Gameplay\StealthGameplayManager.cs(34,52): warning CS0414: The field 'StealthGameplayManager.difficultyLevel' is assigned but its value is never used
Assets\_Project\Features\Templates\Stealth\Scripts\Settings\StealthLearningSettings.cs(107,39): warning CS0414: The field 'StealthLearningSettings.enableRealTimeHints' is assigned but its value is never used
Assets\_Project\Features\Templates\Stealth\Scripts\Gameplay\StealthGameplayManager.cs(961,22): warning CS0414: The field 'NPCPatrolController.isPatrolling' is assigned but its value is never used
Assets\_Project\Features\Templates\Stealth\Scripts\Settings\StealthLearningSettings.cs(66,39): warning CS0414: The field 'StealthLearningSettings.enableAdaptiveDifficulty' is assigned but its value is never used
Assets\_Project\Features\Templates\Stealth\Scripts\Settings\StealthLearningSettings.cs(108,39): warning CS0414: The field 'StealthLearningSettings.enableInteractiveHighlights' is assigned but its value is never used
AssetDatabase: script compilation time: 1.351725s
'Assets/_Project/Tests/Results/api-fixes-progress-check.txt' Amount of processed bytes '229031' does not match file size '176275'
Scripts have compiler errors.
Exiting without the bug reporter. Application will terminate with return code 1